# JRE version: Java(TM) SE Runtime Environment (8.0_251-b08) (build 1.8.0_251-b08)
# Java VM: Java HotSpot(TM) 64-Bit Server VM (25.251-b08 mixed mode bsd-amd64 compressed oops)
Heap:
 PSYoungGen      total 480256K, used 368716K [0x0000000795580000, 0x00000007b9e80000, 0x00000007c0000000)
  eden space 443904K, 74% used [0x0000000795580000,0x00000007a9a1a840,0x00000007b0700000)
  from space 36352K, 99% used [0x00000007b3a80000,0x00000007b5df8860,0x00000007b5e00000)
  to   space 52736K, 0% used [0x00000007b0700000,0x00000007b0700000,0x00000007b3a80000)
 ParOldGen       total 115712K, used 85198K [0x0000000740000000, 0x0000000747100000, 0x0000000795580000)
  object space 115712K, 73% used [0x0000000740000000,0x0000000745333a18,0x0000000747100000)
 Metaspace       used 28958K, capacity 29285K, committed 29568K, reserved 1077248K
  class space    used 2265K, capacity 2378K, committed 2432K, reserved 1048576K
GC Heap History (10 events):
Event: 61.997 GC heap before
{Heap before GC invocations=17 (full 1):
 PSYoungGen      total 385536K, used 356064K [0x0000000795580000, 0x00000007b1480000, 0x00000007c0000000)
  eden space 355840K, 100% used [0x0000000795580000,0x00000007ab100000,0x00000007ab100000)
  from space 29696K, 0% used [0x00000007ab100000,0x00000007ab138000,0x00000007ace00000)
  to   space 28672K, 0% used [0x00000007af880000,0x00000007af880000,0x00000007b1480000)
 ParOldGen       total 115712K, used 56212K [0x0000000740000000, 0x0000000747100000, 0x0000000795580000)
  object space 115712K, 48% used [0x0000000740000000,0x00000007436e5308,0x0000000747100000)
 Metaspace       used 28205K, capacity 28539K, committed 28800K, reserved 1075200K
  class space    used 2234K, capacity 2343K, committed 2432K, reserved 1048576K
Event: 62.008 GC heap after
Heap after GC invocations=17 (full 1):
 PSYoungGen      total 413696K, used 2752K [0x0000000795580000, 0x00000007b0b80000, 0x00000007c0000000)
  eden space 394240K, 0% used [0x0000000795580000,0x0000000795580000,0x00000007ad680000)
  from space 19456K, 14% used [0x00000007af880000,0x00000007afb30090,0x00000007b0b80000)
  to   space 27136K, 0% used [0x00000007ad680000,0x00000007ad680000,0x00000007af100000)
 ParOldGen       total 115712K, used 56220K [0x0000000740000000, 0x0000000747100000, 0x0000000795580000)
  object space 115712K, 48% used [0x0000000740000000,0x00000007436e7308,0x0000000747100000)
 Metaspace       used 28205K, capacity 28539K, committed 28800K, reserved 1075200K
  class space    used 2234K, capacity 2343K, committed 2432K, reserved 1048576K
}
Event: 68.140 GC heap before
{Heap before GC invocations=18 (full 1):
 PSYoungGen      total 413696K, used 396992K [0x0000000795580000, 0x00000007b0b80000, 0x00000007c0000000)
  eden space 394240K, 100% used [0x0000000795580000,0x00000007ad680000,0x00000007ad680000)
  from space 19456K, 14% used [0x00000007af880000,0x00000007afb30090,0x00000007b0b80000)
  to   space 27136K, 0% used [0x00000007ad680000,0x00000007ad680000,0x00000007af100000)
 ParOldGen       total 115712K, used 56220K [0x0000000740000000, 0x0000000747100000, 0x0000000795580000)
  object space 115712K, 48% used [0x0000000740000000,0x00000007436e7308,0x0000000747100000)
 Metaspace       used 28545K, capacity 28923K, committed 29312K, reserved 1077248K
  class space    used 2249K, capacity 2343K, committed 2432K, reserved 1048576K
Event: 68.196 GC heap after
Heap after GC invocations=18 (full 1):
 PSYoungGen      total 421376K, used 16640K [0x0000000795580000, 0x00000007b3300000, 0x00000007c0000000)
  eden space 394240K, 0% used [0x0000000795580000,0x0000000795580000,0x00000007ad680000)
  from space 27136K, 61% used [0x00000007ad680000,0x00000007ae6c03d0,0x00000007af100000)
  to   space 28672K, 0% used [0x00000007b1700000,0x00000007b1700000,0x00000007b3300000)
 ParOldGen       total 115712K, used 56228K [0x0000000740000000, 0x0000000747100000, 0x0000000795580000)
  object space 115712K, 48% used [0x0000000740000000,0x00000007436e9308,0x0000000747100000)
 Metaspace       used 28545K, capacity 28923K, committed 29312K, reserved 1077248K
  class space    used 2249K, capacity 2343K, committed 2432K, reserved 1048576K
}
Event: 77.612 GC heap before
{Heap before GC invocations=19 (full 1):
 PSYoungGen      total 421376K, used 410880K [0x0000000795580000, 0x00000007b3300000, 0x00000007c0000000)
  eden space 394240K, 100% used [0x0000000795580000,0x00000007ad680000,0x00000007ad680000)
  from space 27136K, 61% used [0x00000007ad680000,0x00000007ae6c03d0,0x00000007af100000)
  to   space 28672K, 0% used [0x00000007b1700000,0x00000007b1700000,0x00000007b3300000)
 ParOldGen       total 115712K, used 56228K [0x0000000740000000, 0x0000000747100000, 0x0000000795580000)
  object space 115712K, 48% used [0x0000000740000000,0x00000007436e9308,0x0000000747100000)
 Metaspace       used 28554K, capacity 28923K, committed 29312K, reserved 1077248K
  class space    used 2249K, capacity 2343K, committed 2432K, reserved 1048576K
Event: 77.626 GC heap after
Heap after GC invocations=19 (full 1):
 PSYoungGen      total 452096K, used 16704K [0x0000000795580000, 0x00000007b3080000, 0x00000007c0000000)
  eden space 425984K, 0% used [0x0000000795580000,0x0000000795580000,0x00000007af580000)
  from space 26112K, 63% used [0x00000007b1700000,0x00000007b27503d0,0x00000007b3080000)
  to   space 30208K, 0% used [0x00000007af580000,0x00000007af580000,0x00000007b1300000)
 ParOldGen       total 115712K, used 56236K [0x0000000740000000, 0x0000000747100000, 0x0000000795580000)
  object space 115712K, 48% used [0x0000000740000000,0x00000007436eb308,0x0000000747100000)
 Metaspace       used 28554K, capacity 28923K, committed 29312K, reserved 1077248K
  class space    used 2249K, capacity 2343K, committed 2432K, reserved 1048576K
}
Event: 83.781 GC heap before
{Heap before GC invocations=20 (full 1):
 PSYoungGen      total 452096K, used 442688K [0x0000000795580000, 0x00000007b3080000, 0x00000007c0000000)
  eden space 425984K, 100% used [0x0000000795580000,0x00000007af580000,0x00000007af580000)
  from space 26112K, 63% used [0x00000007b1700000,0x00000007b27503d0,0x00000007b3080000)
  to   space 30208K, 0% used [0x00000007af580000,0x00000007af580000,0x00000007b1300000)
 ParOldGen       total 115712K, used 56236K [0x0000000740000000, 0x0000000747100000, 0x0000000795580000)
  object space 115712K, 48% used [0x0000000740000000,0x00000007436eb308,0x0000000747100000)
 Metaspace       used 28711K, capacity 29051K, committed 29312K, reserved 1077248K
  class space    used 2250K, capacity 2343K, committed 2432K, reserved 1048576K
Event: 83.805 GC heap after
Heap after GC invocations=20 (full 1):
 PSYoungGen      total 456192K, used 30113K [0x0000000795580000, 0x00000007b5e00000, 0x00000007c0000000)
  eden space 425984K, 0% used [0x0000000795580000,0x0000000795580000,0x00000007af580000)
  from space 30208K, 99% used [0x00000007af580000,0x00000007b12e8700,0x00000007b1300000)
  to   space 36352K, 0% used [0x00000007b3a80000,0x00000007b3a80000,0x00000007b5e00000)
 ParOldGen       total 115712K, used 59564K [0x0000000740000000, 0x0000000747100000, 0x0000000795580000)
  object space 115712K, 51% used [0x0000000740000000,0x0000000743a2b3d8,0x0000000747100000)
 Metaspace       used 28711K, capacity 29051K, committed 29312K, reserved 1077248K
  class space    used 2250K, capacity 2343K, committed 2432K, reserved 1048576K
}
Event: 87.119 GC heap before
{Heap before GC invocations=21 (full 1):
 PSYoungGen      total 456192K, used 456097K [0x0000000795580000, 0x00000007b5e00000, 0x00000007c0000000)
  eden space 425984K, 100% used [0x0000000795580000,0x00000007af580000,0x00000007af580000)
  from space 30208K, 99% used [0x00000007af580000,0x00000007b12e8700,0x00000007b1300000)
  to   space 36352K, 0% used [0x00000007b3a80000,0x00000007b3a80000,0x00000007b5e00000)
 ParOldGen       total 115712K, used 59564K [0x0000000740000000, 0x0000000747100000, 0x0000000795580000)
  object space 115712K, 51% used [0x0000000740000000,0x0000000743a2b3d8,0x0000000747100000)
 Metaspace       used 28855K, capacity 29185K, committed 29568K, reserved 1077248K
  class space    used 2250K, capacity 2344K, committed 2432K, reserved 1048576K
Event: 87.219 GC heap after
Heap after GC invocations=21 (full 1):
 PSYoungGen      total 480256K, used 36322K [0x0000000795580000, 0x00000007b9e80000, 0x00000007c0000000)
  eden space 443904K, 0% used [0x0000000795580000,0x0000000795580000,0x00000007b0700000)
  from space 36352K, 99% used [0x00000007b3a80000,0x00000007b5df8860,0x00000007b5e00000)
  to   space 52736K, 0% used [0x00000007b0700000,0x00000007b0700000,0x00000007b3a80000)
 ParOldGen       total 115712K, used 85198K [0x0000000740000000, 0x0000000747100000, 0x0000000795580000)
  object space 115712K, 73% used [0x0000000740000000,0x0000000745333a18,0x0000000747100000)
 Metaspace       used 28855K, capacity 29185K, committed 29568K, reserved 1077248K
  class space    used 2250K, capacity 2344K, committed 2432K, reserved 1048576K
}

