# JRE version: Java(TM) SE Runtime Environment (8.0_251-b08) (build 1.8.0_251-b08)
# Java VM: Java HotSpot(TM) 64-Bit Server VM (25.251-b08 mixed mode bsd-amd64 compressed oops)
Heap:
 PSYoungGen      total 232960K, used 138207K [0x0000000795580000, 0x00000007aa380000, 0x00000007c0000000)
  eden space 192000K, 64% used [0x0000000795580000,0x000000079ce5d070,0x00000007a1100000)
  from space 40960K, 35% used [0x00000007a1100000,0x00000007a1f1ac38,0x00000007a3900000)
  to   space 40448K, 0% used [0x00000007a7c00000,0x00000007a7c00000,0x00000007aa380000)
 ParOldGen       total 127488K, used 59078K [0x0000000740000000, 0x0000000747c80000, 0x0000000795580000)
  object space 127488K, 46% used [0x0000000740000000,0x00000007439b1ba8,0x0000000747c80000)
 Metaspace       used 27952K, capacity 28291K, committed 28544K, reserved 1075200K
  class space    used 2242K, capacity 2345K, committed 2432K, reserved 1048576K
GC Heap History (10 events):
Event: 9.261 GC heap before
{Heap before GC invocations=6 (full 1):
 PSYoungGen      total 71680K, used 5092K [0x0000000795580000, 0x00000007a3480000, 0x00000007c0000000)
  eden space 66560K, 0% used [0x0000000795580000,0x0000000795580000,0x0000000799680000)
  from space 5120K, 99% used [0x0000000799680000,0x0000000799b792d8,0x0000000799b80000)
  to   space 47616K, 0% used [0x00000007a0600000,0x00000007a0600000,0x00000007a3480000)
 ParOldGen       total 87552K, used 79194K [0x0000000740000000, 0x0000000745580000, 0x0000000795580000)
  object space 87552K, 90% used [0x0000000740000000,0x0000000744d56bb8,0x0000000745580000)
 Metaspace       used 19758K, capacity 20081K, committed 20352K, reserved 1067008K
  class space    used 2007K, capacity 2117K, committed 2176K, reserved 1048576K
Event: 9.415 GC heap after
Heap after GC invocations=6 (full 1):
 PSYoungGen      total 71680K, used 0K [0x0000000795580000, 0x00000007a3480000, 0x00000007c0000000)
  eden space 66560K, 0% used [0x0000000795580000,0x0000000795580000,0x0000000799680000)
  from space 5120K, 0% used [0x0000000799680000,0x0000000799680000,0x0000000799b80000)
  to   space 47616K, 0% used [0x00000007a0600000,0x00000007a0600000,0x00000007a3480000)
 ParOldGen       total 127488K, used 42946K [0x0000000740000000, 0x0000000747c80000, 0x0000000795580000)
  object space 127488K, 33% used [0x0000000740000000,0x00000007429f0808,0x0000000747c80000)
 Metaspace       used 19758K, capacity 20081K, committed 20352K, reserved 1067008K
  class space    used 2007K, capacity 2117K, committed 2176K, reserved 1048576K
}
Event: 9.779 GC heap before
{Heap before GC invocations=7 (full 1):
 PSYoungGen      total 71680K, used 64442K [0x0000000795580000, 0x00000007a3480000, 0x00000007c0000000)
  eden space 66560K, 96% used [0x0000000795580000,0x000000079946ebb8,0x0000000799680000)
  from space 5120K, 0% used [0x0000000799680000,0x0000000799680000,0x0000000799b80000)
  to   space 47616K, 0% used [0x00000007a0600000,0x00000007a0600000,0x00000007a3480000)
 ParOldGen       total 127488K, used 42946K [0x0000000740000000, 0x0000000747c80000, 0x0000000795580000)
  object space 127488K, 33% used [0x0000000740000000,0x00000007429f0808,0x0000000747c80000)
 Metaspace       used 20221K, capacity 20561K, committed 20608K, reserved 1067008K
  class space    used 2048K, capacity 2149K, committed 2176K, reserved 1048576K
Event: 9.795 GC heap after
Heap after GC invocations=7 (full 1):
 PSYoungGen      total 136192K, used 21852K [0x0000000795580000, 0x00000007a1b80000, 0x00000007c0000000)
  eden space 114176K, 0% used [0x0000000795580000,0x0000000795580000,0x000000079c500000)
  from space 22016K, 99% used [0x00000007a0600000,0x00000007a1b57030,0x00000007a1b80000)
  to   space 43520K, 0% used [0x000000079c680000,0x000000079c680000,0x000000079f100000)
 ParOldGen       total 127488K, used 42954K [0x0000000740000000, 0x0000000747c80000, 0x0000000795580000)
  object space 127488K, 33% used [0x0000000740000000,0x00000007429f2808,0x0000000747c80000)
 Metaspace       used 20221K, capacity 20561K, committed 20608K, reserved 1067008K
  class space    used 2048K, capacity 2149K, committed 2176K, reserved 1048576K
}
Event: 10.380 GC heap before
{Heap before GC invocations=8 (full 1):
 PSYoungGen      total 136192K, used 136028K [0x0000000795580000, 0x00000007a1b80000, 0x00000007c0000000)
  eden space 114176K, 100% used [0x0000000795580000,0x000000079c500000,0x000000079c500000)
  from space 22016K, 99% used [0x00000007a0600000,0x00000007a1b57030,0x00000007a1b80000)
  to   space 43520K, 0% used [0x000000079c680000,0x000000079c680000,0x000000079f100000)
 ParOldGen       total 127488K, used 42954K [0x0000000740000000, 0x0000000747c80000, 0x0000000795580000)
  object space 127488K, 33% used [0x0000000740000000,0x00000007429f2808,0x0000000747c80000)
 Metaspace       used 25616K, capacity 25996K, committed 26368K, reserved 1073152K
  class space    used 2083K, capacity 2182K, committed 2304K, reserved 1048576K
Event: 10.393 GC heap after
Heap after GC invocations=8 (full 1):
 PSYoungGen      total 159232K, used 21017K [0x0000000795580000, 0x00000007a6100000, 0x00000007c0000000)
  eden space 115712K, 0% used [0x0000000795580000,0x0000000795580000,0x000000079c680000)
  from space 43520K, 48% used [0x000000079c680000,0x000000079db065e0,0x000000079f100000)
  to   space 40448K, 0% used [0x00000007a3980000,0x00000007a3980000,0x00000007a6100000)
 ParOldGen       total 127488K, used 42962K [0x0000000740000000, 0x0000000747c80000, 0x0000000795580000)
  object space 127488K, 33% used [0x0000000740000000,0x00000007429f4808,0x0000000747c80000)
 Metaspace       used 25616K, capacity 25996K, committed 26368K, reserved 1073152K
  class space    used 2083K, capacity 2182K, committed 2304K, reserved 1048576K
}
Event: 11.337 GC heap before
{Heap before GC invocations=9 (full 1):
 PSYoungGen      total 159232K, used 136729K [0x0000000795580000, 0x00000007a6100000, 0x00000007c0000000)
  eden space 115712K, 100% used [0x0000000795580000,0x000000079c680000,0x000000079c680000)
  from space 43520K, 48% used [0x000000079c680000,0x000000079db065e0,0x000000079f100000)
  to   space 40448K, 0% used [0x00000007a3980000,0x00000007a3980000,0x00000007a6100000)
 ParOldGen       total 127488K, used 42962K [0x0000000740000000, 0x0000000747c80000, 0x0000000795580000)
  object space 127488K, 33% used [0x0000000740000000,0x00000007429f4808,0x0000000747c80000)
 Metaspace       used 27011K, capacity 27408K, committed 27776K, reserved 1075200K
  class space    used 2206K, capacity 2342K, committed 2432K, reserved 1048576K
Event: 11.354 GC heap after
Heap after GC invocations=9 (full 1):
 PSYoungGen      total 232448K, used 27438K [0x0000000795580000, 0x00000007a6100000, 0x00000007c0000000)
  eden space 192000K, 0% used [0x0000000795580000,0x0000000795580000,0x00000007a1100000)
  from space 40448K, 67% used [0x00000007a3980000,0x00000007a544baa0,0x00000007a6100000)
  to   space 40960K, 0% used [0x00000007a1100000,0x00000007a1100000,0x00000007a3900000)
 ParOldGen       total 127488K, used 42970K [0x0000000740000000, 0x0000000747c80000, 0x0000000795580000)
  object space 127488K, 33% used [0x0000000740000000,0x00000007429f6808,0x0000000747c80000)
 Metaspace       used 27011K, capacity 27408K, committed 27776K, reserved 1075200K
  class space    used 2206K, capacity 2342K, committed 2432K, reserved 1048576K
}
Event: 16.490 GC heap before
{Heap before GC invocations=10 (full 1):
 PSYoungGen      total 232448K, used 219438K [0x0000000795580000, 0x00000007a6100000, 0x00000007c0000000)
  eden space 192000K, 100% used [0x0000000795580000,0x00000007a1100000,0x00000007a1100000)
  from space 40448K, 67% used [0x00000007a3980000,0x00000007a544baa0,0x00000007a6100000)
  to   space 40960K, 0% used [0x00000007a1100000,0x00000007a1100000,0x00000007a3900000)
 ParOldGen       total 127488K, used 42970K [0x0000000740000000, 0x0000000747c80000, 0x0000000795580000)
  object space 127488K, 33% used [0x0000000740000000,0x00000007429f6808,0x0000000747c80000)
 Metaspace       used 27523K, capacity 27839K, committed 28032K, reserved 1075200K
  class space    used 2206K, capacity 2343K, committed 2432K, reserved 1048576K
Event: 16.505 GC heap after
Heap after GC invocations=10 (full 1):
 PSYoungGen      total 232960K, used 14443K [0x0000000795580000, 0x00000007aa380000, 0x00000007c0000000)
  eden space 192000K, 0% used [0x0000000795580000,0x0000000795580000,0x00000007a1100000)
  from space 40960K, 35% used [0x00000007a1100000,0x00000007a1f1ac38,0x00000007a3900000)
  to   space 40448K, 0% used [0x00000007a7c00000,0x00000007a7c00000,0x00000007aa380000)
 ParOldGen       total 127488K, used 59078K [0x0000000740000000, 0x0000000747c80000, 0x0000000795580000)
  object space 127488K, 46% used [0x0000000740000000,0x00000007439b1ba8,0x0000000747c80000)
 Metaspace       used 27523K, capacity 27839K, committed 28032K, reserved 1075200K
  class space    used 2206K, capacity 2343K, committed 2432K, reserved 1048576K
}

