# JRE version: Java(TM) SE Runtime Environment (8.0_251-b08) (build 1.8.0_251-b08)
# Java VM: Java HotSpot(TM) 64-Bit Server VM (25.251-b08 mixed mode bsd-amd64 compressed oops)
Heap:
 PSYoungGen      total 39424K, used 29593K [0x0000000795580000, 0x0000000799280000, 0x00000007c0000000)
  eden space 17920K, 75% used [0x0000000795580000,0x00000007962ae0a8,0x0000000796700000)
  from space 21504K, 74% used [0x0000000797c80000,0x0000000798c383e0,0x0000000799180000)
  to   space 22016K, 0% used [0x0000000796700000,0x0000000796700000,0x0000000797c80000)
 ParOldGen       total 90112K, used 65180K [0x0000000740000000, 0x0000000745800000, 0x0000000795580000)
  object space 90112K, 72% used [0x0000000740000000,0x0000000743fa7198,0x0000000745800000)
 Metaspace       used 25731K, capacity 26171K, committed 26496K, reserved 1073152K
  class space    used 2521K, capacity 2656K, committed 2688K, reserved 1048576K
GC Heap History (10 events):
Event: 758.246 GC heap before
{Heap before GC invocations=208 (full 2):
 PSYoungGen      total 39424K, used 31632K [0x0000000795580000, 0x0000000799000000, 0x00000007c0000000)
  eden space 18944K, 100% used [0x0000000795580000,0x0000000796800000,0x0000000796800000)
  from space 20480K, 61% used [0x0000000796800000,0x0000000797464380,0x0000000797c00000)
  to   space 20480K, 0% used [0x0000000797c00000,0x0000000797c00000,0x0000000799000000)
 ParOldGen       total 90112K, used 60420K [0x0000000740000000, 0x0000000745800000, 0x0000000795580000)
  object space 90112K, 67% used [0x0000000740000000,0x0000000743b01078,0x0000000745800000)
 Metaspace       used 25640K, capacity 26007K, committed 26240K, reserved 1073152K
  class space    used 2507K, capacity 2622K, committed 2688K, reserved 1048576K
Event: 758.253 GC heap after
Heap after GC invocations=208 (full 2):
 PSYoungGen      total 39424K, used 13584K [0x0000000795580000, 0x0000000799000000, 0x00000007c0000000)
  eden space 18944K, 0% used [0x0000000795580000,0x0000000795580000,0x0000000796800000)
  from space 20480K, 66% used [0x0000000797c00000,0x00000007989443d0,0x0000000799000000)
  to   space 20480K, 0% used [0x0000000796800000,0x0000000796800000,0x0000000797c00000)
 ParOldGen       total 90112K, used 61724K [0x0000000740000000, 0x0000000745800000, 0x0000000795580000)
  object space 90112K, 68% used [0x0000000740000000,0x0000000743c470c8,0x0000000745800000)
 Metaspace       used 25640K, capacity 26007K, committed 26240K, reserved 1073152K
  class space    used 2507K, capacity 2622K, committed 2688K, reserved 1048576K
}
Event: 759.246 GC heap before
{Heap before GC invocations=209 (full 2):
 PSYoungGen      total 39424K, used 32528K [0x0000000795580000, 0x0000000799000000, 0x00000007c0000000)
  eden space 18944K, 100% used [0x0000000795580000,0x0000000796800000,0x0000000796800000)
  from space 20480K, 66% used [0x0000000797c00000,0x00000007989443d0,0x0000000799000000)
  to   space 20480K, 0% used [0x0000000796800000,0x0000000796800000,0x0000000797c00000)
 ParOldGen       total 90112K, used 61724K [0x0000000740000000, 0x0000000745800000, 0x0000000795580000)
  object space 90112K, 68% used [0x0000000740000000,0x0000000743c470c8,0x0000000745800000)
 Metaspace       used 25646K, capacity 26007K, committed 26240K, reserved 1073152K
  class space    used 2507K, capacity 2622K, committed 2688K, reserved 1048576K
Event: 759.250 GC heap after
Heap after GC invocations=209 (full 2):
 PSYoungGen      total 39424K, used 14625K [0x0000000795580000, 0x0000000799000000, 0x00000007c0000000)
  eden space 18944K, 0% used [0x0000000795580000,0x0000000795580000,0x0000000796800000)
  from space 20480K, 71% used [0x0000000796800000,0x0000000797648420,0x0000000797c00000)
  to   space 20480K, 0% used [0x0000000797c00000,0x0000000797c00000,0x0000000799000000)
 ParOldGen       total 90112K, used 63044K [0x0000000740000000, 0x0000000745800000, 0x0000000795580000)
  object space 90112K, 69% used [0x0000000740000000,0x0000000743d91118,0x0000000745800000)
 Metaspace       used 25646K, capacity 26007K, committed 26240K, reserved 1073152K
  class space    used 2507K, capacity 2622K, committed 2688K, reserved 1048576K
}
Event: 760.517 GC heap before
{Heap before GC invocations=210 (full 2):
 PSYoungGen      total 39424K, used 33569K [0x0000000795580000, 0x0000000799000000, 0x00000007c0000000)
  eden space 18944K, 100% used [0x0000000795580000,0x0000000796800000,0x0000000796800000)
  from space 20480K, 71% used [0x0000000796800000,0x0000000797648420,0x0000000797c00000)
  to   space 20480K, 0% used [0x0000000797c00000,0x0000000797c00000,0x0000000799000000)
 ParOldGen       total 90112K, used 63044K [0x0000000740000000, 0x0000000745800000, 0x0000000795580000)
  object space 90112K, 69% used [0x0000000740000000,0x0000000743d91118,0x0000000745800000)
 Metaspace       used 25650K, capacity 26007K, committed 26240K, reserved 1073152K
  class space    used 2507K, capacity 2622K, committed 2688K, reserved 1048576K
Event: 760.525 GC heap after
Heap after GC invocations=210 (full 2):
 PSYoungGen      total 38912K, used 14625K [0x0000000795580000, 0x0000000799100000, 0x00000007c0000000)
  eden space 18432K, 0% used [0x0000000795580000,0x0000000795580000,0x0000000796780000)
  from space 20480K, 71% used [0x0000000797c00000,0x0000000798a48420,0x0000000799000000)
  to   space 20992K, 0% used [0x0000000796780000,0x0000000796780000,0x0000000797c00000)
 ParOldGen       total 90112K, used 65124K [0x0000000740000000, 0x0000000745800000, 0x0000000795580000)
  object space 90112K, 72% used [0x0000000740000000,0x0000000743f99198,0x0000000745800000)
 Metaspace       used 25650K, capacity 26007K, committed 26240K, reserved 1073152K
  class space    used 2507K, capacity 2622K, committed 2688K, reserved 1048576K
}
Event: 763.011 GC heap before
{Heap before GC invocations=211 (full 2):
 PSYoungGen      total 38912K, used 33057K [0x0000000795580000, 0x0000000799100000, 0x00000007c0000000)
  eden space 18432K, 100% used [0x0000000795580000,0x0000000796780000,0x0000000796780000)
  from space 20480K, 71% used [0x0000000797c00000,0x0000000798a48420,0x0000000799000000)
  to   space 20992K, 0% used [0x0000000796780000,0x0000000796780000,0x0000000797c00000)
 ParOldGen       total 90112K, used 65124K [0x0000000740000000, 0x0000000745800000, 0x0000000795580000)
  object space 90112K, 72% used [0x0000000740000000,0x0000000743f99198,0x0000000745800000)
 Metaspace       used 25656K, capacity 26071K, committed 26496K, reserved 1073152K
  class space    used 2507K, capacity 2622K, committed 2688K, reserved 1048576K
Event: 763.017 GC heap after
Heap after GC invocations=211 (full 2):
 PSYoungGen      total 39424K, used 16657K [0x0000000795580000, 0x0000000799180000, 0x00000007c0000000)
  eden space 18432K, 0% used [0x0000000795580000,0x0000000795580000,0x0000000796780000)
  from space 20992K, 79% used [0x0000000796780000,0x00000007977c4490,0x0000000797c00000)
  to   space 21504K, 0% used [0x0000000797c80000,0x0000000797c80000,0x0000000799180000)
 ParOldGen       total 90112K, used 65164K [0x0000000740000000, 0x0000000745800000, 0x0000000795580000)
  object space 90112K, 72% used [0x0000000740000000,0x0000000743fa3198,0x0000000745800000)
 Metaspace       used 25656K, capacity 26071K, committed 26496K, reserved 1073152K
  class space    used 2507K, capacity 2622K, committed 2688K, reserved 1048576K
}
Event: 768.429 GC heap before
{Heap before GC invocations=212 (full 2):
 PSYoungGen      total 39424K, used 35089K [0x0000000795580000, 0x0000000799180000, 0x00000007c0000000)
  eden space 18432K, 100% used [0x0000000795580000,0x0000000796780000,0x0000000796780000)
  from space 20992K, 79% used [0x0000000796780000,0x00000007977c4490,0x0000000797c00000)
  to   space 21504K, 0% used [0x0000000797c80000,0x0000000797c80000,0x0000000799180000)
 ParOldGen       total 90112K, used 65164K [0x0000000740000000, 0x0000000745800000, 0x0000000795580000)
  object space 90112K, 72% used [0x0000000740000000,0x0000000743fa3198,0x0000000745800000)
 Metaspace       used 25662K, capacity 26071K, committed 26496K, reserved 1073152K
  class space    used 2507K, capacity 2622K, committed 2688K, reserved 1048576K
Event: 768.436 GC heap after
Heap after GC invocations=212 (full 2):
 PSYoungGen      total 39424K, used 16096K [0x0000000795580000, 0x0000000799280000, 0x00000007c0000000)
  eden space 17920K, 0% used [0x0000000795580000,0x0000000795580000,0x0000000796700000)
  from space 21504K, 74% used [0x0000000797c80000,0x0000000798c383e0,0x0000000799180000)
  to   space 22016K, 0% used [0x0000000796700000,0x0000000796700000,0x0000000797c80000)
 ParOldGen       total 90112K, used 65180K [0x0000000740000000, 0x0000000745800000, 0x0000000795580000)
  object space 90112K, 72% used [0x0000000740000000,0x0000000743fa7198,0x0000000745800000)
 Metaspace       used 25662K, capacity 26071K, committed 26496K, reserved 1073152K
  class space    used 2507K, capacity 2622K, committed 2688K, reserved 1048576K
}

