# JRE version: Java(TM) SE Runtime Environment (8.0_251-b08) (build 1.8.0_251-b08)
# Java VM: Java HotSpot(TM) 64-Bit Server VM (25.251-b08 mixed mode bsd-amd64 compressed oops)
Heap:
 PSYoungGen      total 50176K, used 16277K [0x0000000795580000, 0x0000000799a00000, 0x00000007c0000000)
  eden space 37376K, 9% used [0x0000000795580000,0x00000007958e9160,0x0000000797a00000)
  from space 12800K, 99% used [0x0000000798900000,0x000000079957c360,0x0000000799580000)
  to   space 15360K, 0% used [0x0000000797a00000,0x0000000797a00000,0x0000000798900000)
 ParOldGen       total 65024K, used 20972K [0x0000000740000000, 0x0000000743f80000, 0x0000000795580000)
  object space 65024K, 32% used [0x0000000740000000,0x000000074147b220,0x0000000743f80000)
 Metaspace       used 25145K, capacity 25569K, committed 26032K, reserved 1073152K
  class space    used 2493K, capacity 2631K, committed 2736K, reserved 1048576K
GC Heap History (10 events):
Event: 76.614 GC heap before
{Heap before GC invocations=11 (full 1):
 PSYoungGen      total 47104K, used 47008K [0x0000000795580000, 0x0000000799380000, 0x00000007c0000000)
  eden space 41984K, 100% used [0x0000000795580000,0x0000000797e80000,0x0000000797e80000)
  from space 5120K, 98% used [0x0000000797f00000,0x00000007983e8160,0x0000000798400000)
  to   space 10752K, 0% used [0x0000000798900000,0x0000000798900000,0x0000000799380000)
 ParOldGen       total 65024K, used 16372K [0x0000000740000000, 0x0000000743f80000, 0x0000000795580000)
  object space 65024K, 25% used [0x0000000740000000,0x0000000740ffd0c0,0x0000000743f80000)
 Metaspace       used 24832K, capacity 25207K, committed 25392K, reserved 1073152K
  class space    used 2476K, capacity 2596K, committed 2608K, reserved 1048576K
Event: 76.618 GC heap after
Heap after GC invocations=11 (full 1):
 PSYoungGen      total 51712K, used 5024K [0x0000000795580000, 0x0000000799300000, 0x00000007c0000000)
  eden space 41472K, 0% used [0x0000000795580000,0x0000000795580000,0x0000000797e00000)
  from space 10240K, 49% used [0x0000000798900000,0x0000000798de8160,0x0000000799300000)
  to   space 10752K, 0% used [0x0000000797e00000,0x0000000797e00000,0x0000000798880000)
 ParOldGen       total 65024K, used 16372K [0x0000000740000000, 0x0000000743f80000, 0x0000000795580000)
  object space 65024K, 25% used [0x0000000740000000,0x0000000740ffd0c0,0x0000000743f80000)
 Metaspace       used 24832K, capacity 25207K, committed 25392K, reserved 1073152K
  class space    used 2476K, capacity 2596K, committed 2608K, reserved 1048576K
}
Event: 85.111 GC heap before
{Heap before GC invocations=12 (full 1):
 PSYoungGen      total 51712K, used 46496K [0x0000000795580000, 0x0000000799300000, 0x00000007c0000000)
  eden space 41472K, 100% used [0x0000000795580000,0x0000000797e00000,0x0000000797e00000)
  from space 10240K, 49% used [0x0000000798900000,0x0000000798de8160,0x0000000799300000)
  to   space 10752K, 0% used [0x0000000797e00000,0x0000000797e00000,0x0000000798880000)
 ParOldGen       total 65024K, used 16372K [0x0000000740000000, 0x0000000743f80000, 0x0000000795580000)
  object space 65024K, 25% used [0x0000000740000000,0x0000000740ffd0c0,0x0000000743f80000)
 Metaspace       used 24976K, capacity 25431K, committed 25776K, reserved 1073152K
  class space    used 2478K, capacity 2628K, committed 2736K, reserved 1048576K
Event: 85.115 GC heap after
Heap after GC invocations=12 (full 1):
 PSYoungGen      total 47616K, used 6144K [0x0000000795580000, 0x0000000799180000, 0x00000007c0000000)
  eden space 40960K, 0% used [0x0000000795580000,0x0000000795580000,0x0000000797d80000)
  from space 6656K, 92% used [0x0000000797e00000,0x00000007984001a0,0x0000000798480000)
  to   space 10240K, 0% used [0x0000000798780000,0x0000000798780000,0x0000000799180000)
 ParOldGen       total 65024K, used 16372K [0x0000000740000000, 0x0000000743f80000, 0x0000000795580000)
  object space 65024K, 25% used [0x0000000740000000,0x0000000740ffd0c0,0x0000000743f80000)
 Metaspace       used 24976K, capacity 25431K, committed 25776K, reserved 1073152K
  class space    used 2478K, capacity 2628K, committed 2736K, reserved 1048576K
}
Event: 86.126 GC heap before
{Heap before GC invocations=13 (full 1):
 PSYoungGen      total 47616K, used 47104K [0x0000000795580000, 0x0000000799180000, 0x00000007c0000000)
  eden space 40960K, 100% used [0x0000000795580000,0x0000000797d80000,0x0000000797d80000)
  from space 6656K, 92% used [0x0000000797e00000,0x00000007984001a0,0x0000000798480000)
  to   space 10240K, 0% used [0x0000000798780000,0x0000000798780000,0x0000000799180000)
 ParOldGen       total 65024K, used 16372K [0x0000000740000000, 0x0000000743f80000, 0x0000000795580000)
  object space 65024K, 25% used [0x0000000740000000,0x0000000740ffd0c0,0x0000000743f80000)
 Metaspace       used 25002K, capacity 25495K, committed 25776K, reserved 1073152K
  class space    used 2478K, capacity 2628K, committed 2736K, reserved 1048576K
Event: 86.129 GC heap after
Heap after GC invocations=13 (full 1):
 PSYoungGen      total 50688K, used 8384K [0x0000000795580000, 0x0000000799200000, 0x00000007c0000000)
  eden space 40448K, 0% used [0x0000000795580000,0x0000000795580000,0x0000000797d00000)
  from space 10240K, 81% used [0x0000000798780000,0x0000000798fb0260,0x0000000799180000)
  to   space 10752K, 0% used [0x0000000797d00000,0x0000000797d00000,0x0000000798780000)
 ParOldGen       total 65024K, used 16372K [0x0000000740000000, 0x0000000743f80000, 0x0000000795580000)
  object space 65024K, 25% used [0x0000000740000000,0x0000000740ffd0c0,0x0000000743f80000)
 Metaspace       used 25002K, capacity 25495K, committed 25776K, reserved 1073152K
  class space    used 2478K, capacity 2628K, committed 2736K, reserved 1048576K
}
Event: 88.296 GC heap before
{Heap before GC invocations=14 (full 1):
 PSYoungGen      total 50688K, used 48832K [0x0000000795580000, 0x0000000799200000, 0x00000007c0000000)
  eden space 40448K, 100% used [0x0000000795580000,0x0000000797d00000,0x0000000797d00000)
  from space 10240K, 81% used [0x0000000798780000,0x0000000798fb0260,0x0000000799180000)
  to   space 10752K, 0% used [0x0000000797d00000,0x0000000797d00000,0x0000000798780000)
 ParOldGen       total 65024K, used 16372K [0x0000000740000000, 0x0000000743f80000, 0x0000000795580000)
  object space 65024K, 25% used [0x0000000740000000,0x0000000740ffd0c0,0x0000000743f80000)
 Metaspace       used 25029K, capacity 25495K, committed 25776K, reserved 1073152K
  class space    used 2478K, capacity 2628K, committed 2736K, reserved 1048576K
Event: 88.303 GC heap after
Heap after GC invocations=14 (full 1):
 PSYoungGen      total 50688K, used 10720K [0x0000000795580000, 0x0000000799580000, 0x00000007c0000000)
  eden space 39936K, 0% used [0x0000000795580000,0x0000000795580000,0x0000000797c80000)
  from space 10752K, 99% used [0x0000000797d00000,0x00000007987782f0,0x0000000798780000)
  to   space 12800K, 0% used [0x0000000798900000,0x0000000798900000,0x0000000799580000)
 ParOldGen       total 65024K, used 18332K [0x0000000740000000, 0x0000000743f80000, 0x0000000795580000)
  object space 65024K, 28% used [0x0000000740000000,0x00000007411e7170,0x0000000743f80000)
 Metaspace       used 25029K, capacity 25495K, committed 25776K, reserved 1073152K
  class space    used 2478K, capacity 2628K, committed 2736K, reserved 1048576K
}
Event: 96.741 GC heap before
{Heap before GC invocations=15 (full 1):
 PSYoungGen      total 50688K, used 50656K [0x0000000795580000, 0x0000000799580000, 0x00000007c0000000)
  eden space 39936K, 100% used [0x0000000795580000,0x0000000797c80000,0x0000000797c80000)
  from space 10752K, 99% used [0x0000000797d00000,0x00000007987782f0,0x0000000798780000)
  to   space 12800K, 0% used [0x0000000798900000,0x0000000798900000,0x0000000799580000)
 ParOldGen       total 65024K, used 18332K [0x0000000740000000, 0x0000000743f80000, 0x0000000795580000)
  object space 65024K, 28% used [0x0000000740000000,0x00000007411e7170,0x0000000743f80000)
 Metaspace       used 25076K, capacity 25565K, committed 25776K, reserved 1073152K
  class space    used 2480K, capacity 2629K, committed 2736K, reserved 1048576K
Event: 96.747 GC heap after
Heap after GC invocations=15 (full 1):
 PSYoungGen      total 50176K, used 12784K [0x0000000795580000, 0x0000000799a00000, 0x00000007c0000000)
  eden space 37376K, 0% used [0x0000000795580000,0x0000000795580000,0x0000000797a00000)
  from space 12800K, 99% used [0x0000000798900000,0x000000079957c360,0x0000000799580000)
  to   space 15360K, 0% used [0x0000000797a00000,0x0000000797a00000,0x0000000798900000)
 ParOldGen       total 65024K, used 20972K [0x0000000740000000, 0x0000000743f80000, 0x0000000795580000)
  object space 65024K, 32% used [0x0000000740000000,0x000000074147b220,0x0000000743f80000)
 Metaspace       used 25076K, capacity 25565K, committed 25776K, reserved 1073152K
  class space    used 2480K, capacity 2629K, committed 2736K, reserved 1048576K
}

