# JRE version: Java(TM) SE Runtime Environment (8.0_251-b08) (build 1.8.0_251-b08)
# Java VM: Java HotSpot(TM) 64-Bit Server VM (25.251-b08 mixed mode bsd-amd64 compressed oops)
Heap:
 PSYoungGen      total 280064K, used 79014K [0x0000000795580000, 0x00000007aa280000, 0x00000007c0000000)
  eden space 239616K, 32% used [0x0000000795580000,0x000000079a289a50,0x00000007a3f80000)
  from space 40448K, 0% used [0x00000007a7b00000,0x00000007a7b20000,0x00000007aa280000)
  to   space 50688K, 0% used [0x00000007a3f80000,0x00000007a3f80000,0x00000007a7100000)
 ParOldGen       total 143872K, used 57275K [0x0000000740000000, 0x0000000748c80000, 0x0000000795580000)
  object space 143872K, 39% used [0x0000000740000000,0x00000007437eedd8,0x0000000748c80000)
 Metaspace       used 27915K, capacity 28287K, committed 28544K, reserved 1075200K
  class space    used 2242K, capacity 2345K, committed 2432K, reserved 1048576K
GC Heap History (10 events):
Event: 20.092 GC heap before
{Heap before GC invocations=10 (full 1):
 PSYoungGen      total 156672K, used 155050K [0x0000000795580000, 0x00000007a2880000, 0x00000007c0000000)
  eden space 114176K, 100% used [0x0000000795580000,0x000000079c500000,0x000000079c500000)
  from space 42496K, 96% used [0x000000079f480000,0x00000007a1c6a968,0x00000007a1e00000)
  to   space 48640K, 0% used [0x000000079c500000,0x000000079c500000,0x000000079f480000)
 ParOldGen       total 104960K, used 29743K [0x0000000740000000, 0x0000000746680000, 0x0000000795580000)
  object space 104960K, 28% used [0x0000000740000000,0x0000000741d0bc58,0x0000000746680000)
 Metaspace       used 27344K, capacity 27667K, committed 28032K, reserved 1075200K
  class space    used 2200K, capacity 2309K, committed 2432K, reserved 1048576K
Event: 20.118 GC heap after
Heap after GC invocations=10 (full 1):
 PSYoungGen      total 162816K, used 30212K [0x0000000795580000, 0x00000007a5e80000, 0x00000007c0000000)
  eden space 114176K, 0% used [0x0000000795580000,0x0000000795580000,0x000000079c500000)
  from space 48640K, 62% used [0x000000079c500000,0x000000079e281258,0x000000079f480000)
  to   space 49152K, 0% used [0x00000007a2e80000,0x00000007a2e80000,0x00000007a5e80000)
 ParOldGen       total 104960K, used 43332K [0x0000000740000000, 0x0000000746680000, 0x0000000795580000)
  object space 104960K, 41% used [0x0000000740000000,0x0000000742a513f8,0x0000000746680000)
 Metaspace       used 27344K, capacity 27667K, committed 28032K, reserved 1075200K
  class space    used 2200K, capacity 2309K, committed 2432K, reserved 1048576K
}
Event: 24.632 GC heap before
{Heap before GC invocations=11 (full 1):
 PSYoungGen      total 162816K, used 144388K [0x0000000795580000, 0x00000007a5e80000, 0x00000007c0000000)
  eden space 114176K, 100% used [0x0000000795580000,0x000000079c500000,0x000000079c500000)
  from space 48640K, 62% used [0x000000079c500000,0x000000079e281258,0x000000079f480000)
  to   space 49152K, 0% used [0x00000007a2e80000,0x00000007a2e80000,0x00000007a5e80000)
 ParOldGen       total 104960K, used 43332K [0x0000000740000000, 0x0000000746680000, 0x0000000795580000)
  object space 104960K, 41% used [0x0000000740000000,0x0000000742a513f8,0x0000000746680000)
 Metaspace       used 27423K, capacity 27795K, committed 28032K, reserved 1075200K
  class space    used 2200K, capacity 2309K, committed 2432K, reserved 1048576K
Event: 24.654 GC heap after
Heap after GC invocations=11 (full 1):
 PSYoungGen      total 218112K, used 4256K [0x0000000795580000, 0x00000007a5d00000, 0x00000007c0000000)
  eden space 170496K, 0% used [0x0000000795580000,0x0000000795580000,0x000000079fc00000)
  from space 47616K, 8% used [0x00000007a2e80000,0x00000007a32a80f0,0x00000007a5d00000)
  to   space 49664K, 0% used [0x000000079fc00000,0x000000079fc00000,0x00000007a2c80000)
 ParOldGen       total 104960K, used 68938K [0x0000000740000000, 0x0000000746680000, 0x0000000795580000)
  object space 104960K, 65% used [0x0000000740000000,0x0000000744352b90,0x0000000746680000)
 Metaspace       used 27423K, capacity 27795K, committed 28032K, reserved 1075200K
  class space    used 2200K, capacity 2309K, committed 2432K, reserved 1048576K
}
Event: 28.122 GC heap before
{Heap before GC invocations=12 (full 1):
 PSYoungGen      total 218112K, used 174752K [0x0000000795580000, 0x00000007a5d00000, 0x00000007c0000000)
  eden space 170496K, 100% used [0x0000000795580000,0x000000079fc00000,0x000000079fc00000)
  from space 47616K, 8% used [0x00000007a2e80000,0x00000007a32a80f0,0x00000007a5d00000)
  to   space 49664K, 0% used [0x000000079fc00000,0x000000079fc00000,0x00000007a2c80000)
 ParOldGen       total 104960K, used 68938K [0x0000000740000000, 0x0000000746680000, 0x0000000795580000)
  object space 104960K, 65% used [0x0000000740000000,0x0000000744352b90,0x0000000746680000)
 Metaspace       used 27762K, capacity 28089K, committed 28288K, reserved 1075200K
  class space    used 2227K, capacity 2342K, committed 2432K, reserved 1048576K
Event: 28.131 GC heap after
Heap after GC invocations=12 (full 1):
 PSYoungGen      total 220160K, used 338K [0x0000000795580000, 0x00000007aac80000, 0x00000007c0000000)
  eden space 170496K, 0% used [0x0000000795580000,0x0000000795580000,0x000000079fc00000)
  from space 49664K, 0% used [0x000000079fc00000,0x000000079fc54908,0x00000007a2c80000)
  to   space 50688K, 0% used [0x00000007a7b00000,0x00000007a7b00000,0x00000007aac80000)
 ParOldGen       total 104960K, used 73140K [0x0000000740000000, 0x0000000746680000, 0x0000000795580000)
  object space 104960K, 69% used [0x0000000740000000,0x000000074476d100,0x0000000746680000)
 Metaspace       used 27762K, capacity 28089K, committed 28288K, reserved 1075200K
  class space    used 2227K, capacity 2342K, committed 2432K, reserved 1048576K
}
Event: 28.131 GC heap before
{Heap before GC invocations=13 (full 2):
 PSYoungGen      total 220160K, used 338K [0x0000000795580000, 0x00000007aac80000, 0x00000007c0000000)
  eden space 170496K, 0% used [0x0000000795580000,0x0000000795580000,0x000000079fc00000)
  from space 49664K, 0% used [0x000000079fc00000,0x000000079fc54908,0x00000007a2c80000)
  to   space 50688K, 0% used [0x00000007a7b00000,0x00000007a7b00000,0x00000007aac80000)
 ParOldGen       total 104960K, used 73140K [0x0000000740000000, 0x0000000746680000, 0x0000000795580000)
  object space 104960K, 69% used [0x0000000740000000,0x000000074476d100,0x0000000746680000)
 Metaspace       used 27762K, capacity 28089K, committed 28288K, reserved 1075200K
  class space    used 2227K, capacity 2342K, committed 2432K, reserved 1048576K
Event: 28.354 GC heap after
Heap after GC invocations=13 (full 2):
 PSYoungGen      total 220160K, used 0K [0x0000000795580000, 0x00000007aac80000, 0x00000007c0000000)
  eden space 170496K, 0% used [0x0000000795580000,0x0000000795580000,0x000000079fc00000)
  from space 49664K, 0% used [0x000000079fc00000,0x000000079fc00000,0x00000007a2c80000)
  to   space 50688K, 0% used [0x00000007a7b00000,0x00000007a7b00000,0x00000007aac80000)
 ParOldGen       total 143872K, used 57267K [0x0000000740000000, 0x0000000748c80000, 0x0000000795580000)
  object space 143872K, 39% used [0x0000000740000000,0x00000007437ecdd8,0x0000000748c80000)
 Metaspace       used 27762K, capacity 28089K, committed 28288K, reserved 1075200K
  class space    used 2227K, capacity 2342K, committed 2432K, reserved 1048576K
}
Event: 31.255 GC heap before
{Heap before GC invocations=14 (full 2):
 PSYoungGen      total 220160K, used 170496K [0x0000000795580000, 0x00000007aac80000, 0x00000007c0000000)
  eden space 170496K, 100% used [0x0000000795580000,0x000000079fc00000,0x000000079fc00000)
  from space 49664K, 0% used [0x000000079fc00000,0x000000079fc00000,0x00000007a2c80000)
  to   space 50688K, 0% used [0x00000007a7b00000,0x00000007a7b00000,0x00000007aac80000)
 ParOldGen       total 143872K, used 57267K [0x0000000740000000, 0x0000000748c80000, 0x0000000795580000)
  object space 143872K, 39% used [0x0000000740000000,0x00000007437ecdd8,0x0000000748c80000)
 Metaspace       used 27794K, capacity 28153K, committed 28544K, reserved 1075200K
  class space    used 2227K, capacity 2342K, committed 2432K, reserved 1048576K
Event: 31.256 GC heap after
Heap after GC invocations=14 (full 2):
 PSYoungGen      total 280064K, used 128K [0x0000000795580000, 0x00000007aa280000, 0x00000007c0000000)
  eden space 239616K, 0% used [0x0000000795580000,0x0000000795580000,0x00000007a3f80000)
  from space 40448K, 0% used [0x00000007a7b00000,0x00000007a7b20000,0x00000007aa280000)
  to   space 50688K, 0% used [0x00000007a3f80000,0x00000007a3f80000,0x00000007a7100000)
 ParOldGen       total 143872K, used 57275K [0x0000000740000000, 0x0000000748c80000, 0x0000000795580000)
  object space 143872K, 39% used [0x0000000740000000,0x00000007437eedd8,0x0000000748c80000)
 Metaspace       used 27794K, capacity 28153K, committed 28544K, reserved 1075200K
  class space    used 2227K, capacity 2342K, committed 2432K, reserved 1048576K
}

