# JRE version: Java(TM) SE Runtime Environment (8.0_251-b08) (build 1.8.0_251-b08)
# Java VM: Java HotSpot(TM) 64-Bit Server VM (25.251-b08 mixed mode bsd-amd64 compressed oops)
Heap:
 PSYoungGen      total 449024K, used 54660K [0x0000000795580000, 0x00000007b3680000, 0x00000007c0000000)
  eden space 408064K, 13% used [0x0000000795580000,0x0000000798ac90c0,0x00000007ae400000)
  from space 40960K, 0% used [0x00000007ae400000,0x00000007ae418000,0x00000007b0c00000)
  to   space 40960K, 0% used [0x00000007b0e80000,0x00000007b0e80000,0x00000007b3680000)
 ParOldGen       total 129024K, used 89412K [0x0000000740000000, 0x0000000747e00000, 0x0000000795580000)
  object space 129024K, 69% used [0x0000000740000000,0x0000000745751130,0x0000000747e00000)
 Metaspace       used 28626K, capacity 28991K, committed 29312K, reserved 1077248K
  class space    used 2257K, capacity 2345K, committed 2432K, reserved 1048576K
GC Heap History (10 events):
Event: 119.902 GC heap before
{Heap before GC invocations=28 (full 1):
 PSYoungGen      total 439808K, used 419680K [0x0000000795580000, 0x00000007b2880000, 0x00000007c0000000)
  eden space 403456K, 100% used [0x0000000795580000,0x00000007adf80000,0x00000007adf80000)
  from space 36352K, 44% used [0x00000007b0500000,0x00000007b14d83c0,0x00000007b2880000)
  to   space 37376K, 0% used [0x00000007adf80000,0x00000007adf80000,0x00000007b0400000)
 ParOldGen       total 129024K, used 73277K [0x0000000740000000, 0x0000000747e00000, 0x0000000795580000)
  object space 129024K, 56% used [0x0000000740000000,0x000000074478f5a0,0x0000000747e00000)
 Metaspace       used 28570K, capacity 28923K, committed 29312K, reserved 1077248K
  class space    used 2246K, capacity 2343K, committed 2432K, reserved 1048576K
Event: 119.905 GC heap after
Heap after GC invocations=28 (full 1):
 PSYoungGen      total 440832K, used 9344K [0x0000000795580000, 0x00000007b2d00000, 0x00000007c0000000)
  eden space 403456K, 0% used [0x0000000795580000,0x0000000795580000,0x00000007adf80000)
  from space 37376K, 25% used [0x00000007adf80000,0x00000007ae8a0230,0x00000007b0400000)
  to   space 37888K, 0% used [0x00000007b0800000,0x00000007b0800000,0x00000007b2d00000)
 ParOldGen       total 129024K, used 80091K [0x0000000740000000, 0x0000000747e00000, 0x0000000795580000)
  object space 129024K, 62% used [0x0000000740000000,0x0000000744e36cc0,0x0000000747e00000)
 Metaspace       used 28570K, capacity 28923K, committed 29312K, reserved 1077248K
  class space    used 2246K, capacity 2343K, committed 2432K, reserved 1048576K
}
Event: 127.685 GC heap before
{Heap before GC invocations=29 (full 1):
 PSYoungGen      total 440832K, used 412800K [0x0000000795580000, 0x00000007b2d00000, 0x00000007c0000000)
  eden space 403456K, 100% used [0x0000000795580000,0x00000007adf80000,0x00000007adf80000)
  from space 37376K, 25% used [0x00000007adf80000,0x00000007ae8a0230,0x00000007b0400000)
  to   space 37888K, 0% used [0x00000007b0800000,0x00000007b0800000,0x00000007b2d00000)
 ParOldGen       total 129024K, used 80091K [0x0000000740000000, 0x0000000747e00000, 0x0000000795580000)
  object space 129024K, 62% used [0x0000000740000000,0x0000000744e36cc0,0x0000000747e00000)
 Metaspace       used 28570K, capacity 28923K, committed 29312K, reserved 1077248K
  class space    used 2246K, capacity 2343K, committed 2432K, reserved 1048576K
Event: 127.690 GC heap after
Heap after GC invocations=29 (full 1):
 PSYoungGen      total 443392K, used 2080K [0x0000000795580000, 0x00000007b3000000, 0x00000007c0000000)
  eden space 405504K, 0% used [0x0000000795580000,0x0000000795580000,0x00000007ae180000)
  from space 37888K, 5% used [0x00000007b0800000,0x00000007b0a08070,0x00000007b2d00000)
  to   space 39424K, 0% used [0x00000007ae180000,0x00000007ae180000,0x00000007b0800000)
 ParOldGen       total 129024K, used 87367K [0x0000000740000000, 0x0000000747e00000, 0x0000000795580000)
  object space 129024K, 67% used [0x0000000740000000,0x0000000745551f90,0x0000000747e00000)
 Metaspace       used 28570K, capacity 28923K, committed 29312K, reserved 1077248K
  class space    used 2246K, capacity 2343K, committed 2432K, reserved 1048576K
}
Event: 135.745 GC heap before
{Heap before GC invocations=30 (full 1):
 PSYoungGen      total 443392K, used 407584K [0x0000000795580000, 0x00000007b3000000, 0x00000007c0000000)
  eden space 405504K, 100% used [0x0000000795580000,0x00000007ae180000,0x00000007ae180000)
  from space 37888K, 5% used [0x00000007b0800000,0x00000007b0a08070,0x00000007b2d00000)
  to   space 39424K, 0% used [0x00000007ae180000,0x00000007ae180000,0x00000007b0800000)
 ParOldGen       total 129024K, used 87367K [0x0000000740000000, 0x0000000747e00000, 0x0000000795580000)
  object space 129024K, 67% used [0x0000000740000000,0x0000000745551f90,0x0000000747e00000)
 Metaspace       used 28570K, capacity 28923K, committed 29312K, reserved 1077248K
  class space    used 2246K, capacity 2343K, committed 2432K, reserved 1048576K
Event: 135.749 GC heap after
Heap after GC invocations=30 (full 1):
 PSYoungGen      total 444928K, used 128K [0x0000000795580000, 0x00000007b3380000, 0x00000007c0000000)
  eden space 405504K, 0% used [0x0000000795580000,0x0000000795580000,0x00000007ae180000)
  from space 39424K, 0% used [0x00000007ae180000,0x00000007ae1a0000,0x00000007b0800000)
  to   space 40448K, 0% used [0x00000007b0c00000,0x00000007b0c00000,0x00000007b3380000)
 ParOldGen       total 129024K, used 89396K [0x0000000740000000, 0x0000000747e00000, 0x0000000795580000)
  object space 129024K, 69% used [0x0000000740000000,0x000000074574d130,0x0000000747e00000)
 Metaspace       used 28570K, capacity 28923K, committed 29312K, reserved 1077248K
  class space    used 2246K, capacity 2343K, committed 2432K, reserved 1048576K
}
Event: 143.359 GC heap before
{Heap before GC invocations=31 (full 1):
 PSYoungGen      total 444928K, used 405632K [0x0000000795580000, 0x00000007b3380000, 0x00000007c0000000)
  eden space 405504K, 100% used [0x0000000795580000,0x00000007ae180000,0x00000007ae180000)
  from space 39424K, 0% used [0x00000007ae180000,0x00000007ae1a0000,0x00000007b0800000)
  to   space 40448K, 0% used [0x00000007b0c00000,0x00000007b0c00000,0x00000007b3380000)
 ParOldGen       total 129024K, used 89396K [0x0000000740000000, 0x0000000747e00000, 0x0000000795580000)
  object space 129024K, 69% used [0x0000000740000000,0x000000074574d130,0x0000000747e00000)
 Metaspace       used 28570K, capacity 28923K, committed 29312K, reserved 1077248K
  class space    used 2246K, capacity 2343K, committed 2432K, reserved 1048576K
Event: 143.361 GC heap after
Heap after GC invocations=31 (full 1):
 PSYoungGen      total 448512K, used 64K [0x0000000795580000, 0x00000007b3400000, 0x00000007c0000000)
  eden space 408064K, 0% used [0x0000000795580000,0x0000000795580000,0x00000007ae400000)
  from space 40448K, 0% used [0x00000007b0c00000,0x00000007b0c10000,0x00000007b3380000)
  to   space 40960K, 0% used [0x00000007ae400000,0x00000007ae400000,0x00000007b0c00000)
 ParOldGen       total 129024K, used 89404K [0x0000000740000000, 0x0000000747e00000, 0x0000000795580000)
  object space 129024K, 69% used [0x0000000740000000,0x000000074574f130,0x0000000747e00000)
 Metaspace       used 28570K, capacity 28923K, committed 29312K, reserved 1077248K
  class space    used 2246K, capacity 2343K, committed 2432K, reserved 1048576K
}
Event: 152.080 GC heap before
{Heap before GC invocations=32 (full 1):
 PSYoungGen      total 448512K, used 408128K [0x0000000795580000, 0x00000007b3400000, 0x00000007c0000000)
  eden space 408064K, 100% used [0x0000000795580000,0x00000007ae400000,0x00000007ae400000)
  from space 40448K, 0% used [0x00000007b0c00000,0x00000007b0c10000,0x00000007b3380000)
  to   space 40960K, 0% used [0x00000007ae400000,0x00000007ae400000,0x00000007b0c00000)
 ParOldGen       total 129024K, used 89404K [0x0000000740000000, 0x0000000747e00000, 0x0000000795580000)
  object space 129024K, 69% used [0x0000000740000000,0x000000074574f130,0x0000000747e00000)
 Metaspace       used 28575K, capacity 28923K, committed 29312K, reserved 1077248K
  class space    used 2246K, capacity 2343K, committed 2432K, reserved 1048576K
Event: 152.082 GC heap after
Heap after GC invocations=32 (full 1):
 PSYoungGen      total 449024K, used 96K [0x0000000795580000, 0x00000007b3680000, 0x00000007c0000000)
  eden space 408064K, 0% used [0x0000000795580000,0x0000000795580000,0x00000007ae400000)
  from space 40960K, 0% used [0x00000007ae400000,0x00000007ae418000,0x00000007b0c00000)
  to   space 40960K, 0% used [0x00000007b0e80000,0x00000007b0e80000,0x00000007b3680000)
 ParOldGen       total 129024K, used 89412K [0x0000000740000000, 0x0000000747e00000, 0x0000000795580000)
  object space 129024K, 69% used [0x0000000740000000,0x0000000745751130,0x0000000747e00000)
 Metaspace       used 28575K, capacity 28923K, committed 29312K, reserved 1077248K
  class space    used 2246K, capacity 2343K, committed 2432K, reserved 1048576K
}

