# JRE version: Java(TM) SE Runtime Environment (8.0_251-b08) (build 1.8.0_251-b08)
# Java VM: Java HotSpot(TM) 64-Bit Server VM (25.251-b08 mixed mode bsd-amd64 compressed oops)
Heap:
 PSYoungGen      total 320512K, used 253929K [0x0000000795580000, 0x00000007ac000000, 0x00000007c0000000)
  eden space 285184K, 83% used [0x0000000795580000,0x00000007a3f33a38,0x00000007a6c00000)
  from space 35328K, 41% used [0x00000007a9d80000,0x00000007aabc6da8,0x00000007ac000000)
  to   space 43008K, 0% used [0x00000007a6c00000,0x00000007a6c00000,0x00000007a9600000)
 ParOldGen       total 130560K, used 59058K [0x0000000740000000, 0x0000000747f80000, 0x0000000795580000)
  object space 130560K, 45% used [0x0000000740000000,0x00000007439ac898,0x0000000747f80000)
 Metaspace       used 28138K, capacity 28483K, committed 28800K, reserved 1075200K
  class space    used 2241K, capacity 2345K, committed 2432K, reserved 1048576K
GC Heap History (10 events):
Event: 20.126 GC heap before
{Heap before GC invocations=11 (full 1):
 PSYoungGen      total 216064K, used 199792K [0x0000000795580000, 0x00000007a8780000, 0x00000007c0000000)
  eden space 168960K, 100% used [0x0000000795580000,0x000000079fa80000,0x000000079fa80000)
  from space 47104K, 65% used [0x000000079fa80000,0x00000007a189c138,0x00000007a2880000)
  to   space 47616K, 0% used [0x00000007a5900000,0x00000007a5900000,0x00000007a8780000)
 ParOldGen       total 130560K, used 42709K [0x0000000740000000, 0x0000000747f80000, 0x0000000795580000)
  object space 130560K, 32% used [0x0000000740000000,0x00000007429b54f8,0x0000000747f80000)
 Metaspace       used 27811K, capacity 28159K, committed 28544K, reserved 1075200K
  class space    used 2227K, capacity 2343K, committed 2432K, reserved 1048576K
Event: 20.140 GC heap after
Heap after GC invocations=11 (full 1):
 PSYoungGen      total 253440K, used 14555K [0x0000000795580000, 0x00000007a8100000, 0x00000007c0000000)
  eden space 212480K, 0% used [0x0000000795580000,0x0000000795580000,0x00000007a2500000)
  from space 40960K, 35% used [0x00000007a5900000,0x00000007a6736da8,0x00000007a8100000)
  to   space 47104K, 0% used [0x00000007a2500000,0x00000007a2500000,0x00000007a5300000)
 ParOldGen       total 130560K, used 59034K [0x0000000740000000, 0x0000000747f80000, 0x0000000795580000)
  object space 130560K, 45% used [0x0000000740000000,0x00000007439a6898,0x0000000747f80000)
 Metaspace       used 27811K, capacity 28159K, committed 28544K, reserved 1075200K
  class space    used 2227K, capacity 2343K, committed 2432K, reserved 1048576K
}
Event: 24.578 GC heap before
{Heap before GC invocations=12 (full 1):
 PSYoungGen      total 253440K, used 227035K [0x0000000795580000, 0x00000007a8100000, 0x00000007c0000000)
  eden space 212480K, 100% used [0x0000000795580000,0x00000007a2500000,0x00000007a2500000)
  from space 40960K, 35% used [0x00000007a5900000,0x00000007a6736da8,0x00000007a8100000)
  to   space 47104K, 0% used [0x00000007a2500000,0x00000007a2500000,0x00000007a5300000)
 ParOldGen       total 130560K, used 59034K [0x0000000740000000, 0x0000000747f80000, 0x0000000795580000)
  object space 130560K, 45% used [0x0000000740000000,0x00000007439a6898,0x0000000747f80000)
 Metaspace       used 27852K, capacity 28159K, committed 28544K, reserved 1075200K
  class space    used 2227K, capacity 2343K, committed 2432K, reserved 1048576K
Event: 24.583 GC heap after
Heap after GC invocations=12 (full 1):
 PSYoungGen      total 259584K, used 14619K [0x0000000795580000, 0x00000007aac80000, 0x00000007c0000000)
  eden space 212480K, 0% used [0x0000000795580000,0x0000000795580000,0x00000007a2500000)
  from space 47104K, 31% used [0x00000007a2500000,0x00000007a3346da8,0x00000007a5300000)
  to   space 46080K, 0% used [0x00000007a7f80000,0x00000007a7f80000,0x00000007aac80000)
 ParOldGen       total 130560K, used 59042K [0x0000000740000000, 0x0000000747f80000, 0x0000000795580000)
  object space 130560K, 45% used [0x0000000740000000,0x00000007439a8898,0x0000000747f80000)
 Metaspace       used 27852K, capacity 28159K, committed 28544K, reserved 1075200K
  class space    used 2227K, capacity 2343K, committed 2432K, reserved 1048576K
}
Event: 28.949 GC heap before
{Heap before GC invocations=13 (full 1):
 PSYoungGen      total 259584K, used 227099K [0x0000000795580000, 0x00000007aac80000, 0x00000007c0000000)
  eden space 212480K, 100% used [0x0000000795580000,0x00000007a2500000,0x00000007a2500000)
  from space 47104K, 31% used [0x00000007a2500000,0x00000007a3346da8,0x00000007a5300000)
  to   space 46080K, 0% used [0x00000007a7f80000,0x00000007a7f80000,0x00000007aac80000)
 ParOldGen       total 130560K, used 59042K [0x0000000740000000, 0x0000000747f80000, 0x0000000795580000)
  object space 130560K, 45% used [0x0000000740000000,0x00000007439a8898,0x0000000747f80000)
 Metaspace       used 27951K, capacity 28287K, committed 28544K, reserved 1075200K
  class space    used 2227K, capacity 2343K, committed 2432K, reserved 1048576K
Event: 28.956 GC heap after
Heap after GC invocations=13 (full 1):
 PSYoungGen      total 288768K, used 14619K [0x0000000795580000, 0x00000007aa380000, 0x00000007c0000000)
  eden space 251904K, 0% used [0x0000000795580000,0x0000000795580000,0x00000007a4b80000)
  from space 36864K, 39% used [0x00000007a7f80000,0x00000007a8dc6da8,0x00000007aa380000)
  to   space 45056K, 0% used [0x00000007a4b80000,0x00000007a4b80000,0x00000007a7780000)
 ParOldGen       total 130560K, used 59050K [0x0000000740000000, 0x0000000747f80000, 0x0000000795580000)
  object space 130560K, 45% used [0x0000000740000000,0x00000007439aa898,0x0000000747f80000)
 Metaspace       used 27951K, capacity 28287K, committed 28544K, reserved 1075200K
  class space    used 2227K, capacity 2343K, committed 2432K, reserved 1048576K
}
Event: 34.082 GC heap before
{Heap before GC invocations=14 (full 1):
 PSYoungGen      total 288768K, used 266523K [0x0000000795580000, 0x00000007aa380000, 0x00000007c0000000)
  eden space 251904K, 100% used [0x0000000795580000,0x00000007a4b80000,0x00000007a4b80000)
  from space 36864K, 39% used [0x00000007a7f80000,0x00000007a8dc6da8,0x00000007aa380000)
  to   space 45056K, 0% used [0x00000007a4b80000,0x00000007a4b80000,0x00000007a7780000)
 ParOldGen       total 130560K, used 59050K [0x0000000740000000, 0x0000000747f80000, 0x0000000795580000)
  object space 130560K, 45% used [0x0000000740000000,0x00000007439aa898,0x0000000747f80000)
 Metaspace       used 28007K, capacity 28351K, committed 28544K, reserved 1075200K
  class space    used 2227K, capacity 2343K, committed 2432K, reserved 1048576K
Event: 34.092 GC heap after
Heap after GC invocations=14 (full 1):
 PSYoungGen      total 296960K, used 14587K [0x0000000795580000, 0x00000007ac880000, 0x00000007c0000000)
  eden space 251904K, 0% used [0x0000000795580000,0x0000000795580000,0x00000007a4b80000)
  from space 45056K, 32% used [0x00000007a4b80000,0x00000007a59beda8,0x00000007a7780000)
  to   space 44032K, 0% used [0x00000007a9d80000,0x00000007a9d80000,0x00000007ac880000)
 ParOldGen       total 130560K, used 59058K [0x0000000740000000, 0x0000000747f80000, 0x0000000795580000)
  object space 130560K, 45% used [0x0000000740000000,0x00000007439ac898,0x0000000747f80000)
 Metaspace       used 28007K, capacity 28351K, committed 28544K, reserved 1075200K
  class space    used 2227K, capacity 2343K, committed 2432K, reserved 1048576K
}
Event: 38.981 GC heap before
{Heap before GC invocations=15 (full 1):
 PSYoungGen      total 296960K, used 266491K [0x0000000795580000, 0x00000007ac880000, 0x00000007c0000000)
  eden space 251904K, 100% used [0x0000000795580000,0x00000007a4b80000,0x00000007a4b80000)
  from space 45056K, 32% used [0x00000007a4b80000,0x00000007a59beda8,0x00000007a7780000)
  to   space 44032K, 0% used [0x00000007a9d80000,0x00000007a9d80000,0x00000007ac880000)
 ParOldGen       total 130560K, used 59058K [0x0000000740000000, 0x0000000747f80000, 0x0000000795580000)
  object space 130560K, 45% used [0x0000000740000000,0x00000007439ac898,0x0000000747f80000)
 Metaspace       used 28007K, capacity 28351K, committed 28544K, reserved 1075200K
  class space    used 2227K, capacity 2343K, committed 2432K, reserved 1048576K
Event: 38.988 GC heap after
Heap after GC invocations=15 (full 1):
 PSYoungGen      total 320512K, used 14619K [0x0000000795580000, 0x00000007ac000000, 0x00000007c0000000)
  eden space 285184K, 0% used [0x0000000795580000,0x0000000795580000,0x00000007a6c00000)
  from space 35328K, 41% used [0x00000007a9d80000,0x00000007aabc6da8,0x00000007ac000000)
  to   space 43008K, 0% used [0x00000007a6c00000,0x00000007a6c00000,0x00000007a9600000)
 ParOldGen       total 130560K, used 59058K [0x0000000740000000, 0x0000000747f80000, 0x0000000795580000)
  object space 130560K, 45% used [0x0000000740000000,0x00000007439ac898,0x0000000747f80000)
 Metaspace       used 28007K, capacity 28351K, committed 28544K, reserved 1075200K
  class space    used 2227K, capacity 2343K, committed 2432K, reserved 1048576K
}

