# JRE version: Java(TM) SE Runtime Environment (8.0_251-b08) (build 1.8.0_251-b08)
# Java VM: Java HotSpot(TM) 64-Bit Server VM (25.251-b08 mixed mode bsd-amd64 compressed oops)
Heap:
 PSYoungGen      total 623616K, used 475900K [0x000000076ab00000, 0x000000079a800000, 0x00000007c0000000)
  eden space 574464K, 76% used [0x000000076ab00000,0x0000000785a96bd8,0x000000078dc00000)
  from space 49152K, 69% used [0x000000078dc00000,0x000000078fd287f0,0x0000000790c00000)
  to   space 51200K, 0% used [0x0000000797600000,0x0000000797600000,0x000000079a800000)
 ParOldGen       total 176128K, used 63281K [0x00000006c0000000, 0x00000006cac00000, 0x000000076ab00000)
  object space 176128K, 35% used [0x00000006c0000000,0x00000006c3dcc578,0x00000006cac00000)
 Metaspace       used 28837K, capacity 29123K, committed 29312K, reserved 1077248K
  class space    used 2260K, capacity 2345K, committed 2432K, reserved 1048576K
GC Heap History (10 events):
Event: 16.837 GC heap before
{Heap before GC invocations=10 (full 1):
 PSYoungGen      total 406016K, used 378265K [0x000000076ab00000, 0x0000000787a80000, 0x00000007c0000000)
  eden space 367104K, 100% used [0x000000076ab00000,0x0000000781180000,0x0000000781180000)
  from space 38912K, 28% used [0x0000000785480000,0x0000000785f66710,0x0000000787a80000)
  to   space 53760K, 0% used [0x0000000781180000,0x0000000781180000,0x0000000784600000)
 ParOldGen       total 176128K, used 52448K [0x00000006c0000000, 0x00000006cac00000, 0x000000076ab00000)
  object space 176128K, 29% used [0x00000006c0000000,0x00000006c3338218,0x00000006cac00000)
 Metaspace       used 27969K, capacity 28345K, committed 28544K, reserved 1075200K
  class space    used 2231K, capacity 2342K, committed 2432K, reserved 1048576K
Event: 16.839 GC heap after
Heap after GC invocations=10 (full 1):
 PSYoungGen      total 420864K, used 960K [0x000000076ab00000, 0x000000078f100000, 0x00000007c0000000)
  eden space 367104K, 0% used [0x000000076ab00000,0x000000076ab00000,0x0000000781180000)
  from space 53760K, 1% used [0x0000000781180000,0x0000000781270020,0x0000000784600000)
  to   space 54272K, 0% used [0x000000078bc00000,0x000000078bc00000,0x000000078f100000)
 ParOldGen       total 176128K, used 62426K [0x00000006c0000000, 0x00000006cac00000, 0x000000076ab00000)
  object space 176128K, 35% used [0x00000006c0000000,0x00000006c3cf6b28,0x00000006cac00000)
 Metaspace       used 27969K, capacity 28345K, committed 28544K, reserved 1075200K
  class space    used 2231K, capacity 2342K, committed 2432K, reserved 1048576K
}
Event: 19.991 GC heap before
{Heap before GC invocations=11 (full 1):
 PSYoungGen      total 420864K, used 368064K [0x000000076ab00000, 0x000000078f100000, 0x00000007c0000000)
  eden space 367104K, 100% used [0x000000076ab00000,0x0000000781180000,0x0000000781180000)
  from space 53760K, 1% used [0x0000000781180000,0x0000000781270020,0x0000000784600000)
  to   space 54272K, 0% used [0x000000078bc00000,0x000000078bc00000,0x000000078f100000)
 ParOldGen       total 176128K, used 62426K [0x00000006c0000000, 0x00000006cac00000, 0x000000076ab00000)
  object space 176128K, 35% used [0x00000006c0000000,0x00000006c3cf6b28,0x00000006cac00000)
 Metaspace       used 28292K, capacity 28601K, committed 28800K, reserved 1075200K
  class space    used 2231K, capacity 2342K, committed 2432K, reserved 1048576K
Event: 19.995 GC heap after
Heap after GC invocations=11 (full 1):
 PSYoungGen      total 508928K, used 10016K [0x000000076ab00000, 0x000000078df80000, 0x00000007c0000000)
  eden space 472576K, 0% used [0x000000076ab00000,0x000000076ab00000,0x0000000787880000)
  from space 36352K, 27% used [0x000000078bc00000,0x000000078c5c8240,0x000000078df80000)
  to   space 52736K, 0% used [0x0000000787880000,0x0000000787880000,0x000000078ac00000)
 ParOldGen       total 176128K, used 63217K [0x00000006c0000000, 0x00000006cac00000, 0x000000076ab00000)
  object space 176128K, 35% used [0x00000006c0000000,0x00000006c3dbc578,0x00000006cac00000)
 Metaspace       used 28292K, capacity 28601K, committed 28800K, reserved 1075200K
  class space    used 2231K, capacity 2342K, committed 2432K, reserved 1048576K
}
Event: 23.714 GC heap before
{Heap before GC invocations=12 (full 1):
 PSYoungGen      total 508928K, used 482592K [0x000000076ab00000, 0x000000078df80000, 0x00000007c0000000)
  eden space 472576K, 100% used [0x000000076ab00000,0x0000000787880000,0x0000000787880000)
  from space 36352K, 27% used [0x000000078bc00000,0x000000078c5c8240,0x000000078df80000)
  to   space 52736K, 0% used [0x0000000787880000,0x0000000787880000,0x000000078ac00000)
 ParOldGen       total 176128K, used 63217K [0x00000006c0000000, 0x00000006cac00000, 0x000000076ab00000)
  object space 176128K, 35% used [0x00000006c0000000,0x00000006c3dbc578,0x00000006cac00000)
 Metaspace       used 28520K, capacity 28857K, committed 29056K, reserved 1075200K
  class space    used 2232K, capacity 2342K, committed 2432K, reserved 1048576K
Event: 23.720 GC heap after
Heap after GC invocations=12 (full 1):
 PSYoungGen      total 525312K, used 17889K [0x000000076ab00000, 0x0000000794c80000, 0x00000007c0000000)
  eden space 472576K, 0% used [0x000000076ab00000,0x000000076ab00000,0x0000000787880000)
  from space 52736K, 33% used [0x0000000787880000,0x00000007889f8420,0x000000078ac00000)
  to   space 49664K, 0% used [0x0000000791c00000,0x0000000791c00000,0x0000000794c80000)
 ParOldGen       total 176128K, used 63265K [0x00000006c0000000, 0x00000006cac00000, 0x000000076ab00000)
  object space 176128K, 35% used [0x00000006c0000000,0x00000006c3dc8578,0x00000006cac00000)
 Metaspace       used 28520K, capacity 28857K, committed 29056K, reserved 1075200K
  class space    used 2232K, capacity 2342K, committed 2432K, reserved 1048576K
}
Event: 27.980 GC heap before
{Heap before GC invocations=13 (full 1):
 PSYoungGen      total 525312K, used 490465K [0x000000076ab00000, 0x0000000794c80000, 0x00000007c0000000)
  eden space 472576K, 100% used [0x000000076ab00000,0x0000000787880000,0x0000000787880000)
  from space 52736K, 33% used [0x0000000787880000,0x00000007889f8420,0x000000078ac00000)
  to   space 49664K, 0% used [0x0000000791c00000,0x0000000791c00000,0x0000000794c80000)
 ParOldGen       total 176128K, used 63265K [0x00000006c0000000, 0x00000006cac00000, 0x000000076ab00000)
  object space 176128K, 35% used [0x00000006c0000000,0x00000006c3dc8578,0x00000006cac00000)
 Metaspace       used 28600K, capacity 28921K, committed 29312K, reserved 1077248K
  class space    used 2232K, capacity 2342K, committed 2432K, reserved 1048576K
Event: 27.988 GC heap after
Heap after GC invocations=13 (full 1):
 PSYoungGen      total 607232K, used 25249K [0x000000076ab00000, 0x0000000793c00000, 0x00000007c0000000)
  eden space 574464K, 0% used [0x000000076ab00000,0x000000076ab00000,0x000000078dc00000)
  from space 32768K, 77% used [0x0000000791c00000,0x00000007934a85e0,0x0000000793c00000)
  to   space 49152K, 0% used [0x000000078dc00000,0x000000078dc00000,0x0000000790c00000)
 ParOldGen       total 176128K, used 63273K [0x00000006c0000000, 0x00000006cac00000, 0x000000076ab00000)
  object space 176128K, 35% used [0x00000006c0000000,0x00000006c3dca578,0x00000006cac00000)
 Metaspace       used 28600K, capacity 28921K, committed 29312K, reserved 1077248K
  class space    used 2232K, capacity 2342K, committed 2432K, reserved 1048576K
}
Event: 34.134 GC heap before
{Heap before GC invocations=14 (full 1):
 PSYoungGen      total 607232K, used 599713K [0x000000076ab00000, 0x0000000793c00000, 0x00000007c0000000)
  eden space 574464K, 100% used [0x000000076ab00000,0x000000078dc00000,0x000000078dc00000)
  from space 32768K, 77% used [0x0000000791c00000,0x00000007934a85e0,0x0000000793c00000)
  to   space 49152K, 0% used [0x000000078dc00000,0x000000078dc00000,0x0000000790c00000)
 ParOldGen       total 176128K, used 63273K [0x00000006c0000000, 0x00000006cac00000, 0x000000076ab00000)
  object space 176128K, 35% used [0x00000006c0000000,0x00000006c3dca578,0x00000006cac00000)
 Metaspace       used 28691K, capacity 29049K, committed 29312K, reserved 1077248K
  class space    used 2232K, capacity 2342K, committed 2432K, reserved 1048576K
Event: 34.146 GC heap after
Heap after GC invocations=14 (full 1):
 PSYoungGen      total 623616K, used 33953K [0x000000076ab00000, 0x000000079a800000, 0x00000007c0000000)
  eden space 574464K, 0% used [0x000000076ab00000,0x000000076ab00000,0x000000078dc00000)
  from space 49152K, 69% used [0x000000078dc00000,0x000000078fd287f0,0x0000000790c00000)
  to   space 51200K, 0% used [0x0000000797600000,0x0000000797600000,0x000000079a800000)
 ParOldGen       total 176128K, used 63281K [0x00000006c0000000, 0x00000006cac00000, 0x000000076ab00000)
  object space 176128K, 35% used [0x00000006c0000000,0x00000006c3dcc578,0x00000006cac00000)
 Metaspace       used 28691K, capacity 29049K, committed 29312K, reserved 1077248K
  class space    used 2232K, capacity 2342K, committed 2432K, reserved 1048576K
}

