# JRE version: Java(TM) SE Runtime Environment (8.0_251-b08) (build 1.8.0_251-b08)
# Java VM: Java HotSpot(TM) 64-Bit Server VM (25.251-b08 mixed mode bsd-amd64 compressed oops)
Heap:
 PSYoungGen      total 352256K, used 43176K [0x0000000795580000, 0x00000007b0100000, 0x00000007c0000000)
  eden space 338944K, 12% used [0x0000000795580000,0x0000000797f7a228,0x00000007aa080000)
  from space 13312K, 1% used [0x00000007ae700000,0x00000007ae730000,0x00000007af400000)
  to   space 12288K, 0% used [0x00000007af500000,0x00000007af500000,0x00000007b0100000)
 ParOldGen       total 126976K, used 73435K [0x0000000740000000, 0x0000000747c00000, 0x0000000795580000)
  object space 126976K, 57% used [0x0000000740000000,0x00000007447b6c38,0x0000000747c00000)
 Metaspace       used 28068K, capacity 28443K, committed 28800K, reserved 1075200K
  class space    used 2221K, capacity 2309K, committed 2432K, reserved 1048576K
GC Heap History (10 events):
Event: 199.265 GC heap before
{Heap before GC invocations=34 (full 1):
 PSYoungGen      total 425984K, used 425632K [0x0000000795580000, 0x00000007b1d80000, 0x00000007c0000000)
  eden space 425472K, 100% used [0x0000000795580000,0x00000007af500000,0x00000007af500000)
  from space 512K, 31% used [0x00000007b1d00000,0x00000007b1d28000,0x00000007b1d80000)
  to   space 17408K, 0% used [0x00000007afb80000,0x00000007afb80000,0x00000007b0c80000)
 ParOldGen       total 126976K, used 73371K [0x0000000740000000, 0x0000000747c00000, 0x0000000795580000)
  object space 126976K, 57% used [0x0000000740000000,0x00000007447a6c38,0x0000000747c00000)
 Metaspace       used 28027K, capacity 28313K, committed 28800K, reserved 1075200K
  class space    used 2213K, capacity 2308K, committed 2432K, reserved 1048576K
Event: 199.267 GC heap after
Heap after GC invocations=34 (full 1):
 PSYoungGen      total 423936K, used 160K [0x0000000795580000, 0x00000007b1d80000, 0x00000007c0000000)
  eden space 406528K, 0% used [0x0000000795580000,0x0000000795580000,0x00000007ae280000)
  from space 17408K, 0% used [0x00000007afb80000,0x00000007afba8000,0x00000007b0c80000)
  to   space 16384K, 0% used [0x00000007b0d80000,0x00000007b0d80000,0x00000007b1d80000)
 ParOldGen       total 126976K, used 73395K [0x0000000740000000, 0x0000000747c00000, 0x0000000795580000)
  object space 126976K, 57% used [0x0000000740000000,0x00000007447acc38,0x0000000747c00000)
 Metaspace       used 28027K, capacity 28313K, committed 28800K, reserved 1075200K
  class space    used 2213K, capacity 2308K, committed 2432K, reserved 1048576K
}
Event: 206.904 GC heap before
{Heap before GC invocations=35 (full 1):
 PSYoungGen      total 423936K, used 406688K [0x0000000795580000, 0x00000007b1d80000, 0x00000007c0000000)
  eden space 406528K, 100% used [0x0000000795580000,0x00000007ae280000,0x00000007ae280000)
  from space 17408K, 0% used [0x00000007afb80000,0x00000007afba8000,0x00000007b0c80000)
  to   space 16384K, 0% used [0x00000007b0d80000,0x00000007b0d80000,0x00000007b1d80000)
 ParOldGen       total 126976K, used 73395K [0x0000000740000000, 0x0000000747c00000, 0x0000000795580000)
  object space 126976K, 57% used [0x0000000740000000,0x00000007447acc38,0x0000000747c00000)
 Metaspace       used 28027K, capacity 28313K, committed 28800K, reserved 1075200K
  class space    used 2213K, capacity 2308K, committed 2432K, reserved 1048576K
Event: 206.906 GC heap after
Heap after GC invocations=35 (full 1):
 PSYoungGen      total 388608K, used 160K [0x0000000795580000, 0x00000007b0e00000, 0x00000007c0000000)
  eden space 388096K, 0% used [0x0000000795580000,0x0000000795580000,0x00000007ad080000)
  from space 512K, 31% used [0x00000007b0d80000,0x00000007b0da8000,0x00000007b0e00000)
  to   space 15360K, 0% used [0x00000007af000000,0x00000007af000000,0x00000007aff00000)
 ParOldGen       total 126976K, used 73427K [0x0000000740000000, 0x0000000747c00000, 0x0000000795580000)
  object space 126976K, 57% used [0x0000000740000000,0x00000007447b4c38,0x0000000747c00000)
 Metaspace       used 28027K, capacity 28313K, committed 28800K, reserved 1075200K
  class space    used 2213K, capacity 2308K, committed 2432K, reserved 1048576K
}
Event: 214.559 GC heap before
{Heap before GC invocations=36 (full 1):
 PSYoungGen      total 388608K, used 388256K [0x0000000795580000, 0x00000007b0e00000, 0x00000007c0000000)
  eden space 388096K, 100% used [0x0000000795580000,0x00000007ad080000,0x00000007ad080000)
  from space 512K, 31% used [0x00000007b0d80000,0x00000007b0da8000,0x00000007b0e00000)
  to   space 15360K, 0% used [0x00000007af000000,0x00000007af000000,0x00000007aff00000)
 ParOldGen       total 126976K, used 73427K [0x0000000740000000, 0x0000000747c00000, 0x0000000795580000)
  object space 126976K, 57% used [0x0000000740000000,0x00000007447b4c38,0x0000000747c00000)
 Metaspace       used 28028K, capacity 28313K, committed 28800K, reserved 1075200K
  class space    used 2213K, capacity 2308K, committed 2432K, reserved 1048576K
Event: 214.560 GC heap after
Heap after GC invocations=36 (full 1):
 PSYoungGen      total 386048K, used 160K [0x0000000795580000, 0x00000007b0e00000, 0x00000007c0000000)
  eden space 370688K, 0% used [0x0000000795580000,0x0000000795580000,0x00000007abf80000)
  from space 15360K, 1% used [0x00000007af000000,0x00000007af028000,0x00000007aff00000)
  to   space 13824K, 0% used [0x00000007b0080000,0x00000007b0080000,0x00000007b0e00000)
 ParOldGen       total 126976K, used 73427K [0x0000000740000000, 0x0000000747c00000, 0x0000000795580000)
  object space 126976K, 57% used [0x0000000740000000,0x00000007447b4c38,0x0000000747c00000)
 Metaspace       used 28028K, capacity 28313K, committed 28800K, reserved 1075200K
  class space    used 2213K, capacity 2308K, committed 2432K, reserved 1048576K
}
Event: 221.600 GC heap before
{Heap before GC invocations=37 (full 1):
 PSYoungGen      total 386048K, used 370848K [0x0000000795580000, 0x00000007b0e00000, 0x00000007c0000000)
  eden space 370688K, 100% used [0x0000000795580000,0x00000007abf80000,0x00000007abf80000)
  from space 15360K, 1% used [0x00000007af000000,0x00000007af028000,0x00000007aff00000)
  to   space 13824K, 0% used [0x00000007b0080000,0x00000007b0080000,0x00000007b0e00000)
 ParOldGen       total 126976K, used 73427K [0x0000000740000000, 0x0000000747c00000, 0x0000000795580000)
  object space 126976K, 57% used [0x0000000740000000,0x00000007447b4c38,0x0000000747c00000)
 Metaspace       used 28033K, capacity 28313K, committed 28800K, reserved 1075200K
  class space    used 2213K, capacity 2308K, committed 2432K, reserved 1048576K
Event: 221.602 GC heap after
Heap after GC invocations=37 (full 1):
 PSYoungGen      total 354816K, used 160K [0x0000000795580000, 0x00000007b0100000, 0x00000007c0000000)
  eden space 354304K, 0% used [0x0000000795580000,0x0000000795580000,0x00000007aaf80000)
  from space 512K, 31% used [0x00000007b0080000,0x00000007b00a8000,0x00000007b0100000)
  to   space 13312K, 0% used [0x00000007ae700000,0x00000007ae700000,0x00000007af400000)
 ParOldGen       total 126976K, used 73435K [0x0000000740000000, 0x0000000747c00000, 0x0000000795580000)
  object space 126976K, 57% used [0x0000000740000000,0x00000007447b6c38,0x0000000747c00000)
 Metaspace       used 28033K, capacity 28313K, committed 28800K, reserved 1075200K
  class space    used 2213K, capacity 2308K, committed 2432K, reserved 1048576K
}
Event: 229.774 GC heap before
{Heap before GC invocations=38 (full 1):
 PSYoungGen      total 354816K, used 354464K [0x0000000795580000, 0x00000007b0100000, 0x00000007c0000000)
  eden space 354304K, 100% used [0x0000000795580000,0x00000007aaf80000,0x00000007aaf80000)
  from space 512K, 31% used [0x00000007b0080000,0x00000007b00a8000,0x00000007b0100000)
  to   space 13312K, 0% used [0x00000007ae700000,0x00000007ae700000,0x00000007af400000)
 ParOldGen       total 126976K, used 73435K [0x0000000740000000, 0x0000000747c00000, 0x0000000795580000)
  object space 126976K, 57% used [0x0000000740000000,0x00000007447b6c38,0x0000000747c00000)
 Metaspace       used 28033K, capacity 28313K, committed 28800K, reserved 1075200K
  class space    used 2213K, capacity 2308K, committed 2432K, reserved 1048576K
Event: 229.776 GC heap after
Heap after GC invocations=38 (full 1):
 PSYoungGen      total 352256K, used 192K [0x0000000795580000, 0x00000007b0100000, 0x00000007c0000000)
  eden space 338944K, 0% used [0x0000000795580000,0x0000000795580000,0x00000007aa080000)
  from space 13312K, 1% used [0x00000007ae700000,0x00000007ae730000,0x00000007af400000)
  to   space 12288K, 0% used [0x00000007af500000,0x00000007af500000,0x00000007b0100000)
 ParOldGen       total 126976K, used 73435K [0x0000000740000000, 0x0000000747c00000, 0x0000000795580000)
  object space 126976K, 57% used [0x0000000740000000,0x00000007447b6c38,0x0000000747c00000)
 Metaspace       used 28033K, capacity 28313K, committed 28800K, reserved 1075200K
  class space    used 2213K, capacity 2308K, committed 2432K, reserved 1048576K
}

