# JRE version: Java(TM) SE Runtime Environment (8.0_251-b08) (build 1.8.0_251-b08)
# Java VM: Java HotSpot(TM) 64-Bit Server VM (25.251-b08 mixed mode bsd-amd64 compressed oops)
Heap:
 PSYoungGen      total 181248K, used 148362K [0x0000000795580000, 0x00000007a8700000, 0x00000007c0000000)
  eden space 174080K, 85% used [0x0000000795580000,0x000000079e652a80,0x000000079ff80000)
  from space 7168K, 0% used [0x00000007a7900000,0x00000007a7910000,0x00000007a8000000)
  to   space 6656K, 0% used [0x00000007a8080000,0x00000007a8080000,0x00000007a8700000)
 ParOldGen       total 128000K, used 73476K [0x0000000740000000, 0x0000000747d00000, 0x0000000795580000)
  object space 128000K, 57% used [0x0000000740000000,0x00000007447c12b0,0x0000000747d00000)
 Metaspace       used 28132K, capacity 28479K, committed 28800K, reserved 1075200K
  class space    used 2242K, capacity 2345K, committed 2432K, reserved 1048576K
GC Heap History (10 events):
Event: 277.277 GC heap before
{Heap before GC invocations=42 (full 1):
 PSYoungGen      total 214016K, used 213632K [0x0000000795580000, 0x00000007a9700000, 0x00000007c0000000)
  eden space 213504K, 100% used [0x0000000795580000,0x00000007a2600000,0x00000007a2600000)
  from space 512K, 25% used [0x00000007a9680000,0x00000007a96a0000,0x00000007a9700000)
  to   space 10240K, 0% used [0x00000007a8300000,0x00000007a8300000,0x00000007a8d00000)
 ParOldGen       total 128000K, used 73396K [0x0000000740000000, 0x0000000747d00000, 0x0000000795580000)
  object space 128000K, 57% used [0x0000000740000000,0x00000007447ad2b0,0x0000000747d00000)
 Metaspace       used 28044K, capacity 28409K, committed 28800K, reserved 1075200K
  class space    used 2228K, capacity 2342K, committed 2432K, reserved 1048576K
Event: 277.281 GC heap after
Heap after GC invocations=42 (full 1):
 PSYoungGen      total 215040K, used 128K [0x0000000795580000, 0x00000007a9700000, 0x00000007c0000000)
  eden space 204800K, 0% used [0x0000000795580000,0x0000000795580000,0x00000007a1d80000)
  from space 10240K, 1% used [0x00000007a8300000,0x00000007a8320000,0x00000007a8d00000)
  to   space 9216K, 0% used [0x00000007a8e00000,0x00000007a8e00000,0x00000007a9700000)
 ParOldGen       total 128000K, used 73404K [0x0000000740000000, 0x0000000747d00000, 0x0000000795580000)
  object space 128000K, 57% used [0x0000000740000000,0x00000007447af2b0,0x0000000747d00000)
 Metaspace       used 28044K, capacity 28409K, committed 28800K, reserved 1075200K
  class space    used 2228K, capacity 2342K, committed 2432K, reserved 1048576K
}
Event: 282.028 GC heap before
{Heap before GC invocations=43 (full 1):
 PSYoungGen      total 215040K, used 204928K [0x0000000795580000, 0x00000007a9700000, 0x00000007c0000000)
  eden space 204800K, 100% used [0x0000000795580000,0x00000007a1d80000,0x00000007a1d80000)
  from space 10240K, 1% used [0x00000007a8300000,0x00000007a8320000,0x00000007a8d00000)
  to   space 9216K, 0% used [0x00000007a8e00000,0x00000007a8e00000,0x00000007a9700000)
 ParOldGen       total 128000K, used 73404K [0x0000000740000000, 0x0000000747d00000, 0x0000000795580000)
  object space 128000K, 57% used [0x0000000740000000,0x00000007447af2b0,0x0000000747d00000)
 Metaspace       used 28044K, capacity 28409K, committed 28800K, reserved 1075200K
  class space    used 2228K, capacity 2342K, committed 2432K, reserved 1048576K
Event: 282.031 GC heap after
Heap after GC invocations=43 (full 1):
 PSYoungGen      total 197120K, used 128K [0x0000000795580000, 0x00000007a8e80000, 0x00000007c0000000)
  eden space 196608K, 0% used [0x0000000795580000,0x0000000795580000,0x00000007a1580000)
  from space 512K, 25% used [0x00000007a8e00000,0x00000007a8e20000,0x00000007a8e80000)
  to   space 8704K, 0% used [0x00000007a7d80000,0x00000007a7d80000,0x00000007a8600000)
 ParOldGen       total 128000K, used 73444K [0x0000000740000000, 0x0000000747d00000, 0x0000000795580000)
  object space 128000K, 57% used [0x0000000740000000,0x00000007447b92b0,0x0000000747d00000)
 Metaspace       used 28044K, capacity 28409K, committed 28800K, reserved 1075200K
  class space    used 2228K, capacity 2342K, committed 2432K, reserved 1048576K
}
Event: 286.237 GC heap before
{Heap before GC invocations=44 (full 1):
 PSYoungGen      total 197120K, used 196735K [0x0000000795580000, 0x00000007a8e80000, 0x00000007c0000000)
  eden space 196608K, 99% used [0x0000000795580000,0x00000007a157ffd8,0x00000007a1580000)
  from space 512K, 25% used [0x00000007a8e00000,0x00000007a8e20000,0x00000007a8e80000)
  to   space 8704K, 0% used [0x00000007a7d80000,0x00000007a7d80000,0x00000007a8600000)
 ParOldGen       total 128000K, used 73444K [0x0000000740000000, 0x0000000747d00000, 0x0000000795580000)
  object space 128000K, 57% used [0x0000000740000000,0x00000007447b92b0,0x0000000747d00000)
 Metaspace       used 28044K, capacity 28409K, committed 28800K, reserved 1075200K
  class space    used 2228K, capacity 2342K, committed 2432K, reserved 1048576K
Event: 286.239 GC heap after
Heap after GC invocations=44 (full 1):
 PSYoungGen      total 197632K, used 128K [0x0000000795580000, 0x00000007a8e80000, 0x00000007c0000000)
  eden space 188928K, 0% used [0x0000000795580000,0x0000000795580000,0x00000007a0e00000)
  from space 8704K, 1% used [0x00000007a7d80000,0x00000007a7da0000,0x00000007a8600000)
  to   space 8192K, 0% used [0x00000007a8680000,0x00000007a8680000,0x00000007a8e80000)
 ParOldGen       total 128000K, used 73460K [0x0000000740000000, 0x0000000747d00000, 0x0000000795580000)
  object space 128000K, 57% used [0x0000000740000000,0x00000007447bd2b0,0x0000000747d00000)
 Metaspace       used 28044K, capacity 28409K, committed 28800K, reserved 1075200K
  class space    used 2228K, capacity 2342K, committed 2432K, reserved 1048576K
}
Event: 290.269 GC heap before
{Heap before GC invocations=45 (full 1):
 PSYoungGen      total 197632K, used 189056K [0x0000000795580000, 0x00000007a8e80000, 0x00000007c0000000)
  eden space 188928K, 100% used [0x0000000795580000,0x00000007a0e00000,0x00000007a0e00000)
  from space 8704K, 1% used [0x00000007a7d80000,0x00000007a7da0000,0x00000007a8600000)
  to   space 8192K, 0% used [0x00000007a8680000,0x00000007a8680000,0x00000007a8e80000)
 ParOldGen       total 128000K, used 73460K [0x0000000740000000, 0x0000000747d00000, 0x0000000795580000)
  object space 128000K, 57% used [0x0000000740000000,0x00000007447bd2b0,0x0000000747d00000)
 Metaspace       used 28044K, capacity 28409K, committed 28800K, reserved 1075200K
  class space    used 2228K, capacity 2342K, committed 2432K, reserved 1048576K
Event: 290.272 GC heap after
Heap after GC invocations=45 (full 1):
 PSYoungGen      total 181760K, used 96K [0x0000000795580000, 0x00000007a8700000, 0x00000007c0000000)
  eden space 181248K, 0% used [0x0000000795580000,0x0000000795580000,0x00000007a0680000)
  from space 512K, 18% used [0x00000007a8680000,0x00000007a8698000,0x00000007a8700000)
  to   space 7168K, 0% used [0x00000007a7900000,0x00000007a7900000,0x00000007a8000000)
 ParOldGen       total 128000K, used 73476K [0x0000000740000000, 0x0000000747d00000, 0x0000000795580000)
  object space 128000K, 57% used [0x0000000740000000,0x00000007447c12b0,0x0000000747d00000)
 Metaspace       used 28044K, capacity 28409K, committed 28800K, reserved 1075200K
  class space    used 2228K, capacity 2342K, committed 2432K, reserved 1048576K
}
Event: 294.164 GC heap before
{Heap before GC invocations=46 (full 1):
 PSYoungGen      total 181760K, used 181344K [0x0000000795580000, 0x00000007a8700000, 0x00000007c0000000)
  eden space 181248K, 100% used [0x0000000795580000,0x00000007a0680000,0x00000007a0680000)
  from space 512K, 18% used [0x00000007a8680000,0x00000007a8698000,0x00000007a8700000)
  to   space 7168K, 0% used [0x00000007a7900000,0x00000007a7900000,0x00000007a8000000)
 ParOldGen       total 128000K, used 73476K [0x0000000740000000, 0x0000000747d00000, 0x0000000795580000)
  object space 128000K, 57% used [0x0000000740000000,0x00000007447c12b0,0x0000000747d00000)
 Metaspace       used 28044K, capacity 28409K, committed 28800K, reserved 1075200K
  class space    used 2228K, capacity 2342K, committed 2432K, reserved 1048576K
Event: 294.166 GC heap after
Heap after GC invocations=46 (full 1):
 PSYoungGen      total 181248K, used 64K [0x0000000795580000, 0x00000007a8700000, 0x00000007c0000000)
  eden space 174080K, 0% used [0x0000000795580000,0x0000000795580000,0x000000079ff80000)
  from space 7168K, 0% used [0x00000007a7900000,0x00000007a7910000,0x00000007a8000000)
  to   space 6656K, 0% used [0x00000007a8080000,0x00000007a8080000,0x00000007a8700000)
 ParOldGen       total 128000K, used 73476K [0x0000000740000000, 0x0000000747d00000, 0x0000000795580000)
  object space 128000K, 57% used [0x0000000740000000,0x00000007447c12b0,0x0000000747d00000)
 Metaspace       used 28044K, capacity 28409K, committed 28800K, reserved 1075200K
  class space    used 2228K, capacity 2342K, committed 2432K, reserved 1048576K
}

