# JRE version: Java(TM) SE Runtime Environment (8.0_251-b08) (build 1.8.0_251-b08)
# Java VM: Java HotSpot(TM) 64-Bit Server VM (25.251-b08 mixed mode bsd-amd64 compressed oops)
Heap:
 PSYoungGen      total 27136K, used 20886K [0x0000000795580000, 0x00000007a8c00000, 0x00000007c0000000)
  eden space 26624K, 77% used [0x0000000795580000,0x00000007969c59e8,0x0000000796f80000)
  from space 512K, 25% used [0x00000007a8b00000,0x00000007a8b20000,0x00000007a8b80000)
  to   space 512K, 0% used [0x00000007a8b80000,0x00000007a8b80000,0x00000007a8c00000)
 ParOldGen       total 129536K, used 73711K [0x0000000740000000, 0x0000000747e80000, 0x0000000795580000)
  object space 129536K, 56% used [0x0000000740000000,0x00000007447fbdc0,0x0000000747e80000)
 Metaspace       used 28197K, capacity 28557K, committed 28800K, reserved 1075200K
  class space    used 2241K, capacity 2344K, committed 2432K, reserved 1048576K
GC Heap History (10 events):
Event: 687.246 GC heap before
{Heap before GC invocations=494 (full 1):
 PSYoungGen      total 27136K, used 26720K [0x0000000795580000, 0x00000007a8c00000, 0x00000007c0000000)
  eden space 26624K, 100% used [0x0000000795580000,0x0000000796f80000,0x0000000796f80000)
  from space 512K, 18% used [0x00000007a8b80000,0x00000007a8b98000,0x00000007a8c00000)
  to   space 512K, 0% used [0x00000007a8b00000,0x00000007a8b00000,0x00000007a8b80000)
 ParOldGen       total 129536K, used 73711K [0x0000000740000000, 0x0000000747e80000, 0x0000000795580000)
  object space 129536K, 56% used [0x0000000740000000,0x00000007447fbdc0,0x0000000747e80000)
 Metaspace       used 28087K, capacity 28455K, committed 28800K, reserved 1075200K
  class space    used 2223K, capacity 2309K, committed 2432K, reserved 1048576K
Event: 687.248 GC heap after
Heap after GC invocations=494 (full 1):
 PSYoungGen      total 27136K, used 96K [0x0000000795580000, 0x00000007a8c00000, 0x00000007c0000000)
  eden space 26624K, 0% used [0x0000000795580000,0x0000000795580000,0x0000000796f80000)
  from space 512K, 18% used [0x00000007a8b00000,0x00000007a8b18000,0x00000007a8b80000)
  to   space 512K, 0% used [0x00000007a8b80000,0x00000007a8b80000,0x00000007a8c00000)
 ParOldGen       total 129536K, used 73711K [0x0000000740000000, 0x0000000747e80000, 0x0000000795580000)
  object space 129536K, 56% used [0x0000000740000000,0x00000007447fbdc0,0x0000000747e80000)
 Metaspace       used 28087K, capacity 28455K, committed 28800K, reserved 1075200K
  class space    used 2223K, capacity 2309K, committed 2432K, reserved 1048576K
}
Event: 687.848 GC heap before
{Heap before GC invocations=495 (full 1):
 PSYoungGen      total 27136K, used 26720K [0x0000000795580000, 0x00000007a8c00000, 0x00000007c0000000)
  eden space 26624K, 100% used [0x0000000795580000,0x0000000796f80000,0x0000000796f80000)
  from space 512K, 18% used [0x00000007a8b00000,0x00000007a8b18000,0x00000007a8b80000)
  to   space 512K, 0% used [0x00000007a8b80000,0x00000007a8b80000,0x00000007a8c00000)
 ParOldGen       total 129536K, used 73711K [0x0000000740000000, 0x0000000747e80000, 0x0000000795580000)
  object space 129536K, 56% used [0x0000000740000000,0x00000007447fbdc0,0x0000000747e80000)
 Metaspace       used 28087K, capacity 28455K, committed 28800K, reserved 1075200K
  class space    used 2223K, capacity 2309K, committed 2432K, reserved 1048576K
Event: 687.849 GC heap after
Heap after GC invocations=495 (full 1):
 PSYoungGen      total 27136K, used 96K [0x0000000795580000, 0x00000007a8c00000, 0x00000007c0000000)
  eden space 26624K, 0% used [0x0000000795580000,0x0000000795580000,0x0000000796f80000)
  from space 512K, 18% used [0x00000007a8b80000,0x00000007a8b98000,0x00000007a8c00000)
  to   space 512K, 0% used [0x00000007a8b00000,0x00000007a8b00000,0x00000007a8b80000)
 ParOldGen       total 129536K, used 73711K [0x0000000740000000, 0x0000000747e80000, 0x0000000795580000)
  object space 129536K, 56% used [0x0000000740000000,0x00000007447fbdc0,0x0000000747e80000)
 Metaspace       used 28087K, capacity 28455K, committed 28800K, reserved 1075200K
  class space    used 2223K, capacity 2309K, committed 2432K, reserved 1048576K
}
Event: 688.437 GC heap before
{Heap before GC invocations=496 (full 1):
 PSYoungGen      total 27136K, used 26720K [0x0000000795580000, 0x00000007a8c00000, 0x00000007c0000000)
  eden space 26624K, 100% used [0x0000000795580000,0x0000000796f80000,0x0000000796f80000)
  from space 512K, 18% used [0x00000007a8b80000,0x00000007a8b98000,0x00000007a8c00000)
  to   space 512K, 0% used [0x00000007a8b00000,0x00000007a8b00000,0x00000007a8b80000)
 ParOldGen       total 129536K, used 73711K [0x0000000740000000, 0x0000000747e80000, 0x0000000795580000)
  object space 129536K, 56% used [0x0000000740000000,0x00000007447fbdc0,0x0000000747e80000)
 Metaspace       used 28087K, capacity 28455K, committed 28800K, reserved 1075200K
  class space    used 2223K, capacity 2309K, committed 2432K, reserved 1048576K
Event: 688.439 GC heap after
Heap after GC invocations=496 (full 1):
 PSYoungGen      total 27136K, used 96K [0x0000000795580000, 0x00000007a8c00000, 0x00000007c0000000)
  eden space 26624K, 0% used [0x0000000795580000,0x0000000795580000,0x0000000796f80000)
  from space 512K, 18% used [0x00000007a8b00000,0x00000007a8b18000,0x00000007a8b80000)
  to   space 512K, 0% used [0x00000007a8b80000,0x00000007a8b80000,0x00000007a8c00000)
 ParOldGen       total 129536K, used 73711K [0x0000000740000000, 0x0000000747e80000, 0x0000000795580000)
  object space 129536K, 56% used [0x0000000740000000,0x00000007447fbdc0,0x0000000747e80000)
 Metaspace       used 28087K, capacity 28455K, committed 28800K, reserved 1075200K
  class space    used 2223K, capacity 2309K, committed 2432K, reserved 1048576K
}
Event: 688.895 GC heap before
{Heap before GC invocations=497 (full 1):
 PSYoungGen      total 27136K, used 26720K [0x0000000795580000, 0x00000007a8c00000, 0x00000007c0000000)
  eden space 26624K, 100% used [0x0000000795580000,0x0000000796f80000,0x0000000796f80000)
  from space 512K, 18% used [0x00000007a8b00000,0x00000007a8b18000,0x00000007a8b80000)
  to   space 512K, 0% used [0x00000007a8b80000,0x00000007a8b80000,0x00000007a8c00000)
 ParOldGen       total 129536K, used 73711K [0x0000000740000000, 0x0000000747e80000, 0x0000000795580000)
  object space 129536K, 56% used [0x0000000740000000,0x00000007447fbdc0,0x0000000747e80000)
 Metaspace       used 28087K, capacity 28455K, committed 28800K, reserved 1075200K
  class space    used 2223K, capacity 2309K, committed 2432K, reserved 1048576K
Event: 688.897 GC heap after
Heap after GC invocations=497 (full 1):
 PSYoungGen      total 27136K, used 64K [0x0000000795580000, 0x00000007a8c00000, 0x00000007c0000000)
  eden space 26624K, 0% used [0x0000000795580000,0x0000000795580000,0x0000000796f80000)
  from space 512K, 12% used [0x00000007a8b80000,0x00000007a8b90000,0x00000007a8c00000)
  to   space 512K, 0% used [0x00000007a8b00000,0x00000007a8b00000,0x00000007a8b80000)
 ParOldGen       total 129536K, used 73711K [0x0000000740000000, 0x0000000747e80000, 0x0000000795580000)
  object space 129536K, 56% used [0x0000000740000000,0x00000007447fbdc0,0x0000000747e80000)
 Metaspace       used 28087K, capacity 28455K, committed 28800K, reserved 1075200K
  class space    used 2223K, capacity 2309K, committed 2432K, reserved 1048576K
}
Event: 689.517 GC heap before
{Heap before GC invocations=498 (full 1):
 PSYoungGen      total 27136K, used 26688K [0x0000000795580000, 0x00000007a8c00000, 0x00000007c0000000)
  eden space 26624K, 100% used [0x0000000795580000,0x0000000796f80000,0x0000000796f80000)
  from space 512K, 12% used [0x00000007a8b80000,0x00000007a8b90000,0x00000007a8c00000)
  to   space 512K, 0% used [0x00000007a8b00000,0x00000007a8b00000,0x00000007a8b80000)
 ParOldGen       total 129536K, used 73711K [0x0000000740000000, 0x0000000747e80000, 0x0000000795580000)
  object space 129536K, 56% used [0x0000000740000000,0x00000007447fbdc0,0x0000000747e80000)
 Metaspace       used 28128K, capacity 28489K, committed 28800K, reserved 1075200K
  class space    used 2227K, capacity 2342K, committed 2432K, reserved 1048576K
Event: 689.518 GC heap after
Heap after GC invocations=498 (full 1):
 PSYoungGen      total 27136K, used 128K [0x0000000795580000, 0x00000007a8c00000, 0x00000007c0000000)
  eden space 26624K, 0% used [0x0000000795580000,0x0000000795580000,0x0000000796f80000)
  from space 512K, 25% used [0x00000007a8b00000,0x00000007a8b20000,0x00000007a8b80000)
  to   space 512K, 0% used [0x00000007a8b80000,0x00000007a8b80000,0x00000007a8c00000)
 ParOldGen       total 129536K, used 73711K [0x0000000740000000, 0x0000000747e80000, 0x0000000795580000)
  object space 129536K, 56% used [0x0000000740000000,0x00000007447fbdc0,0x0000000747e80000)
 Metaspace       used 28128K, capacity 28489K, committed 28800K, reserved 1075200K
  class space    used 2227K, capacity 2342K, committed 2432K, reserved 1048576K
}

