# JRE version: Java(TM) SE Runtime Environment (8.0_251-b08) (build 1.8.0_251-b08)
# Java VM: Java HotSpot(TM) 64-Bit Server VM (25.251-b08 mixed mode bsd-amd64 compressed oops)
Heap:
 PSYoungGen      total 523776K, used 381354K [0x0000000795580000, 0x00000007b7b80000, 0x00000007c0000000)
  eden space 488448K, 78% used [0x0000000795580000,0x00000007ac9d29a0,0x00000007b3280000)
  from space 35328K, 0% used [0x00000007b5900000,0x00000007b5918000,0x00000007b7b80000)
  to   space 37376K, 0% used [0x00000007b3280000,0x00000007b3280000,0x00000007b5700000)
 ParOldGen       total 201216K, used 93335K [0x0000000740000000, 0x000000074c480000, 0x0000000795580000)
  object space 201216K, 46% used [0x0000000740000000,0x0000000745b25df8,0x000000074c480000)
 Metaspace       used 28779K, capacity 29071K, committed 29312K, reserved 1077248K
  class space    used 2256K, capacity 2345K, committed 2432K, reserved 1048576K
GC Heap History (10 events):
Event: 280.399 GC heap before
{Heap before GC invocations=42 (full 2):
 PSYoungGen      total 532992K, used 481888K [0x0000000795580000, 0x00000007b8d80000, 0x00000007c0000000)
  eden space 481792K, 100% used [0x0000000795580000,0x00000007b2c00000,0x00000007b2c00000)
  from space 51200K, 0% used [0x00000007b2c00000,0x00000007b2c18000,0x00000007b5e00000)
  to   space 48640K, 0% used [0x00000007b5e00000,0x00000007b5e00000,0x00000007b8d80000)
 ParOldGen       total 201216K, used 93335K [0x0000000740000000, 0x000000074c480000, 0x0000000795580000)
  object space 201216K, 46% used [0x0000000740000000,0x0000000745b25df8,0x000000074c480000)
 Metaspace       used 28725K, capacity 29065K, committed 29312K, reserved 1077248K
  class space    used 2242K, capacity 2342K, committed 2432K, reserved 1048576K
Event: 280.402 GC heap after
Heap after GC invocations=42 (full 2):
 PSYoungGen      total 528896K, used 64K [0x0000000795580000, 0x00000007b8980000, 0x00000007c0000000)
  eden space 484352K, 0% used [0x0000000795580000,0x0000000795580000,0x00000007b2e80000)
  from space 44544K, 0% used [0x00000007b5e00000,0x00000007b5e10000,0x00000007b8980000)
  to   space 46592K, 0% used [0x00000007b2e80000,0x00000007b2e80000,0x00000007b5c00000)
 ParOldGen       total 201216K, used 93335K [0x0000000740000000, 0x000000074c480000, 0x0000000795580000)
  object space 201216K, 46% used [0x0000000740000000,0x0000000745b25df8,0x000000074c480000)
 Metaspace       used 28725K, capacity 29065K, committed 29312K, reserved 1077248K
  class space    used 2242K, capacity 2342K, committed 2432K, reserved 1048576K
}
Event: 291.193 GC heap before
{Heap before GC invocations=43 (full 2):
 PSYoungGen      total 528896K, used 484416K [0x0000000795580000, 0x00000007b8980000, 0x00000007c0000000)
  eden space 484352K, 100% used [0x0000000795580000,0x00000007b2e80000,0x00000007b2e80000)
  from space 44544K, 0% used [0x00000007b5e00000,0x00000007b5e10000,0x00000007b8980000)
  to   space 46592K, 0% used [0x00000007b2e80000,0x00000007b2e80000,0x00000007b5c00000)
 ParOldGen       total 201216K, used 93335K [0x0000000740000000, 0x000000074c480000, 0x0000000795580000)
  object space 201216K, 46% used [0x0000000740000000,0x0000000745b25df8,0x000000074c480000)
 Metaspace       used 28725K, capacity 29065K, committed 29312K, reserved 1077248K
  class space    used 2242K, capacity 2342K, committed 2432K, reserved 1048576K
Event: 291.195 GC heap after
Heap after GC invocations=43 (full 2):
 PSYoungGen      total 530944K, used 64K [0x0000000795580000, 0x00000007b8700000, 0x00000007c0000000)
  eden space 484352K, 0% used [0x0000000795580000,0x0000000795580000,0x00000007b2e80000)
  from space 46592K, 0% used [0x00000007b2e80000,0x00000007b2e90000,0x00000007b5c00000)
  to   space 44032K, 0% used [0x00000007b5c00000,0x00000007b5c00000,0x00000007b8700000)
 ParOldGen       total 201216K, used 93335K [0x0000000740000000, 0x000000074c480000, 0x0000000795580000)
  object space 201216K, 46% used [0x0000000740000000,0x0000000745b25df8,0x000000074c480000)
 Metaspace       used 28725K, capacity 29065K, committed 29312K, reserved 1077248K
  class space    used 2242K, capacity 2342K, committed 2432K, reserved 1048576K
}
Event: 301.967 GC heap before
{Heap before GC invocations=44 (full 2):
 PSYoungGen      total 530944K, used 484416K [0x0000000795580000, 0x00000007b8700000, 0x00000007c0000000)
  eden space 484352K, 100% used [0x0000000795580000,0x00000007b2e80000,0x00000007b2e80000)
  from space 46592K, 0% used [0x00000007b2e80000,0x00000007b2e90000,0x00000007b5c00000)
  to   space 44032K, 0% used [0x00000007b5c00000,0x00000007b5c00000,0x00000007b8700000)
 ParOldGen       total 201216K, used 93335K [0x0000000740000000, 0x000000074c480000, 0x0000000795580000)
  object space 201216K, 46% used [0x0000000740000000,0x0000000745b25df8,0x000000074c480000)
 Metaspace       used 28725K, capacity 29065K, committed 29312K, reserved 1077248K
  class space    used 2242K, capacity 2342K, committed 2432K, reserved 1048576K
Event: 301.969 GC heap after
Heap after GC invocations=44 (full 2):
 PSYoungGen      total 524800K, used 96K [0x0000000795580000, 0x00000007b8180000, 0x00000007c0000000)
  eden space 486400K, 0% used [0x0000000795580000,0x0000000795580000,0x00000007b3080000)
  from space 38400K, 0% used [0x00000007b5c00000,0x00000007b5c18000,0x00000007b8180000)
  to   space 41472K, 0% used [0x00000007b3080000,0x00000007b3080000,0x00000007b5900000)
 ParOldGen       total 201216K, used 93335K [0x0000000740000000, 0x000000074c480000, 0x0000000795580000)
  object space 201216K, 46% used [0x0000000740000000,0x0000000745b25df8,0x000000074c480000)
 Metaspace       used 28725K, capacity 29065K, committed 29312K, reserved 1077248K
  class space    used 2242K, capacity 2342K, committed 2432K, reserved 1048576K
}
Event: 312.872 GC heap before
{Heap before GC invocations=45 (full 2):
 PSYoungGen      total 524800K, used 486496K [0x0000000795580000, 0x00000007b8180000, 0x00000007c0000000)
  eden space 486400K, 100% used [0x0000000795580000,0x00000007b3080000,0x00000007b3080000)
  from space 38400K, 0% used [0x00000007b5c00000,0x00000007b5c18000,0x00000007b8180000)
  to   space 41472K, 0% used [0x00000007b3080000,0x00000007b3080000,0x00000007b5900000)
 ParOldGen       total 201216K, used 93335K [0x0000000740000000, 0x000000074c480000, 0x0000000795580000)
  object space 201216K, 46% used [0x0000000740000000,0x0000000745b25df8,0x000000074c480000)
 Metaspace       used 28725K, capacity 29065K, committed 29312K, reserved 1077248K
  class space    used 2242K, capacity 2342K, committed 2432K, reserved 1048576K
Event: 312.873 GC heap after
Heap after GC invocations=45 (full 2):
 PSYoungGen      total 527872K, used 96K [0x0000000795580000, 0x00000007b7f80000, 0x00000007c0000000)
  eden space 486400K, 0% used [0x0000000795580000,0x0000000795580000,0x00000007b3080000)
  from space 41472K, 0% used [0x00000007b3080000,0x00000007b3098000,0x00000007b5900000)
  to   space 39424K, 0% used [0x00000007b5900000,0x00000007b5900000,0x00000007b7f80000)
 ParOldGen       total 201216K, used 93335K [0x0000000740000000, 0x000000074c480000, 0x0000000795580000)
  object space 201216K, 46% used [0x0000000740000000,0x0000000745b25df8,0x000000074c480000)
 Metaspace       used 28725K, capacity 29065K, committed 29312K, reserved 1077248K
  class space    used 2242K, capacity 2342K, committed 2432K, reserved 1048576K
}
Event: 323.756 GC heap before
{Heap before GC invocations=46 (full 2):
 PSYoungGen      total 527872K, used 486496K [0x0000000795580000, 0x00000007b7f80000, 0x00000007c0000000)
  eden space 486400K, 100% used [0x0000000795580000,0x00000007b3080000,0x00000007b3080000)
  from space 41472K, 0% used [0x00000007b3080000,0x00000007b3098000,0x00000007b5900000)
  to   space 39424K, 0% used [0x00000007b5900000,0x00000007b5900000,0x00000007b7f80000)
 ParOldGen       total 201216K, used 93335K [0x0000000740000000, 0x000000074c480000, 0x0000000795580000)
  object space 201216K, 46% used [0x0000000740000000,0x0000000745b25df8,0x000000074c480000)
 Metaspace       used 28725K, capacity 29065K, committed 29312K, reserved 1077248K
  class space    used 2242K, capacity 2342K, committed 2432K, reserved 1048576K
Event: 323.758 GC heap after
Heap after GC invocations=46 (full 2):
 PSYoungGen      total 523776K, used 96K [0x0000000795580000, 0x00000007b7b80000, 0x00000007c0000000)
  eden space 488448K, 0% used [0x0000000795580000,0x0000000795580000,0x00000007b3280000)
  from space 35328K, 0% used [0x00000007b5900000,0x00000007b5918000,0x00000007b7b80000)
  to   space 37376K, 0% used [0x00000007b3280000,0x00000007b3280000,0x00000007b5700000)
 ParOldGen       total 201216K, used 93335K [0x0000000740000000, 0x000000074c480000, 0x0000000795580000)
  object space 201216K, 46% used [0x0000000740000000,0x0000000745b25df8,0x000000074c480000)
 Metaspace       used 28725K, capacity 29065K, committed 29312K, reserved 1077248K
  class space    used 2242K, capacity 2342K, committed 2432K, reserved 1048576K
}

