# JRE version: Java(TM) SE Runtime Environment (8.0_251-b08) (build 1.8.0_251-b08)
# Java VM: Java HotSpot(TM) 64-Bit Server VM (25.251-b08 mixed mode bsd-amd64 compressed oops)
Heap:
 PSYoungGen      total 196608K, used 66052K [0x0000000795580000, 0x00000007a3100000, 0x00000007c0000000)
  eden space 196096K, 33% used [0x0000000795580000,0x00000007995d1228,0x00000007a1500000)
  from space 512K, 37% used [0x00000007a1d00000,0x00000007a1d30000,0x00000007a1d80000)
  to   space 13824K, 0% used [0x00000007a2380000,0x00000007a2380000,0x00000007a3100000)
 ParOldGen       total 50688K, used 22911K [0x0000000740000000, 0x0000000743180000, 0x0000000795580000)
  object space 50688K, 45% used [0x0000000740000000,0x000000074165fff0,0x0000000743180000)
 Metaspace       used 25280K, capacity 25703K, committed 25984K, reserved 1073152K
  class space    used 2501K, capacity 2654K, committed 2688K, reserved 1048576K
GC Heap History (10 events):
Event: 25.734 GC heap before
{Heap before GC invocations=8 (full 1):
 PSYoungGen      total 117248K, used 109687K [0x0000000795580000, 0x000000079dc00000, 0x00000007c0000000)
  eden space 104448K, 100% used [0x0000000795580000,0x000000079bb80000,0x000000079bb80000)
  from space 12800K, 40% used [0x000000079c800000,0x000000079cd1dda0,0x000000079d480000)
  to   space 12800K, 0% used [0x000000079bb80000,0x000000079bb80000,0x000000079c800000)
 ParOldGen       total 50688K, used 17631K [0x0000000740000000, 0x0000000743180000, 0x0000000795580000)
  object space 50688K, 34% used [0x0000000740000000,0x0000000741137e60,0x0000000743180000)
 Metaspace       used 25202K, capacity 25571K, committed 25728K, reserved 1073152K
  class space    used 2489K, capacity 2588K, committed 2688K, reserved 1048576K
Event: 25.740 GC heap after
Heap after GC invocations=8 (full 1):
 PSYoungGen      total 117248K, used 5287K [0x0000000795580000, 0x00000007a1300000, 0x00000007c0000000)
  eden space 104448K, 0% used [0x0000000795580000,0x0000000795580000,0x000000079bb80000)
  from space 12800K, 41% used [0x000000079bb80000,0x000000079c0a9d90,0x000000079c800000)
  to   space 12288K, 0% used [0x00000007a0700000,0x00000007a0700000,0x00000007a1300000)
 ParOldGen       total 50688K, used 17639K [0x0000000740000000, 0x0000000743180000, 0x0000000795580000)
  object space 50688K, 34% used [0x0000000740000000,0x0000000741139e60,0x0000000743180000)
 Metaspace       used 25202K, capacity 25571K, committed 25728K, reserved 1073152K
  class space    used 2489K, capacity 2588K, committed 2688K, reserved 1048576K
}
Event: 34.901 GC heap before
{Heap before GC invocations=9 (full 1):
 PSYoungGen      total 117248K, used 109735K [0x0000000795580000, 0x00000007a1300000, 0x00000007c0000000)
  eden space 104448K, 100% used [0x0000000795580000,0x000000079bb80000,0x000000079bb80000)
  from space 12800K, 41% used [0x000000079bb80000,0x000000079c0a9d90,0x000000079c800000)
  to   space 12288K, 0% used [0x00000007a0700000,0x00000007a0700000,0x00000007a1300000)
 ParOldGen       total 50688K, used 17639K [0x0000000740000000, 0x0000000743180000, 0x0000000795580000)
  object space 50688K, 34% used [0x0000000740000000,0x0000000741139e60,0x0000000743180000)
 Metaspace       used 25203K, capacity 25571K, committed 25728K, reserved 1073152K
  class space    used 2489K, capacity 2588K, committed 2688K, reserved 1048576K
Event: 34.908 GC heap after
Heap after GC invocations=9 (full 1):
 PSYoungGen      total 169472K, used 1344K [0x0000000795580000, 0x00000007a0d80000, 0x00000007c0000000)
  eden space 162816K, 0% used [0x0000000795580000,0x0000000795580000,0x000000079f480000)
  from space 6656K, 20% used [0x00000007a0700000,0x00000007a0850060,0x00000007a0d80000)
  to   space 12800K, 0% used [0x000000079f480000,0x000000079f480000,0x00000007a0100000)
 ParOldGen       total 50688K, used 21597K [0x0000000740000000, 0x0000000743180000, 0x0000000795580000)
  object space 50688K, 42% used [0x0000000740000000,0x00000007415176d0,0x0000000743180000)
 Metaspace       used 25203K, capacity 25571K, committed 25728K, reserved 1073152K
  class space    used 2489K, capacity 2588K, committed 2688K, reserved 1048576K
}
Event: 47.757 GC heap before
{Heap before GC invocations=10 (full 1):
 PSYoungGen      total 169472K, used 164160K [0x0000000795580000, 0x00000007a0d80000, 0x00000007c0000000)
  eden space 162816K, 100% used [0x0000000795580000,0x000000079f480000,0x000000079f480000)
  from space 6656K, 20% used [0x00000007a0700000,0x00000007a0850060,0x00000007a0d80000)
  to   space 12800K, 0% used [0x000000079f480000,0x000000079f480000,0x00000007a0100000)
 ParOldGen       total 50688K, used 21597K [0x0000000740000000, 0x0000000743180000, 0x0000000795580000)
  object space 50688K, 42% used [0x0000000740000000,0x00000007415176d0,0x0000000743180000)
 Metaspace       used 25220K, capacity 25635K, committed 25984K, reserved 1073152K
  class space    used 2489K, capacity 2588K, committed 2688K, reserved 1048576K
Event: 47.761 GC heap after
Heap after GC invocations=10 (full 1):
 PSYoungGen      total 175616K, used 192K [0x0000000795580000, 0x00000007a3d80000, 0x00000007c0000000)
  eden space 162816K, 0% used [0x0000000795580000,0x0000000795580000,0x000000079f480000)
  from space 12800K, 1% used [0x000000079f480000,0x000000079f4b0000,0x00000007a0100000)
  to   space 13312K, 0% used [0x00000007a3080000,0x00000007a3080000,0x00000007a3d80000)
 ParOldGen       total 50688K, used 22855K [0x0000000740000000, 0x0000000743180000, 0x0000000795580000)
  object space 50688K, 45% used [0x0000000740000000,0x0000000741651ff0,0x0000000743180000)
 Metaspace       used 25220K, capacity 25635K, committed 25984K, reserved 1073152K
  class space    used 2489K, capacity 2588K, committed 2688K, reserved 1048576K
}
Event: 62.010 GC heap before
{Heap before GC invocations=11 (full 1):
 PSYoungGen      total 175616K, used 163008K [0x0000000795580000, 0x00000007a3d80000, 0x00000007c0000000)
  eden space 162816K, 100% used [0x0000000795580000,0x000000079f480000,0x000000079f480000)
  from space 12800K, 1% used [0x000000079f480000,0x000000079f4b0000,0x00000007a0100000)
  to   space 13312K, 0% used [0x00000007a3080000,0x00000007a3080000,0x00000007a3d80000)
 ParOldGen       total 50688K, used 22855K [0x0000000740000000, 0x0000000743180000, 0x0000000795580000)
  object space 50688K, 45% used [0x0000000740000000,0x0000000741651ff0,0x0000000743180000)
 Metaspace       used 25220K, capacity 25635K, committed 25984K, reserved 1073152K
  class space    used 2489K, capacity 2588K, committed 2688K, reserved 1048576K
Event: 62.012 GC heap after
Heap after GC invocations=11 (full 1):
 PSYoungGen      total 211968K, used 160K [0x0000000795580000, 0x00000007a3800000, 0x00000007c0000000)
  eden space 204288K, 0% used [0x0000000795580000,0x0000000795580000,0x00000007a1d00000)
  from space 7680K, 2% used [0x00000007a3080000,0x00000007a30a8000,0x00000007a3800000)
  to   space 13824K, 0% used [0x00000007a1d00000,0x00000007a1d00000,0x00000007a2a80000)
 ParOldGen       total 50688K, used 22911K [0x0000000740000000, 0x0000000743180000, 0x0000000795580000)
  object space 50688K, 45% used [0x0000000740000000,0x000000074165fff0,0x0000000743180000)
 Metaspace       used 25220K, capacity 25635K, committed 25984K, reserved 1073152K
  class space    used 2489K, capacity 2588K, committed 2688K, reserved 1048576K
}
Event: 80.085 GC heap before
{Heap before GC invocations=12 (full 1):
 PSYoungGen      total 211968K, used 204448K [0x0000000795580000, 0x00000007a3800000, 0x00000007c0000000)
  eden space 204288K, 100% used [0x0000000795580000,0x00000007a1d00000,0x00000007a1d00000)
  from space 7680K, 2% used [0x00000007a3080000,0x00000007a30a8000,0x00000007a3800000)
  to   space 13824K, 0% used [0x00000007a1d00000,0x00000007a1d00000,0x00000007a2a80000)
 ParOldGen       total 50688K, used 22911K [0x0000000740000000, 0x0000000743180000, 0x0000000795580000)
  object space 50688K, 45% used [0x0000000740000000,0x000000074165fff0,0x0000000743180000)
 Metaspace       used 25220K, capacity 25635K, committed 25984K, reserved 1073152K
  class space    used 2489K, capacity 2588K, committed 2688K, reserved 1048576K
Event: 80.087 GC heap after
Heap after GC invocations=12 (full 1):
 PSYoungGen      total 196608K, used 192K [0x0000000795580000, 0x00000007a3100000, 0x00000007c0000000)
  eden space 196096K, 0% used [0x0000000795580000,0x0000000795580000,0x00000007a1500000)
  from space 512K, 37% used [0x00000007a1d00000,0x00000007a1d30000,0x00000007a1d80000)
  to   space 13824K, 0% used [0x00000007a2380000,0x00000007a2380000,0x00000007a3100000)
 ParOldGen       total 50688K, used 22911K [0x0000000740000000, 0x0000000743180000, 0x0000000795580000)
  object space 50688K, 45% used [0x0000000740000000,0x000000074165fff0,0x0000000743180000)
 Metaspace       used 25220K, capacity 25635K, committed 25984K, reserved 1073152K
  class space    used 2489K, capacity 2588K, committed 2688K, reserved 1048576K
}

