# JRE version: Java(TM) SE Runtime Environment (8.0_251-b08) (build 1.8.0_251-b08)
# Java VM: Java HotSpot(TM) 64-Bit Server VM (25.251-b08 mixed mode bsd-amd64 compressed oops)
Heap:
 PSYoungGen      total 367104K, used 65775K [0x0000000795580000, 0x00000007ae980000, 0x00000007c0000000)
  eden space 325632K, 10% used [0x0000000795580000,0x000000079778c3f8,0x00000007a9380000)
  from space 41472K, 74% used [0x00000007ac100000,0x00000007adf2fb60,0x00000007ae980000)
  to   space 44032K, 0% used [0x00000007a9380000,0x00000007a9380000,0x00000007abe80000)
 ParOldGen       total 130048K, used 42749K [0x0000000740000000, 0x0000000747f00000, 0x0000000795580000)
  object space 130048K, 32% used [0x0000000740000000,0x00000007429bf678,0x0000000747f00000)
 Metaspace       used 28136K, capacity 28479K, committed 28800K, reserved 1075200K
  class space    used 2245K, capacity 2345K, committed 2432K, reserved 1048576K
GC Heap History (10 events):
Event: 34.446 GC heap before
{Heap before GC invocations=15 (full 1):
 PSYoungGen      total 291840K, used 276084K [0x0000000795580000, 0x00000007ac580000, 0x00000007c0000000)
  eden space 245248K, 100% used [0x0000000795580000,0x00000007a4500000,0x00000007a4500000)
  from space 46592K, 66% used [0x00000007a4500000,0x00000007a631d268,0x00000007a7280000)
  to   space 46592K, 0% used [0x00000007a9800000,0x00000007a9800000,0x00000007ac580000)
 ParOldGen       total 130048K, used 42733K [0x0000000740000000, 0x0000000747f00000, 0x0000000795580000)
  object space 130048K, 32% used [0x0000000740000000,0x00000007429bb678,0x0000000747f00000)
 Metaspace       used 28057K, capacity 28411K, committed 28800K, reserved 1075200K
  class space    used 2230K, capacity 2343K, committed 2432K, reserved 1048576K
Event: 34.464 GC heap after
Heap after GC invocations=15 (full 1):
 PSYoungGen      total 320000K, used 30852K [0x0000000795580000, 0x00000007ac000000, 0x00000007c0000000)
  eden space 279040K, 0% used [0x0000000795580000,0x0000000795580000,0x00000007a6600000)
  from space 40960K, 75% used [0x00000007a9800000,0x00000007ab621258,0x00000007ac000000)
  to   space 46080K, 0% used [0x00000007a6600000,0x00000007a6600000,0x00000007a9300000)
 ParOldGen       total 130048K, used 42741K [0x0000000740000000, 0x0000000747f00000, 0x0000000795580000)
  object space 130048K, 32% used [0x0000000740000000,0x00000007429bd678,0x0000000747f00000)
 Metaspace       used 28057K, capacity 28411K, committed 28800K, reserved 1075200K
  class space    used 2230K, capacity 2343K, committed 2432K, reserved 1048576K
}
Event: 39.994 GC heap before
{Heap before GC invocations=16 (full 1):
 PSYoungGen      total 320000K, used 309892K [0x0000000795580000, 0x00000007ac000000, 0x00000007c0000000)
  eden space 279040K, 100% used [0x0000000795580000,0x00000007a6600000,0x00000007a6600000)
  from space 40960K, 75% used [0x00000007a9800000,0x00000007ab621258,0x00000007ac000000)
  to   space 46080K, 0% used [0x00000007a6600000,0x00000007a6600000,0x00000007a9300000)
 ParOldGen       total 130048K, used 42741K [0x0000000740000000, 0x0000000747f00000, 0x0000000795580000)
  object space 130048K, 32% used [0x0000000740000000,0x00000007429bd678,0x0000000747f00000)
 Metaspace       used 28062K, capacity 28411K, committed 28800K, reserved 1075200K
  class space    used 2230K, capacity 2343K, committed 2432K, reserved 1048576K
Event: 40.005 GC heap after
Heap after GC invocations=16 (full 1):
 PSYoungGen      total 325120K, used 30895K [0x0000000795580000, 0x00000007ade80000, 0x00000007c0000000)
  eden space 279040K, 0% used [0x0000000795580000,0x0000000795580000,0x00000007a6600000)
  from space 46080K, 67% used [0x00000007a6600000,0x00000007a842bfd8,0x00000007a9300000)
  to   space 45568K, 0% used [0x00000007ab200000,0x00000007ab200000,0x00000007ade80000)
 ParOldGen       total 130048K, used 42749K [0x0000000740000000, 0x0000000747f00000, 0x0000000795580000)
  object space 130048K, 32% used [0x0000000740000000,0x00000007429bf678,0x0000000747f00000)
 Metaspace       used 28062K, capacity 28411K, committed 28800K, reserved 1075200K
  class space    used 2230K, capacity 2343K, committed 2432K, reserved 1048576K
}
Event: 45.578 GC heap before
{Heap before GC invocations=17 (full 1):
 PSYoungGen      total 325120K, used 309935K [0x0000000795580000, 0x00000007ade80000, 0x00000007c0000000)
  eden space 279040K, 100% used [0x0000000795580000,0x00000007a6600000,0x00000007a6600000)
  from space 46080K, 67% used [0x00000007a6600000,0x00000007a842bfd8,0x00000007a9300000)
  to   space 45568K, 0% used [0x00000007ab200000,0x00000007ab200000,0x00000007ade80000)
 ParOldGen       total 130048K, used 42749K [0x0000000740000000, 0x0000000747f00000, 0x0000000795580000)
  object space 130048K, 32% used [0x0000000740000000,0x00000007429bf678,0x0000000747f00000)
 Metaspace       used 28062K, capacity 28411K, committed 28800K, reserved 1075200K
  class space    used 2230K, capacity 2343K, committed 2432K, reserved 1048576K
Event: 45.600 GC heap after
Heap after GC invocations=17 (full 1):
 PSYoungGen      total 350720K, used 30862K [0x0000000795580000, 0x00000007adb00000, 0x00000007c0000000)
  eden space 308736K, 0% used [0x0000000795580000,0x0000000795580000,0x00000007a8300000)
  from space 41984K, 73% used [0x00000007ab200000,0x00000007ad023b70,0x00000007adb00000)
  to   space 45056K, 0% used [0x00000007a8300000,0x00000007a8300000,0x00000007aaf00000)
 ParOldGen       total 130048K, used 42749K [0x0000000740000000, 0x0000000747f00000, 0x0000000795580000)
  object space 130048K, 32% used [0x0000000740000000,0x00000007429bf678,0x0000000747f00000)
 Metaspace       used 28062K, capacity 28411K, committed 28800K, reserved 1075200K
  class space    used 2230K, capacity 2343K, committed 2432K, reserved 1048576K
}
Event: 51.910 GC heap before
{Heap before GC invocations=18 (full 1):
 PSYoungGen      total 350720K, used 339598K [0x0000000795580000, 0x00000007adb00000, 0x00000007c0000000)
  eden space 308736K, 100% used [0x0000000795580000,0x00000007a8300000,0x00000007a8300000)
  from space 41984K, 73% used [0x00000007ab200000,0x00000007ad023b70,0x00000007adb00000)
  to   space 45056K, 0% used [0x00000007a8300000,0x00000007a8300000,0x00000007aaf00000)
 ParOldGen       total 130048K, used 42749K [0x0000000740000000, 0x0000000747f00000, 0x0000000795580000)
  object space 130048K, 32% used [0x0000000740000000,0x00000007429bf678,0x0000000747f00000)
 Metaspace       used 28062K, capacity 28411K, committed 28800K, reserved 1075200K
  class space    used 2230K, capacity 2343K, committed 2432K, reserved 1048576K
Event: 51.922 GC heap after
Heap after GC invocations=18 (full 1):
 PSYoungGen      total 353792K, used 30863K [0x0000000795580000, 0x00000007aec80000, 0x00000007c0000000)
  eden space 308736K, 0% used [0x0000000795580000,0x0000000795580000,0x00000007a8300000)
  from space 45056K, 68% used [0x00000007a8300000,0x00000007aa123fd8,0x00000007aaf00000)
  to   space 44544K, 0% used [0x00000007ac100000,0x00000007ac100000,0x00000007aec80000)
 ParOldGen       total 130048K, used 42749K [0x0000000740000000, 0x0000000747f00000, 0x0000000795580000)
  object space 130048K, 32% used [0x0000000740000000,0x00000007429bf678,0x0000000747f00000)
 Metaspace       used 28062K, capacity 28411K, committed 28800K, reserved 1075200K
  class space    used 2230K, capacity 2343K, committed 2432K, reserved 1048576K
}
Event: 58.212 GC heap before
{Heap before GC invocations=19 (full 1):
 PSYoungGen      total 353792K, used 339599K [0x0000000795580000, 0x00000007aec80000, 0x00000007c0000000)
  eden space 308736K, 100% used [0x0000000795580000,0x00000007a8300000,0x00000007a8300000)
  from space 45056K, 68% used [0x00000007a8300000,0x00000007aa123fd8,0x00000007aaf00000)
  to   space 44544K, 0% used [0x00000007ac100000,0x00000007ac100000,0x00000007aec80000)
 ParOldGen       total 130048K, used 42749K [0x0000000740000000, 0x0000000747f00000, 0x0000000795580000)
  object space 130048K, 32% used [0x0000000740000000,0x00000007429bf678,0x0000000747f00000)
 Metaspace       used 28064K, capacity 28411K, committed 28800K, reserved 1075200K
  class space    used 2230K, capacity 2343K, committed 2432K, reserved 1048576K
Event: 58.229 GC heap after
Heap after GC invocations=19 (full 1):
 PSYoungGen      total 367104K, used 30910K [0x0000000795580000, 0x00000007ae980000, 0x00000007c0000000)
  eden space 325632K, 0% used [0x0000000795580000,0x0000000795580000,0x00000007a9380000)
  from space 41472K, 74% used [0x00000007ac100000,0x00000007adf2fb60,0x00000007ae980000)
  to   space 44032K, 0% used [0x00000007a9380000,0x00000007a9380000,0x00000007abe80000)
 ParOldGen       total 130048K, used 42749K [0x0000000740000000, 0x0000000747f00000, 0x0000000795580000)
  object space 130048K, 32% used [0x0000000740000000,0x00000007429bf678,0x0000000747f00000)
 Metaspace       used 28064K, capacity 28411K, committed 28800K, reserved 1075200K
  class space    used 2230K, capacity 2343K, committed 2432K, reserved 1048576K
}

