# JRE version: Java(TM) SE Runtime Environment (8.0_251-b08) (build 1.8.0_251-b08)
# Java VM: Java HotSpot(TM) 64-Bit Server VM (25.251-b08 mixed mode bsd-amd64 compressed oops)
Heap:
 PSYoungGen      total 492032K, used 425297K [0x0000000795580000, 0x00000007b5380000, 0x00000007c0000000)
  eden space 462848K, 91% used [0x0000000795580000,0x00000007af4ac618,0x00000007b1980000)
  from space 29184K, 0% used [0x00000007b1980000,0x00000007b19a8000,0x00000007b3600000)
  to   space 27648K, 0% used [0x00000007b3880000,0x00000007b3880000,0x00000007b5380000)
 ParOldGen       total 130048K, used 81287K [0x0000000740000000, 0x0000000747f00000, 0x0000000795580000)
  object space 130048K, 62% used [0x0000000740000000,0x0000000744f61e08,0x0000000747f00000)
 Metaspace       used 28381K, capacity 28679K, committed 29056K, reserved 1075200K
  class space    used 2247K, capacity 2345K, committed 2432K, reserved 1048576K
GC Heap History (10 events):
Event: 98.535 GC heap before
{Heap before GC invocations=22 (full 1):
 PSYoungGen      total 477184K, used 447616K [0x0000000795580000, 0x00000007b4f80000, 0x00000007c0000000)
  eden space 447488K, 100% used [0x0000000795580000,0x00000007b0a80000,0x00000007b0a80000)
  from space 29696K, 0% used [0x00000007b3280000,0x00000007b32a0000,0x00000007b4f80000)
  to   space 35328K, 0% used [0x00000007b0a80000,0x00000007b0a80000,0x00000007b2d00000)
 ParOldGen       total 130048K, used 81287K [0x0000000740000000, 0x0000000747f00000, 0x0000000795580000)
  object space 130048K, 62% used [0x0000000740000000,0x0000000744f61e08,0x0000000747f00000)
 Metaspace       used 28293K, capacity 28611K, committed 29056K, reserved 1075200K
  class space    used 2233K, capacity 2343K, committed 2432K, reserved 1048576K
Event: 98.537 GC heap after
Heap after GC invocations=22 (full 1):
 PSYoungGen      total 482816K, used 128K [0x0000000795580000, 0x00000007b5700000, 0x00000007c0000000)
  eden space 447488K, 0% used [0x0000000795580000,0x0000000795580000,0x00000007b0a80000)
  from space 35328K, 0% used [0x00000007b0a80000,0x00000007b0aa0000,0x00000007b2d00000)
  to   space 33792K, 0% used [0x00000007b3600000,0x00000007b3600000,0x00000007b5700000)
 ParOldGen       total 130048K, used 81287K [0x0000000740000000, 0x0000000747f00000, 0x0000000795580000)
  object space 130048K, 62% used [0x0000000740000000,0x0000000744f61e08,0x0000000747f00000)
 Metaspace       used 28293K, capacity 28611K, committed 29056K, reserved 1075200K
  class space    used 2233K, capacity 2343K, committed 2432K, reserved 1048576K
}
Event: 107.236 GC heap before
{Heap before GC invocations=23 (full 1):
 PSYoungGen      total 482816K, used 447616K [0x0000000795580000, 0x00000007b5700000, 0x00000007c0000000)
  eden space 447488K, 100% used [0x0000000795580000,0x00000007b0a80000,0x00000007b0a80000)
  from space 35328K, 0% used [0x00000007b0a80000,0x00000007b0aa0000,0x00000007b2d00000)
  to   space 33792K, 0% used [0x00000007b3600000,0x00000007b3600000,0x00000007b5700000)
 ParOldGen       total 130048K, used 81287K [0x0000000740000000, 0x0000000747f00000, 0x0000000795580000)
  object space 130048K, 62% used [0x0000000740000000,0x0000000744f61e08,0x0000000747f00000)
 Metaspace       used 28293K, capacity 28611K, committed 29056K, reserved 1075200K
  class space    used 2233K, capacity 2343K, committed 2432K, reserved 1048576K
Event: 107.238 GC heap after
Heap after GC invocations=23 (full 1):
 PSYoungGen      total 485888K, used 96K [0x0000000795580000, 0x00000007b5280000, 0x00000007c0000000)
  eden space 456704K, 0% used [0x0000000795580000,0x0000000795580000,0x00000007b1380000)
  from space 29184K, 0% used [0x00000007b3600000,0x00000007b3618000,0x00000007b5280000)
  to   space 32256K, 0% used [0x00000007b1380000,0x00000007b1380000,0x00000007b3300000)
 ParOldGen       total 130048K, used 81287K [0x0000000740000000, 0x0000000747f00000, 0x0000000795580000)
  object space 130048K, 62% used [0x0000000740000000,0x0000000744f61e08,0x0000000747f00000)
 Metaspace       used 28293K, capacity 28611K, committed 29056K, reserved 1075200K
  class space    used 2233K, capacity 2343K, committed 2432K, reserved 1048576K
}
Event: 116.108 GC heap before
{Heap before GC invocations=24 (full 1):
 PSYoungGen      total 485888K, used 456800K [0x0000000795580000, 0x00000007b5280000, 0x00000007c0000000)
  eden space 456704K, 100% used [0x0000000795580000,0x00000007b1380000,0x00000007b1380000)
  from space 29184K, 0% used [0x00000007b3600000,0x00000007b3618000,0x00000007b5280000)
  to   space 32256K, 0% used [0x00000007b1380000,0x00000007b1380000,0x00000007b3300000)
 ParOldGen       total 130048K, used 81287K [0x0000000740000000, 0x0000000747f00000, 0x0000000795580000)
  object space 130048K, 62% used [0x0000000740000000,0x0000000744f61e08,0x0000000747f00000)
 Metaspace       used 28293K, capacity 28611K, committed 29056K, reserved 1075200K
  class space    used 2233K, capacity 2343K, committed 2432K, reserved 1048576K
Event: 116.109 GC heap after
Heap after GC invocations=24 (full 1):
 PSYoungGen      total 488960K, used 160K [0x0000000795580000, 0x00000007b5680000, 0x00000007c0000000)
  eden space 456704K, 0% used [0x0000000795580000,0x0000000795580000,0x00000007b1380000)
  from space 32256K, 0% used [0x00000007b1380000,0x00000007b13a8000,0x00000007b3300000)
  to   space 30720K, 0% used [0x00000007b3880000,0x00000007b3880000,0x00000007b5680000)
 ParOldGen       total 130048K, used 81287K [0x0000000740000000, 0x0000000747f00000, 0x0000000795580000)
  object space 130048K, 62% used [0x0000000740000000,0x0000000744f61e08,0x0000000747f00000)
 Metaspace       used 28293K, capacity 28611K, committed 29056K, reserved 1075200K
  class space    used 2233K, capacity 2343K, committed 2432K, reserved 1048576K
}
Event: 125.111 GC heap before
{Heap before GC invocations=25 (full 1):
 PSYoungGen      total 488960K, used 456864K [0x0000000795580000, 0x00000007b5680000, 0x00000007c0000000)
  eden space 456704K, 100% used [0x0000000795580000,0x00000007b1380000,0x00000007b1380000)
  from space 32256K, 0% used [0x00000007b1380000,0x00000007b13a8000,0x00000007b3300000)
  to   space 30720K, 0% used [0x00000007b3880000,0x00000007b3880000,0x00000007b5680000)
 ParOldGen       total 130048K, used 81287K [0x0000000740000000, 0x0000000747f00000, 0x0000000795580000)
  object space 130048K, 62% used [0x0000000740000000,0x0000000744f61e08,0x0000000747f00000)
 Metaspace       used 28295K, capacity 28611K, committed 29056K, reserved 1075200K
  class space    used 2233K, capacity 2343K, committed 2432K, reserved 1048576K
Event: 125.113 GC heap after
Heap after GC invocations=25 (full 1):
 PSYoungGen      total 489472K, used 192K [0x0000000795580000, 0x00000007b5280000, 0x00000007c0000000)
  eden space 462848K, 0% used [0x0000000795580000,0x0000000795580000,0x00000007b1980000)
  from space 26624K, 0% used [0x00000007b3880000,0x00000007b38b0000,0x00000007b5280000)
  to   space 29184K, 0% used [0x00000007b1980000,0x00000007b1980000,0x00000007b3600000)
 ParOldGen       total 130048K, used 81287K [0x0000000740000000, 0x0000000747f00000, 0x0000000795580000)
  object space 130048K, 62% used [0x0000000740000000,0x0000000744f61e08,0x0000000747f00000)
 Metaspace       used 28295K, capacity 28611K, committed 29056K, reserved 1075200K
  class space    used 2233K, capacity 2343K, committed 2432K, reserved 1048576K
}
Event: 134.146 GC heap before
{Heap before GC invocations=26 (full 1):
 PSYoungGen      total 489472K, used 463040K [0x0000000795580000, 0x00000007b5280000, 0x00000007c0000000)
  eden space 462848K, 100% used [0x0000000795580000,0x00000007b1980000,0x00000007b1980000)
  from space 26624K, 0% used [0x00000007b3880000,0x00000007b38b0000,0x00000007b5280000)
  to   space 29184K, 0% used [0x00000007b1980000,0x00000007b1980000,0x00000007b3600000)
 ParOldGen       total 130048K, used 81287K [0x0000000740000000, 0x0000000747f00000, 0x0000000795580000)
  object space 130048K, 62% used [0x0000000740000000,0x0000000744f61e08,0x0000000747f00000)
 Metaspace       used 28295K, capacity 28611K, committed 29056K, reserved 1075200K
  class space    used 2233K, capacity 2343K, committed 2432K, reserved 1048576K
Event: 134.147 GC heap after
Heap after GC invocations=26 (full 1):
 PSYoungGen      total 492032K, used 160K [0x0000000795580000, 0x00000007b5380000, 0x00000007c0000000)
  eden space 462848K, 0% used [0x0000000795580000,0x0000000795580000,0x00000007b1980000)
  from space 29184K, 0% used [0x00000007b1980000,0x00000007b19a8000,0x00000007b3600000)
  to   space 27648K, 0% used [0x00000007b3880000,0x00000007b3880000,0x00000007b5380000)
 ParOldGen       total 130048K, used 81287K [0x0000000740000000, 0x0000000747f00000, 0x0000000795580000)
  object space 130048K, 62% used [0x0000000740000000,0x0000000744f61e08,0x0000000747f00000)
 Metaspace       used 28295K, capacity 28611K, committed 29056K, reserved 1075200K
  class space    used 2233K, capacity 2343K, committed 2432K, reserved 1048576K
}

