# JRE version: Java(TM) SE Runtime Environment (8.0_251-b08) (build 1.8.0_251-b08)
# Java VM: Java HotSpot(TM) 64-Bit Server VM (25.251-b08 mixed mode bsd-amd64 compressed oops)
Heap:
 PSYoungGen      total 60928K, used 17092K [0x0000000795580000, 0x0000000799a00000, 0x00000007c0000000)
  eden space 54784K, 30% used [0x0000000795580000,0x0000000796611218,0x0000000798b00000)
  from space 6144K, 2% used [0x0000000799400000,0x0000000799420000,0x0000000799a00000)
  to   space 7680K, 0% used [0x0000000798b00000,0x0000000798b00000,0x0000000799280000)
 ParOldGen       total 66048K, used 28915K [0x0000000740000000, 0x0000000744080000, 0x0000000795580000)
  object space 66048K, 43% used [0x0000000740000000,0x0000000741c3cc20,0x0000000744080000)
 Metaspace       used 25761K, capacity 26189K, committed 26496K, reserved 1073152K
  class space    used 2544K, capacity 2667K, committed 2688K, reserved 1048576K
GC Heap History (10 events):
Event: 203.937 GC heap before
{Heap before GC invocations=31 (full 1):
 PSYoungGen      total 62464K, used 62240K [0x0000000795580000, 0x000000079a500000, 0x00000007c0000000)
  eden space 61952K, 100% used [0x0000000795580000,0x0000000799200000,0x0000000799200000)
  from space 512K, 56% used [0x0000000799380000,0x00000007993c8000,0x0000000799400000)
  to   space 9728K, 0% used [0x0000000799b80000,0x0000000799b80000,0x000000079a500000)
 ParOldGen       total 66048K, used 28691K [0x0000000740000000, 0x0000000744080000, 0x0000000795580000)
  object space 66048K, 43% used [0x0000000740000000,0x0000000741c04c20,0x0000000744080000)
 Metaspace       used 25697K, capacity 26121K, committed 26240K, reserved 1073152K
  class space    used 2532K, capacity 2665K, committed 2688K, reserved 1048576K
Event: 203.941 GC heap after
Heap after GC invocations=31 (full 1):
 PSYoungGen      total 68608K, used 256K [0x0000000795580000, 0x000000079a380000, 0x00000007c0000000)
  eden space 60416K, 0% used [0x0000000795580000,0x0000000795580000,0x0000000799080000)
  from space 8192K, 3% used [0x0000000799b80000,0x0000000799bc0000,0x000000079a380000)
  to   space 9728K, 0% used [0x0000000799080000,0x0000000799080000,0x0000000799a00000)
 ParOldGen       total 66048K, used 28723K [0x0000000740000000, 0x0000000744080000, 0x0000000795580000)
  object space 66048K, 43% used [0x0000000740000000,0x0000000741c0cc20,0x0000000744080000)
 Metaspace       used 25697K, capacity 26121K, committed 26240K, reserved 1073152K
  class space    used 2532K, capacity 2665K, committed 2688K, reserved 1048576K
}
Event: 208.951 GC heap before
{Heap before GC invocations=32 (full 1):
 PSYoungGen      total 68608K, used 60672K [0x0000000795580000, 0x000000079a380000, 0x00000007c0000000)
  eden space 60416K, 100% used [0x0000000795580000,0x0000000799080000,0x0000000799080000)
  from space 8192K, 3% used [0x0000000799b80000,0x0000000799bc0000,0x000000079a380000)
  to   space 9728K, 0% used [0x0000000799080000,0x0000000799080000,0x0000000799a00000)
 ParOldGen       total 66048K, used 28723K [0x0000000740000000, 0x0000000744080000, 0x0000000795580000)
  object space 66048K, 43% used [0x0000000740000000,0x0000000741c0cc20,0x0000000744080000)
 Metaspace       used 25697K, capacity 26121K, committed 26240K, reserved 1073152K
  class space    used 2532K, capacity 2665K, committed 2688K, reserved 1048576K
Event: 208.953 GC heap after
Heap after GC invocations=32 (full 1):
 PSYoungGen      total 59392K, used 224K [0x0000000795580000, 0x000000079a100000, 0x00000007c0000000)
  eden space 58880K, 0% used [0x0000000795580000,0x0000000795580000,0x0000000798f00000)
  from space 512K, 43% used [0x0000000799080000,0x00000007990b8000,0x0000000799100000)
  to   space 9216K, 0% used [0x0000000799800000,0x0000000799800000,0x000000079a100000)
 ParOldGen       total 66048K, used 28755K [0x0000000740000000, 0x0000000744080000, 0x0000000795580000)
  object space 66048K, 43% used [0x0000000740000000,0x0000000741c14c20,0x0000000744080000)
 Metaspace       used 25697K, capacity 26121K, committed 26240K, reserved 1073152K
  class space    used 2532K, capacity 2665K, committed 2688K, reserved 1048576K
}
Event: 213.838 GC heap before
{Heap before GC invocations=33 (full 1):
 PSYoungGen      total 59392K, used 59104K [0x0000000795580000, 0x000000079a100000, 0x00000007c0000000)
  eden space 58880K, 100% used [0x0000000795580000,0x0000000798f00000,0x0000000798f00000)
  from space 512K, 43% used [0x0000000799080000,0x00000007990b8000,0x0000000799100000)
  to   space 9216K, 0% used [0x0000000799800000,0x0000000799800000,0x000000079a100000)
 ParOldGen       total 66048K, used 28755K [0x0000000740000000, 0x0000000744080000, 0x0000000795580000)
  object space 66048K, 43% used [0x0000000740000000,0x0000000741c14c20,0x0000000744080000)
 Metaspace       used 25697K, capacity 26121K, committed 26240K, reserved 1073152K
  class space    used 2532K, capacity 2665K, committed 2688K, reserved 1048576K
Event: 213.845 GC heap after
Heap after GC invocations=33 (full 1):
 PSYoungGen      total 64000K, used 224K [0x0000000795580000, 0x0000000799e80000, 0x00000007c0000000)
  eden space 57344K, 0% used [0x0000000795580000,0x0000000795580000,0x0000000798d80000)
  from space 6656K, 3% used [0x0000000799800000,0x0000000799838000,0x0000000799e80000)
  to   space 8704K, 0% used [0x0000000798d80000,0x0000000798d80000,0x0000000799600000)
 ParOldGen       total 66048K, used 28755K [0x0000000740000000, 0x0000000744080000, 0x0000000795580000)
  object space 66048K, 43% used [0x0000000740000000,0x0000000741c14c20,0x0000000744080000)
 Metaspace       used 25697K, capacity 26121K, committed 26240K, reserved 1073152K
  class space    used 2532K, capacity 2665K, committed 2688K, reserved 1048576K
}
Event: 218.533 GC heap before
{Heap before GC invocations=34 (full 1):
 PSYoungGen      total 64000K, used 57568K [0x0000000795580000, 0x0000000799e80000, 0x00000007c0000000)
  eden space 57344K, 100% used [0x0000000795580000,0x0000000798d80000,0x0000000798d80000)
  from space 6656K, 3% used [0x0000000799800000,0x0000000799838000,0x0000000799e80000)
  to   space 8704K, 0% used [0x0000000798d80000,0x0000000798d80000,0x0000000799600000)
 ParOldGen       total 66048K, used 28755K [0x0000000740000000, 0x0000000744080000, 0x0000000795580000)
  object space 66048K, 43% used [0x0000000740000000,0x0000000741c14c20,0x0000000744080000)
 Metaspace       used 25697K, capacity 26121K, committed 26240K, reserved 1073152K
  class space    used 2532K, capacity 2665K, committed 2688K, reserved 1048576K
Event: 218.535 GC heap after
Heap after GC invocations=34 (full 1):
 PSYoungGen      total 56320K, used 192K [0x0000000795580000, 0x0000000799c00000, 0x00000007c0000000)
  eden space 55808K, 0% used [0x0000000795580000,0x0000000795580000,0x0000000798c00000)
  from space 512K, 37% used [0x0000000798d80000,0x0000000798db0000,0x0000000798e00000)
  to   space 8192K, 0% used [0x0000000799400000,0x0000000799400000,0x0000000799c00000)
 ParOldGen       total 66048K, used 28819K [0x0000000740000000, 0x0000000744080000, 0x0000000795580000)
  object space 66048K, 43% used [0x0000000740000000,0x0000000741c24c20,0x0000000744080000)
 Metaspace       used 25697K, capacity 26121K, committed 26240K, reserved 1073152K
  class space    used 2532K, capacity 2665K, committed 2688K, reserved 1048576K
}
Event: 223.171 GC heap before
{Heap before GC invocations=35 (full 1):
 PSYoungGen      total 56320K, used 56000K [0x0000000795580000, 0x0000000799c00000, 0x00000007c0000000)
  eden space 55808K, 100% used [0x0000000795580000,0x0000000798c00000,0x0000000798c00000)
  from space 512K, 37% used [0x0000000798d80000,0x0000000798db0000,0x0000000798e00000)
  to   space 8192K, 0% used [0x0000000799400000,0x0000000799400000,0x0000000799c00000)
 ParOldGen       total 66048K, used 28819K [0x0000000740000000, 0x0000000744080000, 0x0000000795580000)
  object space 66048K, 43% used [0x0000000740000000,0x0000000741c24c20,0x0000000744080000)
 Metaspace       used 25697K, capacity 26121K, committed 26240K, reserved 1073152K
  class space    used 2532K, capacity 2665K, committed 2688K, reserved 1048576K
Event: 223.172 GC heap after
Heap after GC invocations=35 (full 1):
 PSYoungGen      total 60928K, used 128K [0x0000000795580000, 0x0000000799a00000, 0x00000007c0000000)
  eden space 54784K, 0% used [0x0000000795580000,0x0000000795580000,0x0000000798b00000)
  from space 6144K, 2% used [0x0000000799400000,0x0000000799420000,0x0000000799a00000)
  to   space 7680K, 0% used [0x0000000798b00000,0x0000000798b00000,0x0000000799280000)
 ParOldGen       total 66048K, used 28915K [0x0000000740000000, 0x0000000744080000, 0x0000000795580000)
  object space 66048K, 43% used [0x0000000740000000,0x0000000741c3cc20,0x0000000744080000)
 Metaspace       used 25697K, capacity 26121K, committed 26240K, reserved 1073152K
  class space    used 2532K, capacity 2665K, committed 2688K, reserved 1048576K
}

