# JRE version: Java(TM) SE Runtime Environment (8.0_251-b08) (build 1.8.0_251-b08)
# Java VM: Java HotSpot(TM) 64-Bit Server VM (25.251-b08 mixed mode bsd-amd64 compressed oops)
Heap:
 PSYoungGen      total 418816K, used 217968K [0x0000000795580000, 0x00000007b1280000, 0x00000007c0000000)
  eden space 388096K, 56% used [0x0000000795580000,0x00000007a2a342b8,0x00000007ad080000)
  from space 30720K, 0% used [0x00000007af480000,0x00000007af4a8000,0x00000007b1280000)
  to   space 33792K, 0% used [0x00000007ad080000,0x00000007ad080000,0x00000007af180000)
 ParOldGen       total 128000K, used 73701K [0x0000000740000000, 0x0000000747d00000, 0x0000000795580000)
  object space 128000K, 57% used [0x0000000740000000,0x00000007447f9448,0x0000000747d00000)
 Metaspace       used 28119K, capacity 28477K, committed 28800K, reserved 1075200K
  class space    used 2240K, capacity 2344K, committed 2432K, reserved 1048576K
GC Heap History (10 events):
Event: 68.963 GC heap before
{Heap before GC invocations=19 (full 1):
 PSYoungGen      total 402944K, used 359040K [0x0000000795580000, 0x00000007b1800000, 0x00000007c0000000)
  eden space 358912K, 100% used [0x0000000795580000,0x00000007ab400000,0x00000007ab400000)
  from space 44032K, 0% used [0x00000007ab400000,0x00000007ab420000,0x00000007adf00000)
  to   space 42496K, 0% used [0x00000007aee80000,0x00000007aee80000,0x00000007b1800000)
 ParOldGen       total 128000K, used 73701K [0x0000000740000000, 0x0000000747d00000, 0x0000000795580000)
  object space 128000K, 57% used [0x0000000740000000,0x00000007447f9448,0x0000000747d00000)
 Metaspace       used 28038K, capacity 28409K, committed 28800K, reserved 1075200K
  class space    used 2228K, capacity 2342K, committed 2432K, reserved 1048576K
Event: 68.964 GC heap after
Heap after GC invocations=19 (full 1):
 PSYoungGen      total 408576K, used 128K [0x0000000795580000, 0x00000007b1180000, 0x00000007c0000000)
  eden space 372736K, 0% used [0x0000000795580000,0x0000000795580000,0x00000007ac180000)
  from space 35840K, 0% used [0x00000007aee80000,0x00000007aeea0000,0x00000007b1180000)
  to   space 40960K, 0% used [0x00000007ac180000,0x00000007ac180000,0x00000007ae980000)
 ParOldGen       total 128000K, used 73701K [0x0000000740000000, 0x0000000747d00000, 0x0000000795580000)
  object space 128000K, 57% used [0x0000000740000000,0x00000007447f9448,0x0000000747d00000)
 Metaspace       used 28038K, capacity 28409K, committed 28800K, reserved 1075200K
  class space    used 2228K, capacity 2342K, committed 2432K, reserved 1048576K
}
Event: 76.784 GC heap before
{Heap before GC invocations=20 (full 1):
 PSYoungGen      total 408576K, used 372864K [0x0000000795580000, 0x00000007b1180000, 0x00000007c0000000)
  eden space 372736K, 100% used [0x0000000795580000,0x00000007ac180000,0x00000007ac180000)
  from space 35840K, 0% used [0x00000007aee80000,0x00000007aeea0000,0x00000007b1180000)
  to   space 40960K, 0% used [0x00000007ac180000,0x00000007ac180000,0x00000007ae980000)
 ParOldGen       total 128000K, used 73701K [0x0000000740000000, 0x0000000747d00000, 0x0000000795580000)
  object space 128000K, 57% used [0x0000000740000000,0x00000007447f9448,0x0000000747d00000)
 Metaspace       used 28038K, capacity 28409K, committed 28800K, reserved 1075200K
  class space    used 2228K, capacity 2342K, committed 2432K, reserved 1048576K
Event: 76.786 GC heap after
Heap after GC invocations=20 (full 1):
 PSYoungGen      total 413696K, used 128K [0x0000000795580000, 0x00000007b1880000, 0x00000007c0000000)
  eden space 372736K, 0% used [0x0000000795580000,0x0000000795580000,0x00000007ac180000)
  from space 40960K, 0% used [0x00000007ac180000,0x00000007ac1a0000,0x00000007ae980000)
  to   space 38912K, 0% used [0x00000007af280000,0x00000007af280000,0x00000007b1880000)
 ParOldGen       total 128000K, used 73701K [0x0000000740000000, 0x0000000747d00000, 0x0000000795580000)
  object space 128000K, 57% used [0x0000000740000000,0x00000007447f9448,0x0000000747d00000)
 Metaspace       used 28038K, capacity 28409K, committed 28800K, reserved 1075200K
  class space    used 2228K, capacity 2342K, committed 2432K, reserved 1048576K
}
Event: 84.520 GC heap before
{Heap before GC invocations=21 (full 1):
 PSYoungGen      total 413696K, used 372864K [0x0000000795580000, 0x00000007b1880000, 0x00000007c0000000)
  eden space 372736K, 100% used [0x0000000795580000,0x00000007ac180000,0x00000007ac180000)
  from space 40960K, 0% used [0x00000007ac180000,0x00000007ac1a0000,0x00000007ae980000)
  to   space 38912K, 0% used [0x00000007af280000,0x00000007af280000,0x00000007b1880000)
 ParOldGen       total 128000K, used 73701K [0x0000000740000000, 0x0000000747d00000, 0x0000000795580000)
  object space 128000K, 57% used [0x0000000740000000,0x00000007447f9448,0x0000000747d00000)
 Metaspace       used 28038K, capacity 28409K, committed 28800K, reserved 1075200K
  class space    used 2228K, capacity 2342K, committed 2432K, reserved 1048576K
Event: 84.522 GC heap after
Heap after GC invocations=21 (full 1):
 PSYoungGen      total 415744K, used 160K [0x0000000795580000, 0x00000007b1380000, 0x00000007c0000000)
  eden space 381952K, 0% used [0x0000000795580000,0x0000000795580000,0x00000007aca80000)
  from space 33792K, 0% used [0x00000007af280000,0x00000007af2a8000,0x00000007b1380000)
  to   space 37376K, 0% used [0x00000007aca80000,0x00000007aca80000,0x00000007aef00000)
 ParOldGen       total 128000K, used 73701K [0x0000000740000000, 0x0000000747d00000, 0x0000000795580000)
  object space 128000K, 57% used [0x0000000740000000,0x00000007447f9448,0x0000000747d00000)
 Metaspace       used 28038K, capacity 28409K, committed 28800K, reserved 1075200K
  class space    used 2228K, capacity 2342K, committed 2432K, reserved 1048576K
}
Event: 91.748 GC heap before
{Heap before GC invocations=22 (full 1):
 PSYoungGen      total 415744K, used 382112K [0x0000000795580000, 0x00000007b1380000, 0x00000007c0000000)
  eden space 381952K, 100% used [0x0000000795580000,0x00000007aca80000,0x00000007aca80000)
  from space 33792K, 0% used [0x00000007af280000,0x00000007af2a8000,0x00000007b1380000)
  to   space 37376K, 0% used [0x00000007aca80000,0x00000007aca80000,0x00000007aef00000)
 ParOldGen       total 128000K, used 73701K [0x0000000740000000, 0x0000000747d00000, 0x0000000795580000)
  object space 128000K, 57% used [0x0000000740000000,0x00000007447f9448,0x0000000747d00000)
 Metaspace       used 28038K, capacity 28409K, committed 28800K, reserved 1075200K
  class space    used 2228K, capacity 2342K, committed 2432K, reserved 1048576K
Event: 91.749 GC heap after
Heap after GC invocations=22 (full 1):
 PSYoungGen      total 419328K, used 160K [0x0000000795580000, 0x00000007b1700000, 0x00000007c0000000)
  eden space 381952K, 0% used [0x0000000795580000,0x0000000795580000,0x00000007aca80000)
  from space 37376K, 0% used [0x00000007aca80000,0x00000007acaa8000,0x00000007aef00000)
  to   space 35328K, 0% used [0x00000007af480000,0x00000007af480000,0x00000007b1700000)
 ParOldGen       total 128000K, used 73701K [0x0000000740000000, 0x0000000747d00000, 0x0000000795580000)
  object space 128000K, 57% used [0x0000000740000000,0x00000007447f9448,0x0000000747d00000)
 Metaspace       used 28038K, capacity 28409K, committed 28800K, reserved 1075200K
  class space    used 2228K, capacity 2342K, committed 2432K, reserved 1048576K
}
Event: 99.271 GC heap before
{Heap before GC invocations=23 (full 1):
 PSYoungGen      total 419328K, used 382112K [0x0000000795580000, 0x00000007b1700000, 0x00000007c0000000)
  eden space 381952K, 100% used [0x0000000795580000,0x00000007aca80000,0x00000007aca80000)
  from space 37376K, 0% used [0x00000007aca80000,0x00000007acaa8000,0x00000007aef00000)
  to   space 35328K, 0% used [0x00000007af480000,0x00000007af480000,0x00000007b1700000)
 ParOldGen       total 128000K, used 73701K [0x0000000740000000, 0x0000000747d00000, 0x0000000795580000)
  object space 128000K, 57% used [0x0000000740000000,0x00000007447f9448,0x0000000747d00000)
 Metaspace       used 28038K, capacity 28409K, committed 28800K, reserved 1075200K
  class space    used 2228K, capacity 2342K, committed 2432K, reserved 1048576K
Event: 99.272 GC heap after
Heap after GC invocations=23 (full 1):
 PSYoungGen      total 418816K, used 160K [0x0000000795580000, 0x00000007b1280000, 0x00000007c0000000)
  eden space 388096K, 0% used [0x0000000795580000,0x0000000795580000,0x00000007ad080000)
  from space 30720K, 0% used [0x00000007af480000,0x00000007af4a8000,0x00000007b1280000)
  to   space 33792K, 0% used [0x00000007ad080000,0x00000007ad080000,0x00000007af180000)
 ParOldGen       total 128000K, used 73701K [0x0000000740000000, 0x0000000747d00000, 0x0000000795580000)
  object space 128000K, 57% used [0x0000000740000000,0x00000007447f9448,0x0000000747d00000)
 Metaspace       used 28038K, capacity 28409K, committed 28800K, reserved 1075200K
  class space    used 2228K, capacity 2342K, committed 2432K, reserved 1048576K
}

