# JRE version: Java(TM) SE Runtime Environment (8.0_251-b08) (build 1.8.0_251-b08)
# Java VM: Java HotSpot(TM) 64-Bit Server VM (25.251-b08 mixed mode bsd-amd64 compressed oops)
Heap:
 PSYoungGen      total 424448K, used 79059K [0x0000000795580000, 0x00000007b2080000, 0x00000007c0000000)
  eden space 381952K, 12% used [0x0000000795580000,0x00000007984c5498,0x00000007aca80000)
  from space 42496K, 72% used [0x00000007af700000,0x00000007b14efb60,0x00000007b2080000)
  to   space 44032K, 0% used [0x00000007aca80000,0x00000007aca80000,0x00000007af580000)
 ParOldGen       total 131072K, used 43013K [0x0000000740000000, 0x0000000748000000, 0x0000000795580000)
  object space 131072K, 32% used [0x0000000740000000,0x0000000742a015c8,0x0000000748000000)
 Metaspace       used 28166K, capacity 28493K, committed 28800K, reserved 1075200K
  class space    used 2240K, capacity 2344K, committed 2432K, reserved 1048576K
GC Heap History (10 events):
Event: 37.040 GC heap before
{Heap before GC invocations=15 (full 1):
 PSYoungGen      total 307712K, used 291726K [0x0000000795580000, 0x00000007ade80000, 0x00000007c0000000)
  eden space 261120K, 100% used [0x0000000795580000,0x00000007a5480000,0x00000007a5480000)
  from space 46592K, 65% used [0x00000007a5480000,0x00000007a7263b50,0x00000007a8200000)
  to   space 46080K, 0% used [0x00000007ab180000,0x00000007ab180000,0x00000007ade80000)
 ParOldGen       total 131072K, used 42997K [0x0000000740000000, 0x0000000748000000, 0x0000000795580000)
  object space 131072K, 32% used [0x0000000740000000,0x00000007429fd5c8,0x0000000748000000)
 Metaspace       used 28028K, capacity 28425K, committed 28800K, reserved 1075200K
  class space    used 2228K, capacity 2342K, committed 2432K, reserved 1048576K
Event: 37.090 GC heap after
Heap after GC invocations=15 (full 1):
 PSYoungGen      total 356352K, used 30590K [0x0000000795580000, 0x00000007ade80000, 0x00000007c0000000)
  eden space 310272K, 0% used [0x0000000795580000,0x0000000795580000,0x00000007a8480000)
  from space 46080K, 66% used [0x00000007ab180000,0x00000007acf5fb80,0x00000007ade80000)
  to   space 46080K, 0% used [0x00000007a8480000,0x00000007a8480000,0x00000007ab180000)
 ParOldGen       total 131072K, used 43005K [0x0000000740000000, 0x0000000748000000, 0x0000000795580000)
  object space 131072K, 32% used [0x0000000740000000,0x00000007429ff5c8,0x0000000748000000)
 Metaspace       used 28028K, capacity 28425K, committed 28800K, reserved 1075200K
  class space    used 2228K, capacity 2342K, committed 2432K, reserved 1048576K
}
Event: 43.210 GC heap before
{Heap before GC invocations=16 (full 1):
 PSYoungGen      total 356352K, used 340862K [0x0000000795580000, 0x00000007ade80000, 0x00000007c0000000)
  eden space 310272K, 100% used [0x0000000795580000,0x00000007a8480000,0x00000007a8480000)
  from space 46080K, 66% used [0x00000007ab180000,0x00000007acf5fb80,0x00000007ade80000)
  to   space 46080K, 0% used [0x00000007a8480000,0x00000007a8480000,0x00000007ab180000)
 ParOldGen       total 131072K, used 43005K [0x0000000740000000, 0x0000000748000000, 0x0000000795580000)
  object space 131072K, 32% used [0x0000000740000000,0x00000007429ff5c8,0x0000000748000000)
 Metaspace       used 28081K, capacity 28425K, committed 28800K, reserved 1075200K
  class space    used 2228K, capacity 2342K, committed 2432K, reserved 1048576K
Event: 43.221 GC heap after
Heap after GC invocations=16 (full 1):
 PSYoungGen      total 356352K, used 30638K [0x0000000795580000, 0x00000007b0e00000, 0x00000007c0000000)
  eden space 310272K, 0% used [0x0000000795580000,0x0000000795580000,0x00000007a8480000)
  from space 46080K, 66% used [0x00000007a8480000,0x00000007aa26bb50,0x00000007ab180000)
  to   space 45568K, 0% used [0x00000007ae180000,0x00000007ae180000,0x00000007b0e00000)
 ParOldGen       total 131072K, used 43013K [0x0000000740000000, 0x0000000748000000, 0x0000000795580000)
  object space 131072K, 32% used [0x0000000740000000,0x0000000742a015c8,0x0000000748000000)
 Metaspace       used 28081K, capacity 28425K, committed 28800K, reserved 1075200K
  class space    used 2228K, capacity 2342K, committed 2432K, reserved 1048576K
}
Event: 49.324 GC heap before
{Heap before GC invocations=17 (full 1):
 PSYoungGen      total 356352K, used 340910K [0x0000000795580000, 0x00000007b0e00000, 0x00000007c0000000)
  eden space 310272K, 100% used [0x0000000795580000,0x00000007a8480000,0x00000007a8480000)
  from space 46080K, 66% used [0x00000007a8480000,0x00000007aa26bb50,0x00000007ab180000)
  to   space 45568K, 0% used [0x00000007ae180000,0x00000007ae180000,0x00000007b0e00000)
 ParOldGen       total 131072K, used 43013K [0x0000000740000000, 0x0000000748000000, 0x0000000795580000)
  object space 131072K, 32% used [0x0000000740000000,0x0000000742a015c8,0x0000000748000000)
 Metaspace       used 28088K, capacity 28425K, committed 28800K, reserved 1075200K
  class space    used 2228K, capacity 2342K, committed 2432K, reserved 1048576K
Event: 49.344 GC heap after
Heap after GC invocations=17 (full 1):
 PSYoungGen      total 393216K, used 30606K [0x0000000795580000, 0x00000007b0780000, 0x00000007c0000000)
  eden space 354304K, 0% used [0x0000000795580000,0x0000000795580000,0x00000007aaf80000)
  from space 38912K, 78% used [0x00000007ae180000,0x00000007aff63b50,0x00000007b0780000)
  to   space 45056K, 0% used [0x00000007aaf80000,0x00000007aaf80000,0x00000007adb80000)
 ParOldGen       total 131072K, used 43013K [0x0000000740000000, 0x0000000748000000, 0x0000000795580000)
  object space 131072K, 32% used [0x0000000740000000,0x0000000742a015c8,0x0000000748000000)
 Metaspace       used 28088K, capacity 28425K, committed 28800K, reserved 1075200K
  class space    used 2228K, capacity 2342K, committed 2432K, reserved 1048576K
}
Event: 56.657 GC heap before
{Heap before GC invocations=18 (full 1):
 PSYoungGen      total 393216K, used 384910K [0x0000000795580000, 0x00000007b0780000, 0x00000007c0000000)
  eden space 354304K, 100% used [0x0000000795580000,0x00000007aaf80000,0x00000007aaf80000)
  from space 38912K, 78% used [0x00000007ae180000,0x00000007aff63b50,0x00000007b0780000)
  to   space 45056K, 0% used [0x00000007aaf80000,0x00000007aaf80000,0x00000007adb80000)
 ParOldGen       total 131072K, used 43013K [0x0000000740000000, 0x0000000748000000, 0x0000000795580000)
  object space 131072K, 32% used [0x0000000740000000,0x0000000742a015c8,0x0000000748000000)
 Metaspace       used 28088K, capacity 28425K, committed 28800K, reserved 1075200K
  class space    used 2228K, capacity 2342K, committed 2432K, reserved 1048576K
Event: 56.669 GC heap after
Heap after GC invocations=18 (full 1):
 PSYoungGen      total 399360K, used 30622K [0x0000000795580000, 0x00000007b2280000, 0x00000007c0000000)
  eden space 354304K, 0% used [0x0000000795580000,0x0000000795580000,0x00000007aaf80000)
  from space 45056K, 67% used [0x00000007aaf80000,0x00000007acd67b60,0x00000007adb80000)
  to   space 44544K, 0% used [0x00000007af700000,0x00000007af700000,0x00000007b2280000)
 ParOldGen       total 131072K, used 43013K [0x0000000740000000, 0x0000000748000000, 0x0000000795580000)
  object space 131072K, 32% used [0x0000000740000000,0x0000000742a015c8,0x0000000748000000)
 Metaspace       used 28088K, capacity 28425K, committed 28800K, reserved 1075200K
  class space    used 2228K, capacity 2342K, committed 2432K, reserved 1048576K
}
Event: 64.845 GC heap before
{Heap before GC invocations=19 (full 1):
 PSYoungGen      total 399360K, used 384926K [0x0000000795580000, 0x00000007b2280000, 0x00000007c0000000)
  eden space 354304K, 100% used [0x0000000795580000,0x00000007aaf80000,0x00000007aaf80000)
  from space 45056K, 67% used [0x00000007aaf80000,0x00000007acd67b60,0x00000007adb80000)
  to   space 44544K, 0% used [0x00000007af700000,0x00000007af700000,0x00000007b2280000)
 ParOldGen       total 131072K, used 43013K [0x0000000740000000, 0x0000000748000000, 0x0000000795580000)
  object space 131072K, 32% used [0x0000000740000000,0x0000000742a015c8,0x0000000748000000)
 Metaspace       used 28088K, capacity 28425K, committed 28800K, reserved 1075200K
  class space    used 2228K, capacity 2342K, committed 2432K, reserved 1048576K
Event: 64.881 GC heap after
Heap after GC invocations=19 (full 1):
 PSYoungGen      total 424448K, used 30654K [0x0000000795580000, 0x00000007b2080000, 0x00000007c0000000)
  eden space 381952K, 0% used [0x0000000795580000,0x0000000795580000,0x00000007aca80000)
  from space 42496K, 72% used [0x00000007af700000,0x00000007b14efb60,0x00000007b2080000)
  to   space 44032K, 0% used [0x00000007aca80000,0x00000007aca80000,0x00000007af580000)
 ParOldGen       total 131072K, used 43013K [0x0000000740000000, 0x0000000748000000, 0x0000000795580000)
  object space 131072K, 32% used [0x0000000740000000,0x0000000742a015c8,0x0000000748000000)
 Metaspace       used 28088K, capacity 28425K, committed 28800K, reserved 1075200K
  class space    used 2228K, capacity 2342K, committed 2432K, reserved 1048576K
}

