# JRE version: Java(TM) SE Runtime Environment (8.0_251-b08) (build 1.8.0_251-b08)
# Java VM: Java HotSpot(TM) 64-Bit Server VM (25.251-b08 mixed mode bsd-amd64 compressed oops)
Heap:
 PSYoungGen      total 625664K, used 30942K [0x000000076ab00000, 0x00000007a4880000, 0x00000007c0000000)
  eden space 625152K, 4% used [0x000000076ab00000,0x000000076c8c7a00,0x0000000790d80000)
  from space 512K, 87% used [0x00000007a4800000,0x00000007a4870000,0x00000007a4880000)
  to   space 54272K, 0% used [0x000000079de80000,0x000000079de80000,0x00000007a1380000)
 ParOldGen       total 172544K, used 51192K [0x00000006c0000000, 0x00000006ca880000, 0x000000076ab00000)
  object space 172544K, 29% used [0x00000006c0000000,0x00000006c31fe2f0,0x00000006ca880000)
 Metaspace       used 21636K, capacity 21991K, committed 22192K, reserved 1069056K
  class space    used 2119K, capacity 2218K, committed 2304K, reserved 1048576K
GC Heap History (10 events):
Event: 22.614 GC heap before
{Heap before GC invocations=9 (full 1):
 PSYoungGen      total 317440K, used 261632K [0x000000076ab00000, 0x0000000791700000, 0x00000007c0000000)
  eden space 261632K, 100% used [0x000000076ab00000,0x000000077aa80000,0x000000077aa80000)
  from space 55808K, 0% used [0x000000077aa80000,0x000000077aa80000,0x000000077e100000)
  to   space 55808K, 0% used [0x000000078e080000,0x000000078e080000,0x0000000791700000)
 ParOldGen       total 172544K, used 51072K [0x00000006c0000000, 0x00000006ca880000, 0x000000076ab00000)
  object space 172544K, 29% used [0x00000006c0000000,0x00000006c31e02f0,0x00000006ca880000)
 Metaspace       used 21069K, capacity 21397K, committed 21552K, reserved 1069056K
  class space    used 2063K, capacity 2149K, committed 2176K, reserved 1048576K
Event: 22.615 GC heap after
Heap after GC invocations=9 (full 1):
 PSYoungGen      total 467456K, used 160K [0x000000076ab00000, 0x000000078e180000, 0x00000007c0000000)
  eden space 466432K, 0% used [0x000000076ab00000,0x000000076ab00000,0x0000000787280000)
  from space 1024K, 15% used [0x000000078e080000,0x000000078e0a8000,0x000000078e180000)
  to   space 56832K, 0% used [0x0000000787280000,0x0000000787280000,0x000000078aa00000)
 ParOldGen       total 172544K, used 51080K [0x00000006c0000000, 0x00000006ca880000, 0x000000076ab00000)
  object space 172544K, 29% used [0x00000006c0000000,0x00000006c31e22f0,0x00000006ca880000)
 Metaspace       used 21069K, capacity 21397K, committed 21552K, reserved 1069056K
  class space    used 2063K, capacity 2149K, committed 2176K, reserved 1048576K
}
Event: 34.782 GC heap before
{Heap before GC invocations=10 (full 1):
 PSYoungGen      total 467456K, used 466592K [0x000000076ab00000, 0x000000078e180000, 0x00000007c0000000)
  eden space 466432K, 100% used [0x000000076ab00000,0x0000000787280000,0x0000000787280000)
  from space 1024K, 15% used [0x000000078e080000,0x000000078e0a8000,0x000000078e180000)
  to   space 56832K, 0% used [0x0000000787280000,0x0000000787280000,0x000000078aa00000)
 ParOldGen       total 172544K, used 51080K [0x00000006c0000000, 0x00000006ca880000, 0x000000076ab00000)
  object space 172544K, 29% used [0x00000006c0000000,0x00000006c31e22f0,0x00000006ca880000)
 Metaspace       used 21187K, capacity 21525K, committed 21808K, reserved 1069056K
  class space    used 2063K, capacity 2149K, committed 2176K, reserved 1048576K
Event: 34.783 GC heap after
Heap after GC invocations=10 (full 1):
 PSYoungGen      total 523264K, used 128K [0x000000076ab00000, 0x000000079a980000, 0x00000007c0000000)
  eden space 466432K, 0% used [0x000000076ab00000,0x000000076ab00000,0x0000000787280000)
  from space 56832K, 0% used [0x0000000787280000,0x00000007872a0000,0x000000078aa00000)
  to   space 56832K, 0% used [0x0000000797200000,0x0000000797200000,0x000000079a980000)
 ParOldGen       total 172544K, used 51088K [0x00000006c0000000, 0x00000006ca880000, 0x000000076ab00000)
  object space 172544K, 29% used [0x00000006c0000000,0x00000006c31e42f0,0x00000006ca880000)
 Metaspace       used 21187K, capacity 21525K, committed 21808K, reserved 1069056K
  class space    used 2063K, capacity 2149K, committed 2176K, reserved 1048576K
}
Event: 46.910 GC heap before
{Heap before GC invocations=11 (full 1):
 PSYoungGen      total 523264K, used 466560K [0x000000076ab00000, 0x000000079a980000, 0x00000007c0000000)
  eden space 466432K, 100% used [0x000000076ab00000,0x0000000787280000,0x0000000787280000)
  from space 56832K, 0% used [0x0000000787280000,0x00000007872a0000,0x000000078aa00000)
  to   space 56832K, 0% used [0x0000000797200000,0x0000000797200000,0x000000079a980000)
 ParOldGen       total 172544K, used 51088K [0x00000006c0000000, 0x00000006ca880000, 0x000000076ab00000)
  object space 172544K, 29% used [0x00000006c0000000,0x00000006c31e42f0,0x00000006ca880000)
 Metaspace       used 21192K, capacity 21525K, committed 21808K, reserved 1069056K
  class space    used 2063K, capacity 2149K, committed 2176K, reserved 1048576K
Event: 46.911 GC heap after
Heap after GC invocations=11 (full 1):
 PSYoungGen      total 693248K, used 128K [0x000000076ab00000, 0x0000000799800000, 0x00000007c0000000)
  eden space 654336K, 0% used [0x000000076ab00000,0x000000076ab00000,0x0000000792a00000)
  from space 38912K, 0% used [0x0000000797200000,0x0000000797220000,0x0000000799800000)
  to   space 56320K, 0% used [0x0000000792a00000,0x0000000792a00000,0x0000000796100000)
 ParOldGen       total 172544K, used 51128K [0x00000006c0000000, 0x00000006ca880000, 0x000000076ab00000)
  object space 172544K, 29% used [0x00000006c0000000,0x00000006c31ee2f0,0x00000006ca880000)
 Metaspace       used 21192K, capacity 21525K, committed 21808K, reserved 1069056K
  class space    used 2063K, capacity 2149K, committed 2176K, reserved 1048576K
}
Event: 63.861 GC heap before
{Heap before GC invocations=12 (full 1):
 PSYoungGen      total 693248K, used 654464K [0x000000076ab00000, 0x0000000799800000, 0x00000007c0000000)
  eden space 654336K, 100% used [0x000000076ab00000,0x0000000792a00000,0x0000000792a00000)
  from space 38912K, 0% used [0x0000000797200000,0x0000000797220000,0x0000000799800000)
  to   space 56320K, 0% used [0x0000000792a00000,0x0000000792a00000,0x0000000796100000)
 ParOldGen       total 172544K, used 51128K [0x00000006c0000000, 0x00000006ca880000, 0x000000076ab00000)
  object space 172544K, 29% used [0x00000006c0000000,0x00000006c31ee2f0,0x00000006ca880000)
 Metaspace       used 21192K, capacity 21525K, committed 21808K, reserved 1069056K
  class space    used 2063K, capacity 2149K, committed 2176K, reserved 1048576K
Event: 63.862 GC heap after
Heap after GC invocations=12 (full 1):
 PSYoungGen      total 710656K, used 128K [0x000000076ab00000, 0x00000007a7e00000, 0x00000007c0000000)
  eden space 654336K, 0% used [0x000000076ab00000,0x000000076ab00000,0x0000000792a00000)
  from space 56320K, 0% used [0x0000000792a00000,0x0000000792a20000,0x0000000796100000)
  to   space 55296K, 0% used [0x00000007a4800000,0x00000007a4800000,0x00000007a7e00000)
 ParOldGen       total 172544K, used 51168K [0x00000006c0000000, 0x00000006ca880000, 0x000000076ab00000)
  object space 172544K, 29% used [0x00000006c0000000,0x00000006c31f82f0,0x00000006ca880000)
 Metaspace       used 21192K, capacity 21525K, committed 21808K, reserved 1069056K
  class space    used 2063K, capacity 2149K, committed 2176K, reserved 1048576K
}
Event: 77.390 GC heap before
{Heap before GC invocations=13 (full 1):
 PSYoungGen      total 710656K, used 654464K [0x000000076ab00000, 0x00000007a7e00000, 0x00000007c0000000)
  eden space 654336K, 100% used [0x000000076ab00000,0x0000000792a00000,0x0000000792a00000)
  from space 56320K, 0% used [0x0000000792a00000,0x0000000792a20000,0x0000000796100000)
  to   space 55296K, 0% used [0x00000007a4800000,0x00000007a4800000,0x00000007a7e00000)
 ParOldGen       total 172544K, used 51168K [0x00000006c0000000, 0x00000006ca880000, 0x000000076ab00000)
  object space 172544K, 29% used [0x00000006c0000000,0x00000006c31f82f0,0x00000006ca880000)
 Metaspace       used 21606K, capacity 21923K, committed 22192K, reserved 1069056K
  class space    used 2114K, capacity 2216K, committed 2304K, reserved 1048576K
Event: 77.392 GC heap after
Heap after GC invocations=13 (full 1):
 PSYoungGen      total 625664K, used 448K [0x000000076ab00000, 0x00000007a4880000, 0x00000007c0000000)
  eden space 625152K, 0% used [0x000000076ab00000,0x000000076ab00000,0x0000000790d80000)
  from space 512K, 87% used [0x00000007a4800000,0x00000007a4870000,0x00000007a4880000)
  to   space 54272K, 0% used [0x000000079de80000,0x000000079de80000,0x00000007a1380000)
 ParOldGen       total 172544K, used 51192K [0x00000006c0000000, 0x00000006ca880000, 0x000000076ab00000)
  object space 172544K, 29% used [0x00000006c0000000,0x00000006c31fe2f0,0x00000006ca880000)
 Metaspace       used 21606K, capacity 21923K, committed 22192K, reserved 1069056K
  class space    used 2114K, capacity 2216K, committed 2304K, reserved 1048576K
}

