# JRE version: Java(TM) SE Runtime Environment (8.0_251-b08) (build 1.8.0_251-b08)
# Java VM: Java HotSpot(TM) 64-Bit Server VM (25.251-b08 mixed mode bsd-amd64 compressed oops)
Heap:
 PSYoungGen      total 138752K, used 105144K [0x0000000795580000, 0x000000079e900000, 0x00000007c0000000)
  eden space 126464K, 77% used [0x0000000795580000,0x000000079b4a2b30,0x000000079d100000)
  from space 12288K, 62% used [0x000000079dc80000,0x000000079e40b780,0x000000079e880000)
  to   space 11776K, 0% used [0x000000079d100000,0x000000079d100000,0x000000079dc80000)
 ParOldGen       total 46080K, used 15681K [0x0000000740000000, 0x0000000742d00000, 0x0000000795580000)
  object space 46080K, 34% used [0x0000000740000000,0x0000000740f507f8,0x0000000742d00000)
 Metaspace       used 25529K, capacity 25967K, committed 26240K, reserved 1073152K
  class space    used 2523K, capacity 2654K, committed 2688K, reserved 1048576K
GC Heap History (10 events):
Event: 5.404 GC heap before
{Heap before GC invocations=3 (full 0):
 PSYoungGen      total 38400K, used 5491K [0x0000000795580000, 0x0000000798000000, 0x00000007c0000000)
  eden space 33280K, 1% used [0x0000000795580000,0x00000007955e0c50,0x0000000797600000)
  from space 5120K, 99% used [0x0000000797b00000,0x0000000797ffc050,0x0000000798000000)
  to   space 5120K, 0% used [0x0000000797600000,0x0000000797600000,0x0000000797b00000)
 ParOldGen       total 87552K, used 3243K [0x0000000740000000, 0x0000000745580000, 0x0000000795580000)
  object space 87552K, 3% used [0x0000000740000000,0x000000074032af00,0x0000000745580000)
 Metaspace       used 20758K, capacity 21165K, committed 21248K, reserved 1069056K
  class space    used 2150K, capacity 2295K, committed 2304K, reserved 1048576K
Event: 5.409 GC heap after
Heap after GC invocations=3 (full 0):
 PSYoungGen      total 38400K, used 5088K [0x0000000795580000, 0x000000079a080000, 0x00000007c0000000)
  eden space 33280K, 0% used [0x0000000795580000,0x0000000795580000,0x0000000797600000)
  from space 5120K, 99% used [0x0000000797600000,0x0000000797af8060,0x0000000797b00000)
  to   space 5120K, 0% used [0x0000000799b80000,0x0000000799b80000,0x000000079a080000)
 ParOldGen       total 87552K, used 3315K [0x0000000740000000, 0x0000000745580000, 0x0000000795580000)
  object space 87552K, 3% used [0x0000000740000000,0x000000074033cf00,0x0000000745580000)
 Metaspace       used 20758K, capacity 21165K, committed 21248K, reserved 1069056K
  class space    used 2150K, capacity 2295K, committed 2304K, reserved 1048576K
}
Event: 5.409 GC heap before
{Heap before GC invocations=4 (full 1):
 PSYoungGen      total 38400K, used 5088K [0x0000000795580000, 0x000000079a080000, 0x00000007c0000000)
  eden space 33280K, 0% used [0x0000000795580000,0x0000000795580000,0x0000000797600000)
  from space 5120K, 99% used [0x0000000797600000,0x0000000797af8060,0x0000000797b00000)
  to   space 5120K, 0% used [0x0000000799b80000,0x0000000799b80000,0x000000079a080000)
 ParOldGen       total 87552K, used 3315K [0x0000000740000000, 0x0000000745580000, 0x0000000795580000)
  object space 87552K, 3% used [0x0000000740000000,0x000000074033cf00,0x0000000745580000)
 Metaspace       used 20758K, capacity 21165K, committed 21248K, reserved 1069056K
  class space    used 2150K, capacity 2295K, committed 2304K, reserved 1048576K
Event: 5.445 GC heap after
Heap after GC invocations=4 (full 1):
 PSYoungGen      total 38400K, used 0K [0x0000000795580000, 0x000000079a080000, 0x00000007c0000000)
  eden space 33280K, 0% used [0x0000000795580000,0x0000000795580000,0x0000000797600000)
  from space 5120K, 0% used [0x0000000797600000,0x0000000797600000,0x0000000797b00000)
  to   space 5120K, 0% used [0x0000000799b80000,0x0000000799b80000,0x000000079a080000)
 ParOldGen       total 46080K, used 7060K [0x0000000740000000, 0x0000000742d00000, 0x0000000795580000)
  object space 46080K, 15% used [0x0000000740000000,0x00000007406e5100,0x0000000742d00000)
 Metaspace       used 20758K, capacity 21165K, committed 21248K, reserved 1069056K
  class space    used 2150K, capacity 2295K, committed 2304K, reserved 1048576K
}
Event: 10.715 GC heap before
{Heap before GC invocations=5 (full 1):
 PSYoungGen      total 38400K, used 33280K [0x0000000795580000, 0x000000079a080000, 0x00000007c0000000)
  eden space 33280K, 100% used [0x0000000795580000,0x0000000797600000,0x0000000797600000)
  from space 5120K, 0% used [0x0000000797600000,0x0000000797600000,0x0000000797b00000)
  to   space 5120K, 0% used [0x0000000799b80000,0x0000000799b80000,0x000000079a080000)
 ParOldGen       total 46080K, used 7060K [0x0000000740000000, 0x0000000742d00000, 0x0000000795580000)
  object space 46080K, 15% used [0x0000000740000000,0x00000007406e5100,0x0000000742d00000)
 Metaspace       used 24275K, capacity 24677K, committed 24960K, reserved 1071104K
  class space    used 2481K, capacity 2587K, committed 2688K, reserved 1048576K
Event: 10.723 GC heap after
Heap after GC invocations=5 (full 1):
 PSYoungGen      total 70144K, used 5111K [0x0000000795580000, 0x000000079a080000, 0x00000007c0000000)
  eden space 65024K, 0% used [0x0000000795580000,0x0000000795580000,0x0000000799500000)
  from space 5120K, 99% used [0x0000000799b80000,0x000000079a07dd80,0x000000079a080000)
  to   space 5120K, 0% used [0x0000000799680000,0x0000000799680000,0x0000000799b80000)
 ParOldGen       total 46080K, used 13978K [0x0000000740000000, 0x0000000742d00000, 0x0000000795580000)
  object space 46080K, 30% used [0x0000000740000000,0x0000000740da6b10,0x0000000742d00000)
 Metaspace       used 24275K, capacity 24677K, committed 24960K, reserved 1071104K
  class space    used 2481K, capacity 2587K, committed 2688K, reserved 1048576K
}
Event: 13.494 GC heap before
{Heap before GC invocations=6 (full 1):
 PSYoungGen      total 70144K, used 70135K [0x0000000795580000, 0x000000079a080000, 0x00000007c0000000)
  eden space 65024K, 100% used [0x0000000795580000,0x0000000799500000,0x0000000799500000)
  from space 5120K, 99% used [0x0000000799b80000,0x000000079a07dd80,0x000000079a080000)
  to   space 5120K, 0% used [0x0000000799680000,0x0000000799680000,0x0000000799b80000)
 ParOldGen       total 46080K, used 13978K [0x0000000740000000, 0x0000000742d00000, 0x0000000795580000)
  object space 46080K, 30% used [0x0000000740000000,0x0000000740da6b10,0x0000000742d00000)
 Metaspace       used 25019K, capacity 25419K, committed 25728K, reserved 1073152K
  class space    used 2510K, capacity 2620K, committed 2688K, reserved 1048576K
Event: 13.503 GC heap after
Heap after GC invocations=6 (full 1):
 PSYoungGen      total 71680K, used 5117K [0x0000000795580000, 0x000000079e880000, 0x00000007c0000000)
  eden space 66560K, 0% used [0x0000000795580000,0x0000000795580000,0x0000000799680000)
  from space 5120K, 99% used [0x0000000799680000,0x0000000799b7f670,0x0000000799b80000)
  to   space 12288K, 0% used [0x000000079dc80000,0x000000079dc80000,0x000000079e880000)
 ParOldGen       total 46080K, used 15673K [0x0000000740000000, 0x0000000742d00000, 0x0000000795580000)
  object space 46080K, 34% used [0x0000000740000000,0x0000000740f4e7f8,0x0000000742d00000)
 Metaspace       used 25019K, capacity 25419K, committed 25728K, reserved 1073152K
  class space    used 2510K, capacity 2620K, committed 2688K, reserved 1048576K
}
Event: 17.221 GC heap before
{Heap before GC invocations=7 (full 1):
 PSYoungGen      total 71680K, used 71677K [0x0000000795580000, 0x000000079e880000, 0x00000007c0000000)
  eden space 66560K, 100% used [0x0000000795580000,0x0000000799680000,0x0000000799680000)
  from space 5120K, 99% used [0x0000000799680000,0x0000000799b7f670,0x0000000799b80000)
  to   space 12288K, 0% used [0x000000079dc80000,0x000000079dc80000,0x000000079e880000)
 ParOldGen       total 46080K, used 15673K [0x0000000740000000, 0x0000000742d00000, 0x0000000795580000)
  object space 46080K, 34% used [0x0000000740000000,0x0000000740f4e7f8,0x0000000742d00000)
 Metaspace       used 25241K, capacity 25611K, committed 25728K, reserved 1073152K
  class space    used 2511K, capacity 2620K, committed 2688K, reserved 1048576K
Event: 17.226 GC heap after
Heap after GC invocations=7 (full 1):
 PSYoungGen      total 138752K, used 7725K [0x0000000795580000, 0x000000079e900000, 0x00000007c0000000)
  eden space 126464K, 0% used [0x0000000795580000,0x0000000795580000,0x000000079d100000)
  from space 12288K, 62% used [0x000000079dc80000,0x000000079e40b780,0x000000079e880000)
  to   space 11776K, 0% used [0x000000079d100000,0x000000079d100000,0x000000079dc80000)
 ParOldGen       total 46080K, used 15681K [0x0000000740000000, 0x0000000742d00000, 0x0000000795580000)
  object space 46080K, 34% used [0x0000000740000000,0x0000000740f507f8,0x0000000742d00000)
 Metaspace       used 25241K, capacity 25611K, committed 25728K, reserved 1073152K
  class space    used 2511K, capacity 2620K, committed 2688K, reserved 1048576K
}

