# JRE version: Java(TM) SE Runtime Environment (8.0_251-b08) (build 1.8.0_251-b08)
# Java VM: Java HotSpot(TM) 64-Bit Server VM (25.251-b08 mixed mode bsd-amd64 compressed oops)
Heap:
 PSYoungGen      total 245248K, used 81379K [0x0000000795580000, 0x00000007a7680000, 0x00000007c0000000)
  eden space 204800K, 24% used [0x0000000795580000,0x00000007987343a0,0x00000007a1d80000)
  from space 40448K, 75% used [0x00000007a4f00000,0x00000007a6cc4a50,0x00000007a7680000)
  to   space 45568K, 0% used [0x00000007a1d80000,0x00000007a1d80000,0x00000007a4a00000)
 ParOldGen       total 125952K, used 43140K [0x0000000740000000, 0x0000000747b00000, 0x0000000795580000)
  object space 125952K, 34% used [0x0000000740000000,0x0000000742a211b8,0x0000000747b00000)
 Metaspace       used 27795K, capacity 28095K, committed 28288K, reserved 1075200K
  class space    used 2243K, capacity 2345K, committed 2432K, reserved 1048576K
GC Heap History (10 events):
Event: 11.597 GC heap before
{Heap before GC invocations=5 (full 0):
 PSYoungGen      total 71680K, used 71672K [0x0000000795580000, 0x000000079a080000, 0x00000007c0000000)
  eden space 66560K, 100% used [0x0000000795580000,0x0000000799680000,0x0000000799680000)
  from space 5120K, 99% used [0x0000000799b80000,0x000000079a07e010,0x000000079a080000)
  to   space 5120K, 0% used [0x0000000799680000,0x0000000799680000,0x0000000799b80000)
 ParOldGen       total 87552K, used 45842K [0x0000000740000000, 0x0000000745580000, 0x0000000795580000)
  object space 87552K, 52% used [0x0000000740000000,0x0000000742cc4bb8,0x0000000745580000)
 Metaspace       used 19674K, capacity 20007K, committed 20096K, reserved 1067008K
  class space    used 2006K, capacity 2116K, committed 2176K, reserved 1048576K
Event: 11.681 GC heap after
Heap after GC invocations=5 (full 0):
 PSYoungGen      total 71680K, used 5092K [0x0000000795580000, 0x00000007a3480000, 0x00000007c0000000)
  eden space 66560K, 0% used [0x0000000795580000,0x0000000795580000,0x0000000799680000)
  from space 5120K, 99% used [0x0000000799680000,0x0000000799b79298,0x0000000799b80000)
  to   space 47616K, 0% used [0x00000007a0600000,0x00000007a0600000,0x00000007a3480000)
 ParOldGen       total 87552K, used 79429K [0x0000000740000000, 0x0000000745580000, 0x0000000795580000)
  object space 87552K, 90% used [0x0000000740000000,0x0000000744d917a0,0x0000000745580000)
 Metaspace       used 19674K, capacity 20007K, committed 20096K, reserved 1067008K
  class space    used 2006K, capacity 2116K, committed 2176K, reserved 1048576K
}
Event: 11.683 GC heap before
{Heap before GC invocations=6 (full 1):
 PSYoungGen      total 71680K, used 5092K [0x0000000795580000, 0x00000007a3480000, 0x00000007c0000000)
  eden space 66560K, 0% used [0x0000000795580000,0x0000000795580000,0x0000000799680000)
  from space 5120K, 99% used [0x0000000799680000,0x0000000799b79298,0x0000000799b80000)
  to   space 47616K, 0% used [0x00000007a0600000,0x00000007a0600000,0x00000007a3480000)
 ParOldGen       total 87552K, used 79429K [0x0000000740000000, 0x0000000745580000, 0x0000000795580000)
  object space 87552K, 90% used [0x0000000740000000,0x0000000744d917a0,0x0000000745580000)
 Metaspace       used 19674K, capacity 20007K, committed 20096K, reserved 1067008K
  class space    used 2006K, capacity 2116K, committed 2176K, reserved 1048576K
Event: 11.887 GC heap after
Heap after GC invocations=6 (full 1):
 PSYoungGen      total 71680K, used 0K [0x0000000795580000, 0x00000007a3480000, 0x00000007c0000000)
  eden space 66560K, 0% used [0x0000000795580000,0x0000000795580000,0x0000000799680000)
  from space 5120K, 0% used [0x0000000799680000,0x0000000799680000,0x0000000799b80000)
  to   space 47616K, 0% used [0x00000007a0600000,0x00000007a0600000,0x00000007a3480000)
 ParOldGen       total 125952K, used 43116K [0x0000000740000000, 0x0000000747b00000, 0x0000000795580000)
  object space 125952K, 34% used [0x0000000740000000,0x0000000742a1b1b8,0x0000000747b00000)
 Metaspace       used 19674K, capacity 20007K, committed 20096K, reserved 1067008K
  class space    used 2006K, capacity 2116K, committed 2176K, reserved 1048576K
}
Event: 12.481 GC heap before
{Heap before GC invocations=7 (full 1):
 PSYoungGen      total 71680K, used 65478K [0x0000000795580000, 0x00000007a3480000, 0x00000007c0000000)
  eden space 66560K, 98% used [0x0000000795580000,0x0000000799571b50,0x0000000799680000)
  from space 5120K, 0% used [0x0000000799680000,0x0000000799680000,0x0000000799b80000)
  to   space 47616K, 0% used [0x00000007a0600000,0x00000007a0600000,0x00000007a3480000)
 ParOldGen       total 125952K, used 43116K [0x0000000740000000, 0x0000000747b00000, 0x0000000795580000)
  object space 125952K, 34% used [0x0000000740000000,0x0000000742a1b1b8,0x0000000747b00000)
 Metaspace       used 20181K, capacity 20487K, committed 20608K, reserved 1067008K
  class space    used 2047K, capacity 2148K, committed 2176K, reserved 1048576K
Event: 12.539 GC heap after
Heap after GC invocations=7 (full 1):
 PSYoungGen      total 146944K, used 22084K [0x0000000795580000, 0x00000007a2080000, 0x00000007c0000000)
  eden space 119808K, 0% used [0x0000000795580000,0x0000000795580000,0x000000079ca80000)
  from space 27136K, 81% used [0x00000007a0600000,0x00000007a1b910a0,0x00000007a2080000)
  to   space 44032K, 0% used [0x000000079ca80000,0x000000079ca80000,0x000000079f580000)
 ParOldGen       total 125952K, used 43124K [0x0000000740000000, 0x0000000747b00000, 0x0000000795580000)
  object space 125952K, 34% used [0x0000000740000000,0x0000000742a1d1b8,0x0000000747b00000)
 Metaspace       used 20181K, capacity 20487K, committed 20608K, reserved 1067008K
  class space    used 2047K, capacity 2148K, committed 2176K, reserved 1048576K
}
Event: 16.525 GC heap before
{Heap before GC invocations=8 (full 1):
 PSYoungGen      total 146944K, used 141892K [0x0000000795580000, 0x00000007a2080000, 0x00000007c0000000)
  eden space 119808K, 100% used [0x0000000795580000,0x000000079ca80000,0x000000079ca80000)
  from space 27136K, 81% used [0x00000007a0600000,0x00000007a1b910a0,0x00000007a2080000)
  to   space 44032K, 0% used [0x000000079ca80000,0x000000079ca80000,0x000000079f580000)
 ParOldGen       total 125952K, used 43124K [0x0000000740000000, 0x0000000747b00000, 0x0000000795580000)
  object space 125952K, 34% used [0x0000000740000000,0x0000000742a1d1b8,0x0000000747b00000)
 Metaspace       used 27243K, capacity 27635K, committed 28032K, reserved 1075200K
  class space    used 2205K, capacity 2341K, committed 2432K, reserved 1048576K
Event: 16.568 GC heap after
Heap after GC invocations=8 (full 1):
 PSYoungGen      total 163840K, used 28244K [0x0000000795580000, 0x00000007a7a80000, 0x00000007c0000000)
  eden space 119808K, 0% used [0x0000000795580000,0x0000000795580000,0x000000079ca80000)
  from space 44032K, 64% used [0x000000079ca80000,0x000000079e6151f8,0x000000079f580000)
  to   space 44544K, 0% used [0x00000007a4f00000,0x00000007a4f00000,0x00000007a7a80000)
 ParOldGen       total 125952K, used 43132K [0x0000000740000000, 0x0000000747b00000, 0x0000000795580000)
  object space 125952K, 34% used [0x0000000740000000,0x0000000742a1f1b8,0x0000000747b00000)
 Metaspace       used 27243K, capacity 27635K, committed 28032K, reserved 1075200K
  class space    used 2205K, capacity 2341K, committed 2432K, reserved 1048576K
}
Event: 19.152 GC heap before
{Heap before GC invocations=9 (full 1):
 PSYoungGen      total 163840K, used 148052K [0x0000000795580000, 0x00000007a7a80000, 0x00000007c0000000)
  eden space 119808K, 100% used [0x0000000795580000,0x000000079ca80000,0x000000079ca80000)
  from space 44032K, 64% used [0x000000079ca80000,0x000000079e6151f8,0x000000079f580000)
  to   space 44544K, 0% used [0x00000007a4f00000,0x00000007a4f00000,0x00000007a7a80000)
 ParOldGen       total 125952K, used 43132K [0x0000000740000000, 0x0000000747b00000, 0x0000000795580000)
  object space 125952K, 34% used [0x0000000740000000,0x0000000742a1f1b8,0x0000000747b00000)
 Metaspace       used 27604K, capacity 27957K, committed 28288K, reserved 1075200K
  class space    used 2228K, capacity 2342K, committed 2432K, reserved 1048576K
Event: 19.170 GC heap after
Heap after GC invocations=9 (full 1):
 PSYoungGen      total 245248K, used 30482K [0x0000000795580000, 0x00000007a7680000, 0x00000007c0000000)
  eden space 204800K, 0% used [0x0000000795580000,0x0000000795580000,0x00000007a1d80000)
  from space 40448K, 75% used [0x00000007a4f00000,0x00000007a6cc4a50,0x00000007a7680000)
  to   space 45568K, 0% used [0x00000007a1d80000,0x00000007a1d80000,0x00000007a4a00000)
 ParOldGen       total 125952K, used 43140K [0x0000000740000000, 0x0000000747b00000, 0x0000000795580000)
  object space 125952K, 34% used [0x0000000740000000,0x0000000742a211b8,0x0000000747b00000)
 Metaspace       used 27604K, capacity 27957K, committed 28288K, reserved 1075200K
  class space    used 2228K, capacity 2342K, committed 2432K, reserved 1048576K
}

