# JRE version: Java(TM) SE Runtime Environment (8.0_251-b08) (build 1.8.0_251-b08)
# Java VM: Java HotSpot(TM) 64-Bit Server VM (25.251-b08 mixed mode bsd-amd64 compressed oops)
Heap:
 PSYoungGen      total 403456K, used 183633K [0x0000000795580000, 0x00000007aff80000, 0x00000007c0000000)
  eden space 374784K, 48% used [0x0000000795580000,0x00000007a06f4760,0x00000007ac380000)
  from space 28672K, 6% used [0x00000007ac380000,0x00000007ac560060,0x00000007adf80000)
  to   space 29184K, 0% used [0x00000007ae300000,0x00000007ae300000,0x00000007aff80000)
 ParOldGen       total 130048K, used 86049K [0x0000000740000000, 0x0000000747f00000, 0x0000000795580000)
  object space 130048K, 66% used [0x0000000740000000,0x0000000745408720,0x0000000747f00000)
 Metaspace       used 28603K, capacity 28935K, committed 29312K, reserved 1077248K
  class space    used 2247K, capacity 2345K, committed 2432K, reserved 1048576K
GC Heap History (10 events):
Event: 106.155 GC heap before
{Heap before GC invocations=26 (full 1):
 PSYoungGen      total 396800K, used 376864K [0x0000000795580000, 0x00000007af600000, 0x00000007c0000000)
  eden space 369152K, 100% used [0x0000000795580000,0x00000007abe00000,0x00000007abe00000)
  from space 27648K, 27% used [0x00000007ada00000,0x00000007ae1881b0,0x00000007af500000)
  to   space 28672K, 0% used [0x00000007abe00000,0x00000007abe00000,0x00000007ada00000)
 ParOldGen       total 130048K, used 80208K [0x0000000740000000, 0x0000000747f00000, 0x0000000795580000)
  object space 130048K, 61% used [0x0000000740000000,0x0000000744e54210,0x0000000747f00000)
 Metaspace       used 28531K, capacity 28865K, committed 29312K, reserved 1077248K
  class space    used 2233K, capacity 2342K, committed 2432K, reserved 1048576K
Event: 106.156 GC heap after
Heap after GC invocations=26 (full 1):
 PSYoungGen      total 397824K, used 7712K [0x0000000795580000, 0x00000007afb00000, 0x00000007c0000000)
  eden space 369152K, 0% used [0x0000000795580000,0x0000000795580000,0x00000007abe00000)
  from space 28672K, 26% used [0x00000007abe00000,0x00000007ac5881b0,0x00000007ada00000)
  to   space 29184K, 0% used [0x00000007ade80000,0x00000007ade80000,0x00000007afb00000)
 ParOldGen       total 130048K, used 80248K [0x0000000740000000, 0x0000000747f00000, 0x0000000795580000)
  object space 130048K, 61% used [0x0000000740000000,0x0000000744e5e210,0x0000000747f00000)
 Metaspace       used 28531K, capacity 28865K, committed 29312K, reserved 1077248K
  class space    used 2233K, capacity 2342K, committed 2432K, reserved 1048576K
}
Event: 113.103 GC heap before
{Heap before GC invocations=27 (full 1):
 PSYoungGen      total 397824K, used 376864K [0x0000000795580000, 0x00000007afb00000, 0x00000007c0000000)
  eden space 369152K, 100% used [0x0000000795580000,0x00000007abe00000,0x00000007abe00000)
  from space 28672K, 26% used [0x00000007abe00000,0x00000007ac5881b0,0x00000007ada00000)
  to   space 29184K, 0% used [0x00000007ade80000,0x00000007ade80000,0x00000007afb00000)
 ParOldGen       total 130048K, used 80248K [0x0000000740000000, 0x0000000747f00000, 0x0000000795580000)
  object space 130048K, 61% used [0x0000000740000000,0x0000000744e5e210,0x0000000747f00000)
 Metaspace       used 28531K, capacity 28865K, committed 29312K, reserved 1077248K
  class space    used 2233K, capacity 2342K, committed 2432K, reserved 1048576K
Event: 113.105 GC heap after
Heap after GC invocations=27 (full 1):
 PSYoungGen      total 400384K, used 7680K [0x0000000795580000, 0x00000007afa00000, 0x00000007c0000000)
  eden space 372224K, 0% used [0x0000000795580000,0x0000000795580000,0x00000007ac100000)
  from space 28160K, 27% used [0x00000007ade80000,0x00000007ae6001b0,0x00000007afa00000)
  to   space 29184K, 0% used [0x00000007ac100000,0x00000007ac100000,0x00000007add80000)
 ParOldGen       total 130048K, used 80288K [0x0000000740000000, 0x0000000747f00000, 0x0000000795580000)
  object space 130048K, 61% used [0x0000000740000000,0x0000000744e68210,0x0000000747f00000)
 Metaspace       used 28531K, capacity 28865K, committed 29312K, reserved 1077248K
  class space    used 2233K, capacity 2342K, committed 2432K, reserved 1048576K
}
Event: 120.704 GC heap before
{Heap before GC invocations=28 (full 1):
 PSYoungGen      total 400384K, used 379904K [0x0000000795580000, 0x00000007afa00000, 0x00000007c0000000)
  eden space 372224K, 100% used [0x0000000795580000,0x00000007ac100000,0x00000007ac100000)
  from space 28160K, 27% used [0x00000007ade80000,0x00000007ae6001b0,0x00000007afa00000)
  to   space 29184K, 0% used [0x00000007ac100000,0x00000007ac100000,0x00000007add80000)
 ParOldGen       total 130048K, used 80288K [0x0000000740000000, 0x0000000747f00000, 0x0000000795580000)
  object space 130048K, 61% used [0x0000000740000000,0x0000000744e68210,0x0000000747f00000)
 Metaspace       used 28531K, capacity 28865K, committed 29312K, reserved 1077248K
  class space    used 2233K, capacity 2342K, committed 2432K, reserved 1048576K
Event: 120.706 GC heap after
Heap after GC invocations=28 (full 1):
 PSYoungGen      total 401408K, used 7712K [0x0000000795580000, 0x00000007afc80000, 0x00000007c0000000)
  eden space 372224K, 0% used [0x0000000795580000,0x0000000795580000,0x00000007ac100000)
  from space 29184K, 26% used [0x00000007ac100000,0x00000007ac8881b0,0x00000007add80000)
  to   space 29184K, 0% used [0x00000007ae000000,0x00000007ae000000,0x00000007afc80000)
 ParOldGen       total 130048K, used 80320K [0x0000000740000000, 0x0000000747f00000, 0x0000000795580000)
  object space 130048K, 61% used [0x0000000740000000,0x0000000744e70210,0x0000000747f00000)
 Metaspace       used 28531K, capacity 28865K, committed 29312K, reserved 1077248K
  class space    used 2233K, capacity 2342K, committed 2432K, reserved 1048576K
}
Event: 128.226 GC heap before
{Heap before GC invocations=29 (full 1):
 PSYoungGen      total 401408K, used 379936K [0x0000000795580000, 0x00000007afc80000, 0x00000007c0000000)
  eden space 372224K, 100% used [0x0000000795580000,0x00000007ac100000,0x00000007ac100000)
  from space 29184K, 26% used [0x00000007ac100000,0x00000007ac8881b0,0x00000007add80000)
  to   space 29184K, 0% used [0x00000007ae000000,0x00000007ae000000,0x00000007afc80000)
 ParOldGen       total 130048K, used 80320K [0x0000000740000000, 0x0000000747f00000, 0x0000000795580000)
  object space 130048K, 61% used [0x0000000740000000,0x0000000744e70210,0x0000000747f00000)
 Metaspace       used 28531K, capacity 28865K, committed 29312K, reserved 1077248K
  class space    used 2233K, capacity 2342K, committed 2432K, reserved 1048576K
Event: 128.228 GC heap after
Heap after GC invocations=29 (full 1):
 PSYoungGen      total 402944K, used 7712K [0x0000000795580000, 0x00000007afb80000, 0x00000007c0000000)
  eden space 374784K, 0% used [0x0000000795580000,0x0000000795580000,0x00000007ac380000)
  from space 28160K, 27% used [0x00000007ae000000,0x00000007ae7881b0,0x00000007afb80000)
  to   space 28672K, 0% used [0x00000007ac380000,0x00000007ac380000,0x00000007adf80000)
 ParOldGen       total 130048K, used 80344K [0x0000000740000000, 0x0000000747f00000, 0x0000000795580000)
  object space 130048K, 61% used [0x0000000740000000,0x0000000744e76210,0x0000000747f00000)
 Metaspace       used 28531K, capacity 28865K, committed 29312K, reserved 1077248K
  class space    used 2233K, capacity 2342K, committed 2432K, reserved 1048576K
}
Event: 135.324 GC heap before
{Heap before GC invocations=30 (full 1):
 PSYoungGen      total 402944K, used 382496K [0x0000000795580000, 0x00000007afb80000, 0x00000007c0000000)
  eden space 374784K, 100% used [0x0000000795580000,0x00000007ac380000,0x00000007ac380000)
  from space 28160K, 27% used [0x00000007ae000000,0x00000007ae7881b0,0x00000007afb80000)
  to   space 28672K, 0% used [0x00000007ac380000,0x00000007ac380000,0x00000007adf80000)
 ParOldGen       total 130048K, used 80344K [0x0000000740000000, 0x0000000747f00000, 0x0000000795580000)
  object space 130048K, 61% used [0x0000000740000000,0x0000000744e76210,0x0000000747f00000)
 Metaspace       used 28531K, capacity 28865K, committed 29312K, reserved 1077248K
  class space    used 2233K, capacity 2342K, committed 2432K, reserved 1048576K
Event: 135.330 GC heap after
Heap after GC invocations=30 (full 1):
 PSYoungGen      total 403456K, used 1920K [0x0000000795580000, 0x00000007aff80000, 0x00000007c0000000)
  eden space 374784K, 0% used [0x0000000795580000,0x0000000795580000,0x00000007ac380000)
  from space 28672K, 6% used [0x00000007ac380000,0x00000007ac560060,0x00000007adf80000)
  to   space 29184K, 0% used [0x00000007ae300000,0x00000007ae300000,0x00000007aff80000)
 ParOldGen       total 130048K, used 86049K [0x0000000740000000, 0x0000000747f00000, 0x0000000795580000)
  object space 130048K, 66% used [0x0000000740000000,0x0000000745408720,0x0000000747f00000)
 Metaspace       used 28531K, capacity 28865K, committed 29312K, reserved 1077248K
  class space    used 2233K, capacity 2342K, committed 2432K, reserved 1048576K
}

