# JRE version: Java(TM) SE Runtime Environment (8.0_251-b08) (build 1.8.0_251-b08)
# Java VM: Java HotSpot(TM) 64-Bit Server VM (25.251-b08 mixed mode bsd-amd64 compressed oops)
Heap:
 PSYoungGen      total 287232K, used 40013K [0x0000000795580000, 0x00000007a9e00000, 0x00000007c0000000)
  eden space 254464K, 9% used [0x0000000795580000,0x0000000796e55080,0x00000007a4e00000)
  from space 32768K, 44% used [0x00000007a7e00000,0x00000007a8c3e680,0x00000007a9e00000)
  to   space 40960K, 0% used [0x00000007a4e00000,0x00000007a4e00000,0x00000007a7600000)
 ParOldGen       total 130560K, used 59034K [0x0000000740000000, 0x0000000747f80000, 0x0000000795580000)
  object space 130560K, 45% used [0x0000000740000000,0x00000007439a6bd0,0x0000000747f80000)
 Metaspace       used 28008K, capacity 28351K, committed 28544K, reserved 1075200K
  class space    used 2242K, capacity 2345K, committed 2432K, reserved 1048576K
GC Heap History (10 events):
Event: 12.889 GC heap before
{Heap before GC invocations=9 (full 1):
 PSYoungGen      total 158720K, used 142004K [0x0000000795580000, 0x00000007a5480000, 0x00000007c0000000)
  eden space 114688K, 100% used [0x0000000795580000,0x000000079c580000,0x000000079c580000)
  from space 44032K, 62% used [0x000000079c580000,0x000000079e02d1d8,0x000000079f080000)
  to   space 43520K, 0% used [0x00000007a2a00000,0x00000007a2a00000,0x00000007a5480000)
 ParOldGen       total 130560K, used 43446K [0x0000000740000000, 0x0000000747f80000, 0x0000000795580000)
  object space 130560K, 33% used [0x0000000740000000,0x0000000742a6d830,0x0000000747f80000)
 Metaspace       used 27608K, capacity 27961K, committed 28288K, reserved 1075200K
  class space    used 2228K, capacity 2342K, committed 2432K, reserved 1048576K
Event: 12.905 GC heap after
Heap after GC invocations=9 (full 1):
 PSYoungGen      total 216576K, used 30208K [0x0000000795580000, 0x00000007a5880000, 0x00000007c0000000)
  eden space 173056K, 0% used [0x0000000795580000,0x0000000795580000,0x000000079fe80000)
  from space 43520K, 69% used [0x00000007a2a00000,0x00000007a47802f8,0x00000007a5480000)
  to   space 44544K, 0% used [0x000000079fe80000,0x000000079fe80000,0x00000007a2a00000)
 ParOldGen       total 130560K, used 43446K [0x0000000740000000, 0x0000000747f80000, 0x0000000795580000)
  object space 130560K, 33% used [0x0000000740000000,0x0000000742a6d830,0x0000000747f80000)
 Metaspace       used 27608K, capacity 27961K, committed 28288K, reserved 1075200K
  class space    used 2228K, capacity 2342K, committed 2432K, reserved 1048576K
}
Event: 16.106 GC heap before
{Heap before GC invocations=10 (full 1):
 PSYoungGen      total 216576K, used 203264K [0x0000000795580000, 0x00000007a5880000, 0x00000007c0000000)
  eden space 173056K, 100% used [0x0000000795580000,0x000000079fe80000,0x000000079fe80000)
  from space 43520K, 69% used [0x00000007a2a00000,0x00000007a47802f8,0x00000007a5480000)
  to   space 44544K, 0% used [0x000000079fe80000,0x000000079fe80000,0x00000007a2a00000)
 ParOldGen       total 130560K, used 43446K [0x0000000740000000, 0x0000000747f80000, 0x0000000795580000)
  object space 130560K, 33% used [0x0000000740000000,0x0000000742a6d830,0x0000000747f80000)
 Metaspace       used 27720K, capacity 28025K, committed 28288K, reserved 1075200K
  class space    used 2228K, capacity 2342K, committed 2432K, reserved 1048576K
Event: 16.118 GC heap after
Heap after GC invocations=10 (full 1):
 PSYoungGen      total 217600K, used 14521K [0x0000000795580000, 0x00000007a8500000, 0x00000007c0000000)
  eden space 173056K, 0% used [0x0000000795580000,0x0000000795580000,0x000000079fe80000)
  from space 44544K, 32% used [0x000000079fe80000,0x00000007a0cae7e0,0x00000007a2a00000)
  to   space 44032K, 0% used [0x00000007a5a00000,0x00000007a5a00000,0x00000007a8500000)
 ParOldGen       total 130560K, used 59010K [0x0000000740000000, 0x0000000747f80000, 0x0000000795580000)
  object space 130560K, 45% used [0x0000000740000000,0x00000007439a0bd0,0x0000000747f80000)
 Metaspace       used 27720K, capacity 28025K, committed 28288K, reserved 1075200K
  class space    used 2228K, capacity 2342K, committed 2432K, reserved 1048576K
}
Event: 19.649 GC heap before
{Heap before GC invocations=11 (full 1):
 PSYoungGen      total 217600K, used 187577K [0x0000000795580000, 0x00000007a8500000, 0x00000007c0000000)
  eden space 173056K, 100% used [0x0000000795580000,0x000000079fe80000,0x000000079fe80000)
  from space 44544K, 32% used [0x000000079fe80000,0x00000007a0cae7e0,0x00000007a2a00000)
  to   space 44032K, 0% used [0x00000007a5a00000,0x00000007a5a00000,0x00000007a8500000)
 ParOldGen       total 130560K, used 59010K [0x0000000740000000, 0x0000000747f80000, 0x0000000795580000)
  object space 130560K, 45% used [0x0000000740000000,0x00000007439a0bd0,0x0000000747f80000)
 Metaspace       used 27764K, capacity 28089K, committed 28288K, reserved 1075200K
  class space    used 2228K, capacity 2342K, committed 2432K, reserved 1048576K
Event: 19.656 GC heap after
Heap after GC invocations=11 (full 1):
 PSYoungGen      total 251392K, used 14571K [0x0000000795580000, 0x00000007a7c80000, 0x00000007c0000000)
  eden space 216064K, 0% used [0x0000000795580000,0x0000000795580000,0x00000007a2880000)
  from space 35328K, 41% used [0x00000007a5a00000,0x00000007a683ac38,0x00000007a7c80000)
  to   space 43008K, 0% used [0x00000007a2880000,0x00000007a2880000,0x00000007a5280000)
 ParOldGen       total 130560K, used 59018K [0x0000000740000000, 0x0000000747f80000, 0x0000000795580000)
  object space 130560K, 45% used [0x0000000740000000,0x00000007439a2bd0,0x0000000747f80000)
 Metaspace       used 27764K, capacity 28089K, committed 28288K, reserved 1075200K
  class space    used 2228K, capacity 2342K, committed 2432K, reserved 1048576K
}
Event: 24.061 GC heap before
{Heap before GC invocations=12 (full 1):
 PSYoungGen      total 251392K, used 230635K [0x0000000795580000, 0x00000007a7c80000, 0x00000007c0000000)
  eden space 216064K, 100% used [0x0000000795580000,0x00000007a2880000,0x00000007a2880000)
  from space 35328K, 41% used [0x00000007a5a00000,0x00000007a683ac38,0x00000007a7c80000)
  to   space 43008K, 0% used [0x00000007a2880000,0x00000007a2880000,0x00000007a5280000)
 ParOldGen       total 130560K, used 59018K [0x0000000740000000, 0x0000000747f80000, 0x0000000795580000)
  object space 130560K, 45% used [0x0000000740000000,0x00000007439a2bd0,0x0000000747f80000)
 Metaspace       used 27813K, capacity 28153K, committed 28544K, reserved 1075200K
  class space    used 2228K, capacity 2342K, committed 2432K, reserved 1048576K
Event: 24.065 GC heap after
Heap after GC invocations=12 (full 1):
 PSYoungGen      total 259072K, used 14539K [0x0000000795580000, 0x00000007aa700000, 0x00000007c0000000)
  eden space 216064K, 0% used [0x0000000795580000,0x0000000795580000,0x00000007a2880000)
  from space 43008K, 33% used [0x00000007a2880000,0x00000007a36b2c38,0x00000007a5280000)
  to   space 41984K, 0% used [0x00000007a7e00000,0x00000007a7e00000,0x00000007aa700000)
 ParOldGen       total 130560K, used 59026K [0x0000000740000000, 0x0000000747f80000, 0x0000000795580000)
  object space 130560K, 45% used [0x0000000740000000,0x00000007439a4bd0,0x0000000747f80000)
 Metaspace       used 27813K, capacity 28153K, committed 28544K, reserved 1075200K
  class space    used 2228K, capacity 2342K, committed 2432K, reserved 1048576K
}
Event: 28.479 GC heap before
{Heap before GC invocations=13 (full 1):
 PSYoungGen      total 259072K, used 230603K [0x0000000795580000, 0x00000007aa700000, 0x00000007c0000000)
  eden space 216064K, 100% used [0x0000000795580000,0x00000007a2880000,0x00000007a2880000)
  from space 43008K, 33% used [0x00000007a2880000,0x00000007a36b2c38,0x00000007a5280000)
  to   space 41984K, 0% used [0x00000007a7e00000,0x00000007a7e00000,0x00000007aa700000)
 ParOldGen       total 130560K, used 59026K [0x0000000740000000, 0x0000000747f80000, 0x0000000795580000)
  object space 130560K, 45% used [0x0000000740000000,0x00000007439a4bd0,0x0000000747f80000)
 Metaspace       used 27932K, capacity 28283K, committed 28544K, reserved 1075200K
  class space    used 2228K, capacity 2343K, committed 2432K, reserved 1048576K
Event: 28.486 GC heap after
Heap after GC invocations=13 (full 1):
 PSYoungGen      total 287232K, used 14585K [0x0000000795580000, 0x00000007a9e00000, 0x00000007c0000000)
  eden space 254464K, 0% used [0x0000000795580000,0x0000000795580000,0x00000007a4e00000)
  from space 32768K, 44% used [0x00000007a7e00000,0x00000007a8c3e680,0x00000007a9e00000)
  to   space 40960K, 0% used [0x00000007a4e00000,0x00000007a4e00000,0x00000007a7600000)
 ParOldGen       total 130560K, used 59034K [0x0000000740000000, 0x0000000747f80000, 0x0000000795580000)
  object space 130560K, 45% used [0x0000000740000000,0x00000007439a6bd0,0x0000000747f80000)
 Metaspace       used 27932K, capacity 28283K, committed 28544K, reserved 1075200K
  class space    used 2228K, capacity 2343K, committed 2432K, reserved 1048576K
}

